Set parameter Method to value 0
Gurobi Optimizer version 12.0.1 build v12.0.1rc0 (linux64 - "Ubuntu 24.04.1 LTS")

CPU model: Intel(R) Xeon(R) Platinum 8268 CPU @ 2.90GHz, instruction set [SSE2|AVX|AVX2|AVX512]
Thread count: 48 physical cores, 48 logical processors, using up to 1 threads

Non-default parameters:
Method  0
TSPort  61954
Threads  1

Optimize a model with 7650 rows, 8147 columns and 3809670 nonzeros
Model fingerprint: 0xc1478457
Coefficient statistics:
  Matrix range     [1e-04, 1e+00]
  Objective range  [3e-02, 1e+00]
  Bounds range     [1e+09, 1e+09]
  RHS range        [7e-03, 8e+01]
Presolve removed 0 rows and 492 columns
Presolve time: 1.35s
Presolved: 5 rows, 7654 columns, 38224 nonzeros

Iteration    Objective       Primal Inf.    Dual Inf.      Time
       0   -6.4962123e+01   3.142990e-01   2.017123e+08      1s
      89   -5.2447503e+01   0.000000e+00   0.000000e+00      2s

Solved in 89 iterations and 1.62 seconds (3.10 work units)
Optimal objective -5.244750331e+01
################################################################################
ITERATION: 0
Time: 2025-05-02 16:37:19
Parameter: [67.221,  0.   ,  0.   ,  0.   ]
################################################################################
Warning for adding constraints: zero or small (< 1e-13) coefficients, ignored
Gurobi Optimizer version 12.0.1 build v12.0.1rc0 (linux64 - "Ubuntu 24.04.1 LTS")

CPU model: Intel(R) Xeon(R) Platinum 8268 CPU @ 2.90GHz, instruction set [SSE2|AVX|AVX2|AVX512]
Thread count: 48 physical cores, 48 logical processors, using up to 1 threads

Non-default parameters:
Method  0
TSPort  61954
Threads  1

Optimize a model with 15250 rows, 8147 columns and 4108651 nonzeros
Coefficient statistics:
  Matrix range     [5e-12, 1e+00]
  Objective range  [3e-02, 1e+00]
  Bounds range     [1e+09, 1e+09]
  RHS range        [7e-03, 2e+02]
LP warm-start: use basis

Iteration    Objective       Primal Inf.    Dual Inf.      Time
       0   -5.2447503e+01   3.132548e+05   2.600753e+11      0s
    9168   -4.1626803e+03   0.000000e+00   1.724641e+04      6s
    9818   -2.6954319e+03   0.000000e+00   4.088605e+04     10s
   10498   -2.1359268e+03   0.000000e+00   6.696984e+04     15s
   11348   -1.7133823e+03   0.000000e+00   4.231031e+04     21s
   12028   -1.4599926e+03   0.000000e+00   2.509608e+04     26s
   12668   -1.2922029e+03   0.000000e+00   3.787439e+04     30s
   13438   -1.1677097e+03   0.000000e+00   5.255900e+04     36s
   14048   -1.0721600e+03   0.000000e+00   8.947006e+03     41s
   14648   -9.7887202e+02   0.000000e+00   3.206134e+04     45s
   15388   -8.7553987e+02   0.000000e+00   1.122811e+04     51s
   15988   -8.0913644e+02   0.000000e+00   1.092492e+04     55s
   16728   -7.3518777e+02   0.000000e+00   2.490096e+04     61s
   17328   -6.9095395e+02   0.000000e+00   6.886875e+03     65s
   18058   -6.4337309e+02   0.000000e+00   3.289737e+04     71s
   18658   -6.1026767e+02   0.000000e+00   2.845437e+03     75s
   19428   -5.7116480e+02   0.000000e+00   2.977400e+04     81s
   20058   -5.4367403e+02   0.000000e+00   3.217288e+04     86s
   20668   -5.2287845e+02   0.000000e+00   3.425423e+03     90s
   21398   -4.9961180e+02   0.000000e+00   2.481987e+03     96s
   21968   -4.8465838e+02   0.000000e+00   1.273262e+03    100s
   22688   -4.6914917e+02   0.000000e+00   4.748873e+03    106s
   23288   -4.5549514e+02   0.000000e+00   1.659783e+03    110s
   24028   -4.4257577e+02   0.000000e+00   3.716591e+03    116s
   24628   -4.3274694e+02   0.000000e+00   6.217859e+02    121s
   25228   -4.2324348e+02   0.000000e+00   5.263786e+02    125s
   25948   -4.1353501e+02   0.000000e+00   1.618180e+03    131s
   26638   -4.0638966e+02   0.000000e+00   3.109383e+02    136s
   27168   -4.0135160e+02   0.000000e+00   5.627438e+01    141s
   27790   -3.9832619e+02   0.000000e+00   0.000000e+00    146s

Solved in 27790 iterations and 145.51 seconds (154.95 work units)
Optimal objective -3.983261926e+02
Reduced cost: 240.61359799085224
################################################################################
ITERATION: 1
Time: 2025-05-02 16:41:23
Parameter: [  0.    , 119.5352,   0.    ,   0.    ]
################################################################################
Gurobi Optimizer version 12.0.1 build v12.0.1rc0 (linux64 - "Ubuntu 24.04.1 LTS")

CPU model: Intel(R) Xeon(R) Platinum 8268 CPU @ 2.90GHz, instruction set [SSE2|AVX|AVX2|AVX512]
Thread count: 48 physical cores, 48 logical processors, using up to 1 threads

Non-default parameters:
Method  0
TSPort  61954
Threads  1

Optimize a model with 22668 rows, 8147 columns and 4307934 nonzeros
Coefficient statistics:
  Matrix range     [4e-12, 1e+00]
  Objective range  [3e-02, 1e+00]
  Bounds range     [1e+09, 1e+09]
  RHS range        [7e-03, 2e+02]
LP warm-start: use basis

Iteration    Objective       Primal Inf.    Dual Inf.      Time
       0   -3.9832619e+02   1.970028e+05   3.424476e+11      0s
    7655   -2.1585256e+03   4.827406e+02   2.079739e+09      5s
    9145   -1.8623364e+03   2.414796e+02   6.634338e+08     10s
   10445   -1.6583748e+03   1.662436e+02   1.011823e+09     15s
   11655   -1.5172995e+03   1.269125e+02   6.847858e+08     20s
   12875   -1.4373228e+03   9.130051e+01   7.565676e+08     25s
   13775   -1.3742626e+03   6.910558e+01   6.077460e+08     31s
   14415   -1.3410773e+03   4.801505e+01   3.247076e+09     36s
   14895   -1.3055929e+03   3.479883e+01   1.803553e+09     40s
   15575   -1.2818390e+03   2.259388e+01   1.581236e+09     45s
   16255   -1.2741741e+03   1.042419e+01   1.452470e+10     51s
   16895   -1.2755129e+03   2.437544e+00   7.394946e+08     56s
   17555   -1.2287014e+03   0.000000e+00   2.119113e+04     61s
   18175   -1.1347249e+03   0.000000e+00   2.710411e+04     66s
   18775   -1.0497775e+03   0.000000e+00   1.219576e+04     71s
   19375   -9.8833298e+02   0.000000e+00   1.352713e+05     76s
   19995   -9.3315533e+02   0.000000e+00   3.523887e+04     81s
   20475   -8.9940547e+02   0.000000e+00   1.138613e+04     85s
   21105   -8.5794803e+02   0.000000e+00   2.856514e+03     90s
   21735   -8.2137843e+02   0.000000e+00   9.150681e+03     95s
   22365   -7.9090377e+02   0.000000e+00   1.388017e+04    101s
   22995   -7.6110556e+02   0.000000e+00   2.469296e+04    106s
   23635   -7.3046570e+02   0.000000e+00   3.413303e+03    111s
   24305   -7.0259353e+02   0.000000e+00   7.301560e+04    116s
   24785   -6.8640426e+02   0.000000e+00   1.789561e+04    120s
   25425   -6.6516595e+02   0.000000e+00   3.294302e+04    125s
   26065   -6.4508226e+02   0.000000e+00   1.774125e+04    130s
   26705   -6.2686570e+02   0.000000e+00   3.230135e+03    136s
   27365   -6.0784930e+02   0.000000e+00   6.411937e+03    141s
   28045   -5.8841950e+02   0.000000e+00   6.352441e+03    146s
   28545   -5.7707972e+02   0.000000e+00   7.915418e+03    150s
   29225   -5.6615682e+02   0.000000e+00   3.118267e+03    155s
   29905   -5.5621832e+02   0.000000e+00   1.227941e+04    161s
   30565   -5.4610907e+02   0.000000e+00   2.799769e+03    166s
   31235   -5.3657240e+02   0.000000e+00   1.573327e+03    171s
   31915   -5.2908333e+02   0.000000e+00   3.134322e+03    176s
   32425   -5.2338065e+02   0.000000e+00   3.351245e+03    180s
   33105   -5.1651412e+02   0.000000e+00   2.676345e+03    186s
   33815   -5.1052365e+02   0.000000e+00   2.654748e+02    191s
   34505   -5.0646985e+02   0.000000e+00   1.141798e+02    196s
   35035   -5.0387315e+02   0.000000e+00   3.637124e+02    200s
   35745   -5.0154900e+02   0.000000e+00   1.529624e+02    206s
   36425   -5.0079549e+02   0.000000e+00   2.185639e-01    211s
   36453   -5.0079489e+02   0.000000e+00   0.000000e+00    211s

Solved in 36453 iterations and 211.28 seconds (237.35 work units)
Optimal objective -5.007948869e+02
Reduced cost: 201.29530451565398
################################################################################
ITERATION: 2
Time: 2025-05-02 16:46:27
Parameter: [  0.    , 124.3279,   0.    ,   0.    ]
################################################################################
Gurobi Optimizer version 12.0.1 build v12.0.1rc0 (linux64 - "Ubuntu 24.04.1 LTS")

CPU model: Intel(R) Xeon(R) Platinum 8268 CPU @ 2.90GHz, instruction set [SSE2|AVX|AVX2|AVX512]
Thread count: 48 physical cores, 48 logical processors, using up to 1 threads

Non-default parameters:
Method  0
TSPort  61954
Threads  1

Optimize a model with 29775 rows, 8147 columns and 4501979 nonzeros
Coefficient statistics:
  Matrix range     [4e-12, 1e+00]
  Objective range  [3e-02, 1e+00]
  Bounds range     [1e+09, 1e+09]
  RHS range        [7e-03, 2e+02]
LP warm-start: use basis

Iteration    Objective       Primal Inf.    Dual Inf.      Time
       0   -5.0079489e+02   1.854610e+05   2.733883e+11      0s
    8546   -2.4085558e+03   8.495453e+02   2.478372e+09      5s
   10296   -2.1943998e+03   1.883558e+02   8.432806e+08     11s
   11386   -2.0635152e+03   8.561050e+01   5.067552e+08     15s
   12536   -1.9508808e+03   5.825959e+01   1.171322e+09     21s
   13386   -1.8648031e+03   4.215430e+01   4.860060e+08     25s
   14386   -1.7774851e+03   2.685914e+01   5.192715e+08     30s
   15286   -1.7085974e+03   1.570870e+01   6.263834e+08     36s
   16186   -1.6617268e+03   1.104174e+01   2.086547e+08     41s
   17096   -1.6210122e+03   7.579859e+00   4.075593e+08     46s
   17996   -1.5909352e+03   5.046084e+00   1.457899e+08     50s
   18656   -1.5599304e+03   1.982734e+00   4.399780e+09     55s
   19276   -1.5064096e+03   0.000000e+00   1.165339e+04     61s
   19906   -1.3851077e+03   0.000000e+00   3.711977e+04     66s
   20386   -1.3178877e+03   0.000000e+00   1.708234e+05     70s
   21006   -1.2410778e+03   0.000000e+00   3.791291e+04     75s
   21606   -1.1827621e+03   0.000000e+00   1.591911e+04     81s
   22206   -1.1260734e+03   0.000000e+00   2.379680e+04     86s
   22806   -1.0802823e+03   0.000000e+00   1.359723e+04     91s
   23406   -1.0402530e+03   0.000000e+00   9.505853e+03     96s
   24006   -1.0083577e+03   0.000000e+00   5.670729e+04    101s
   24606   -9.7661771e+02   0.000000e+00   9.233376e+03    106s
   25056   -9.5571130e+02   0.000000e+00   4.386929e+04    110s
   25656   -9.2904929e+02   0.000000e+00   6.033777e+04    115s
   26256   -9.0422893e+02   0.000000e+00   1.558567e+04    120s
   26856   -8.8491859e+02   0.000000e+00   3.562271e+04    125s
   27456   -8.6446423e+02   0.000000e+00   5.378186e+04    130s
   28056   -8.4867497e+02   0.000000e+00   2.464128e+04    135s
   28656   -8.3138954e+02   0.000000e+00   8.938825e+03    140s
   29256   -8.1583929e+02   0.000000e+00   1.529345e+04    145s
   29856   -8.0149728e+02   0.000000e+00   1.406246e+04    150s
   30456   -7.8940908e+02   0.000000e+00   6.519971e+03    155s
   31056   -7.7647645e+02   0.000000e+00   9.947872e+03    160s
   31656   -7.6684762e+02   0.000000e+00   8.042018e+03    165s
   32256   -7.5580796e+02   0.000000e+00   1.778157e+04    170s
   32856   -7.4694484e+02   0.000000e+00   6.479914e+03    175s
   33456   -7.3521213e+02   0.000000e+00   2.056495e+04    180s
   34086   -7.2626802e+02   0.000000e+00   2.223747e+04    186s
   34696   -7.1860105e+02   0.000000e+00   1.297877e+03    191s
   35326   -7.1136593e+02   0.000000e+00   1.317307e+03    196s
   35806   -7.0596800e+02   0.000000e+00   4.085879e+03    200s
   36446   -6.9977394e+02   0.000000e+00   2.221529e+03    205s
   37086   -6.9217653e+02   0.000000e+00   4.802762e+03    211s
   37726   -6.8630483e+02   0.000000e+00   1.971412e+03    216s
   38366   -6.8122756e+02   0.000000e+00   1.887827e+03    221s
   38846   -6.7822521e+02   0.000000e+00   9.574574e+03    225s
   39496   -6.7492371e+02   0.000000e+00   6.404481e+03    230s
   40136   -6.7141556e+02   0.000000e+00   3.154233e+02    236s
   40786   -6.6838126e+02   0.000000e+00   4.421995e+02    241s
   41436   -6.6617991e+02   0.000000e+00   1.193424e+03    246s
   41936   -6.6460625e+02   0.000000e+00   2.495765e+03    250s
   42616   -6.6265913e+02   0.000000e+00   1.184683e+03    256s
   43296   -6.6115209e+02   0.000000e+00   3.540084e+03    261s
   43796   -6.6052794e+02   0.000000e+00   4.489889e+02    265s
   44476   -6.5996745e+02   0.000000e+00   4.786209e+01    271s
   45050   -6.5983104e+02   0.000000e+00   0.000000e+00    275s

Solved in 45050 iterations and 275.26 seconds (379.11 work units)
Optimal objective -6.598310442e+02
Reduced cost: 175.49166989011653
################################################################################
ITERATION: 3
Time: 2025-05-02 16:52:31
Parameter: [  0.    , 166.9696,   0.    ,   0.    ]
################################################################################
Gurobi Optimizer version 12.0.1 build v12.0.1rc0 (linux64 - "Ubuntu 24.04.1 LTS")

CPU model: Intel(R) Xeon(R) Platinum 8268 CPU @ 2.90GHz, instruction set [SSE2|AVX|AVX2|AVX512]
Thread count: 48 physical cores, 48 logical processors, using up to 1 threads

Non-default parameters:
Method  0
TSPort  61954
Threads  1

Optimize a model with 36247 rows, 8147 columns and 4633721 nonzeros
Coefficient statistics:
  Matrix range     [4e-12, 1e+00]
  Objective range  [3e-02, 1e+00]
  Bounds range     [1e+09, 1e+09]
  RHS range        [7e-03, 2e+02]
LP warm-start: use basis

Iteration    Objective       Primal Inf.    Dual Inf.      Time
       0   -6.5983104e+02   1.151156e+05   2.677752e+11      0s
    8720   -2.4240809e+03   2.056977e+03   3.844199e+09      5s
   11160   -2.0990719e+03   6.320591e+02   1.488677e+09     10s
   12670   -1.9988703e+03   2.295117e+02   1.283799e+09     15s
   13750   -1.9238161e+03   9.873495e+01   6.399447e+08     20s
   14780   -1.8720130e+03   7.447637e+01   4.268355e+08     25s
   15670   -1.8316667e+03   6.094266e+01   5.108361e+08     30s
   16590   -1.8137849e+03   4.568481e+01   5.595330e+08     35s
   17640   -1.7964674e+03   3.100383e+01   3.827568e+08     41s
   18460   -1.7737424e+03   2.231686e+01   1.511262e+09     46s
   19310   -1.7578228e+03   1.701079e+01   5.058246e+08     50s
   20130   -1.7541251e+03   1.165342e+01   5.936794e+08     55s
   20940   -1.7299804e+03   7.222366e+00   2.086837e+09     61s
   21740   -1.7039195e+03   3.574391e+00   5.017768e+08     66s
   22540   -1.6827168e+03   1.118413e+00   4.601379e+08     71s
   23180   -1.6686177e+03   0.000000e+00   9.445172e+03     75s
   23980   -1.6164443e+03   0.000000e+00   6.933165e+03     80s
   24800   -1.5541933e+03   0.000000e+00   9.698318e+03     86s
   25630   -1.5077804e+03   0.000000e+00   6.426665e+03     91s
   26280   -1.4615195e+03   0.000000e+00   4.694091e+03     95s
   27130   -1.4278816e+03   0.000000e+00   2.997590e+03    100s
   27960   -1.3889432e+03   0.000000e+00   3.197843e+03    106s
   28810   -1.3551658e+03   0.000000e+00   3.659273e+03    111s
   29480   -1.3290721e+03   0.000000e+00   5.805553e+03    115s
   30320   -1.3048228e+03   0.000000e+00   3.188805e+03    121s
   30940   -1.2612255e+03   0.000000e+00   2.559833e+04    125s
   31540   -1.1996303e+03   0.000000e+00   1.394933e+04    130s
   32140   -1.1528906e+03   0.000000e+00   1.434064e+04    136s
   32780   -1.1136940e+03   0.000000e+00   4.096687e+04    141s
   33420   -1.0807651e+03   0.000000e+00   7.961546e+03    146s
   33900   -1.0586003e+03   0.000000e+00   2.594308e+04    150s
   34540   -1.0300787e+03   0.000000e+00   3.500715e+04    155s
   35180   -1.0068327e+03   0.000000e+00   9.946635e+03    161s
   35820   -9.8184214e+02   0.000000e+00   2.291477e+03    166s
   36300   -9.6636550e+02   0.000000e+00   1.677015e+04    170s
   36950   -9.4514584e+02   0.000000e+00   2.056299e+04    176s
   37590   -9.2663210e+02   0.000000e+00   8.983349e+03    181s
   38070   -9.1597304e+02   0.000000e+00   2.757081e+04    185s
   38710   -9.0113923e+02   0.000000e+00   1.187512e+04    191s
   39350   -8.8803087e+02   0.000000e+00   1.028480e+04    196s
   39830   -8.7872647e+02   0.000000e+00   5.206142e+04    200s
   40470   -8.6969814e+02   0.000000e+00   1.727234e+04    206s
   41110   -8.5777486e+02   0.000000e+00   1.761649e+04    211s
   41590   -8.4861881e+02   0.000000e+00   9.822474e+03    215s
   42230   -8.3896815e+02   0.000000e+00   1.688484e+03    220s
   42870   -8.2919924e+02   0.000000e+00   2.115795e+03    226s
   43520   -8.2081815e+02   0.000000e+00   7.298548e+03    231s
   44020   -8.1602313e+02   0.000000e+00   1.073610e+03    235s
   44660   -8.0898558e+02   0.000000e+00   4.384504e+04    241s
   45310   -8.0340532e+02   0.000000e+00   3.962279e+03    246s
   45820   -7.9888812e+02   0.000000e+00   1.384981e+03    250s
   46490   -7.9466711e+02   0.000000e+00   4.777489e+03    256s
   47000   -7.9070264e+02   0.000000e+00   4.865909e+03    260s
   47680   -7.8601264e+02   0.000000e+00   1.486656e+04    266s
   48350   -7.8178499e+02   0.000000e+00   1.985563e+03    271s
   48840   -7.7892562e+02   0.000000e+00   1.253224e+03    275s
   49510   -7.7575287e+02   0.000000e+00   5.615140e+03    281s
   50020   -7.7344677e+02   0.000000e+00   6.251885e+03    285s
   50700   -7.7061934e+02   0.000000e+00   8.454449e+02    291s
   51380   -7.6820648e+02   0.000000e+00   1.343668e+03    296s
   51890   -7.6659215e+02   0.000000e+00   1.883527e+02    301s
   52570   -7.6486471e+02   0.000000e+00   9.060365e+02    306s
   53080   -7.6375576e+02   0.000000e+00   7.066335e+02    310s
   53760   -7.6267005e+02   0.000000e+00   1.944047e+02    316s
   54270   -7.6208910e+02   0.000000e+00   1.010251e+03    320s
   54950   -7.6160538e+02   0.000000e+00   3.722455e+02    326s
   55610   -7.6137143e+02   0.000000e+00   5.138850e+01    331s
   56090   -7.6129005e+02   0.000000e+00   2.895446e+00    335s
   56164   -7.6128862e+02   0.000000e+00   0.000000e+00    336s

Solved in 56164 iterations and 336.21 seconds (514.42 work units)
Optimal objective -7.612886231e+02
Reduced cost: 138.90272224459025
################################################################################
ITERATION: 4
Time: 2025-05-02 17:00:43
Parameter: [  0.    , 303.1208,   0.    ,   0.    ]
################################################################################
Gurobi Optimizer version 12.0.1 build v12.0.1rc0 (linux64 - "Ubuntu 24.04.1 LTS")

CPU model: Intel(R) Xeon(R) Platinum 8268 CPU @ 2.90GHz, instruction set [SSE2|AVX|AVX2|AVX512]
Thread count: 48 physical cores, 48 logical processors, using up to 1 threads

Non-default parameters:
Method  0
TSPort  61954
Threads  1

Optimize a model with 42155 rows, 8147 columns and 4748022 nonzeros
Coefficient statistics:
  Matrix range     [4e-12, 1e+00]
  Objective range  [3e-02, 1e+00]
  Bounds range     [1e+09, 1e+09]
  RHS range        [7e-03, 2e+02]
LP warm-start: use basis

Iteration    Objective       Primal Inf.    Dual Inf.      Time
       0   -7.6128862e+02   1.000954e+05   4.957629e+11      0s
    8254   -2.6960581e+03   2.495065e+03   4.039361e+09      6s
   10554   -2.3192869e+03   1.034964e+03   3.664243e+09     11s
   12254   -2.1519993e+03   3.674450e+02   1.434777e+09     15s
   13724   -2.0290631e+03   1.361472e+02   9.068605e+08     21s
   14644   -1.9876524e+03   3.924488e+01   5.828273e+08     25s
   15574   -1.9425580e+03   2.494882e+01   3.592991e+08     31s
   16274   -1.9160008e+03   1.842050e+01   5.280771e+08     35s
   17074   -1.8875551e+03   1.392663e+01   1.281442e+10     41s
   17744   -1.8516443e+03   1.077729e+01   8.323991e+08     45s
   18424   -1.8194019e+03   7.118415e+00   1.703359e+09     50s
   19254   -1.8130092e+03   4.263244e+00   7.088111e+08     56s
   19924   -1.8011323e+03   2.784065e+00   6.907269e+08     60s
   20744   -1.7891112e+03   9.353259e-01   5.089793e+08     66s
   21384   -1.7830026e+03   0.000000e+00   9.273455e+03     71s
   22024   -1.7481447e+03   0.000000e+00   1.827193e+04     75s
   22854   -1.6870938e+03   0.000000e+00   7.110349e+03     81s
   23534   -1.6525821e+03   0.000000e+00   2.242382e+04     85s
   24214   -1.6160536e+03   0.000000e+00   6.361517e+03     90s
   25044   -1.5691211e+03   0.000000e+00   4.076651e+04     96s
   25684   -1.5313974e+03   0.000000e+00   5.614026e+03    100s
   26504   -1.4982530e+03   0.000000e+00   1.091248e+04    106s
   27144   -1.4613486e+03   0.000000e+00   2.207458e+04    111s
   27784   -1.4277848e+03   0.000000e+00   6.590738e+03    116s
   28444   -1.4040159e+03   0.000000e+00   9.641431e+03    120s
   29124   -1.3830762e+03   0.000000e+00   8.456064e+03    125s
   29924   -1.3565382e+03   0.000000e+00   5.546865e+03    131s
   30574   -1.3387885e+03   0.000000e+00   1.216565e+04    136s
   31214   -1.3193779e+03   0.000000e+00   2.551982e+04    141s
   31884   -1.3011351e+03   0.000000e+00   1.242263e+05    145s
   32544   -1.2863829e+03   0.000000e+00   1.714377e+03    150s
   33214   -1.2674335e+03   0.000000e+00   2.176545e+03    155s
   33864   -1.2516410e+03   0.000000e+00   4.724008e+03    160s
   34514   -1.2370630e+03   0.000000e+00   3.629543e+03    165s
   35164   -1.2231406e+03   0.000000e+00   4.922883e+03    170s
   35964   -1.2139716e+03   0.000000e+00   2.569996e+03    176s
   36604   -1.2068918e+03   0.000000e+00   5.749662e+04    181s
   37244   -1.1965105e+03   0.000000e+00   4.204963e+03    186s
   37884   -1.1881207e+03   0.000000e+00   2.608502e+03    191s
   38524   -1.1746678e+03   0.000000e+00   4.336992e+03    196s
   39164   -1.1664604e+03   0.000000e+00   1.825851e+03    201s
   39804   -1.1590899e+03   0.000000e+00   4.446153e+03    206s
   40454   -1.1532474e+03   0.000000e+00   1.948825e+04    211s
   41094   -1.1466076e+03   0.000000e+00   4.677673e+03    215s
   41734   -1.1397941e+03   0.000000e+00   4.643067e+03    221s
   42374   -1.1303135e+03   0.000000e+00   1.474374e+03    226s
   43054   -1.1235450e+03   0.000000e+00   2.326648e+03    231s
   43734   -1.1168738e+03   0.000000e+00   4.141091e+03    236s
   44344   -1.1025478e+03   0.000000e+00   5.260221e+04    241s
   44794   -1.0923346e+03   0.000000e+00   6.049634e+04    245s
   45394   -1.0767565e+03   0.000000e+00   8.853825e+03    251s
   45854   -1.0625805e+03   0.000000e+00   1.004030e+04    255s
   46484   -1.0496257e+03   0.000000e+00   7.227694e+03    261s
   47084   -1.0349208e+03   0.000000e+00   2.623782e+03    266s
   47544   -1.0244669e+03   0.000000e+00   8.047007e+03    270s
   48184   -1.0117045e+03   0.000000e+00   9.967669e+03    276s
   48664   -1.0015021e+03   0.000000e+00   6.506466e+03    280s
   49294   -9.9007672e+02   0.000000e+00   3.533629e+03    286s
   49774   -9.8306722e+02   0.000000e+00   1.273633e+04    290s
   50414   -9.7250528e+02   0.000000e+00   1.174353e+04    296s
   50884   -9.6532106e+02   0.000000e+00   6.138672e+03    300s
   51504   -9.5614404e+02   0.000000e+00   5.351155e+03    306s
   52134   -9.4690759e+02   0.000000e+00   1.786413e+04    311s
   52614   -9.4067020e+02   0.000000e+00   9.558590e+03    316s
   53254   -9.3435623e+02   0.000000e+00   5.754449e+03    321s
   53734   -9.2951117e+02   0.000000e+00   3.635254e+03    326s
   54374   -9.2272857e+02   0.000000e+00   2.061047e+04    331s
   54854   -9.1855153e+02   0.000000e+00   1.778087e+03    336s
   55494   -9.1351068e+02   0.000000e+00   9.224341e+03    341s
   55974   -9.0993670e+02   0.000000e+00   3.249895e+03    346s
   56614   -9.0563094e+02   0.000000e+00   4.213970e+03    351s
   57084   -9.0264037e+02   0.000000e+00   1.928036e+04    355s
   57714   -8.9950578e+02   0.000000e+00   3.264808e+03    361s
   58194   -8.9656640e+02   0.000000e+00   6.457594e+03    365s
   58834   -8.9322148e+02   0.000000e+00   4.704439e+03    371s
   59314   -8.9085326e+02   0.000000e+00   4.194107e+03    375s
   59954   -8.8817202e+02   0.000000e+00   2.511091e+03    381s
   60434   -8.8567959e+02   0.000000e+00   8.238858e+03    385s
   61074   -8.8236745e+02   0.000000e+00   8.914429e+02    391s
   61554   -8.8034331e+02   0.000000e+00   2.675848e+04    395s
   62214   -8.7806589e+02   0.000000e+00   3.819115e+03    401s
   62854   -8.7616853e+02   0.000000e+00   2.319282e+03    406s
   63334   -8.7493138e+02   0.000000e+00   3.014346e+03    410s
   63974   -8.7345735e+02   0.000000e+00   1.256216e+03    416s
   64464   -8.7233116e+02   0.000000e+00   1.162685e+03    420s
   65104   -8.7105313e+02   0.000000e+00   4.330109e+03    426s
   65584   -8.7012302e+02   0.000000e+00   5.553061e+02    430s
   66234   -8.6885949e+02   0.000000e+00   7.561377e+02    436s
   66874   -8.6784958e+02   0.000000e+00   1.790218e+03    441s
   67354   -8.6719308e+02   0.000000e+00   1.039962e+02    445s
   67994   -8.6650109e+02   0.000000e+00   2.835459e+02    451s
   68474   -8.6617098e+02   0.000000e+00   3.250725e+02    455s
   69114   -8.6585892e+02   0.000000e+00   9.618375e+01    461s
   69754   -8.6563667e+02   0.000000e+00   9.594997e+02    466s
   70234   -8.6555412e+02   0.000000e+00   1.932154e+01    471s
   70643   -8.6553375e+02   0.000000e+00   0.000000e+00    475s

Solved in 70643 iterations and 474.50 seconds (769.53 work units)
Optimal objective -8.655337501e+02
Reduced cost: 147.88328099627927
################################################################################
ITERATION: 5
Time: 2025-05-02 17:10:29
Parameter: [  0.    , 474.3153,   0.    ,   0.    ]
################################################################################
Gurobi Optimizer version 12.0.1 build v12.0.1rc0 (linux64 - "Ubuntu 24.04.1 LTS")

CPU model: Intel(R) Xeon(R) Platinum 8268 CPU @ 2.90GHz, instruction set [SSE2|AVX|AVX2|AVX512]
Thread count: 48 physical cores, 48 logical processors, using up to 1 threads

Non-default parameters:
Method  0
TSPort  61954
Threads  1

Optimize a model with 39688 rows, 8147 columns and 1038053 nonzeros
Coefficient statistics:
  Matrix range     [4e-12, 1e+00]
  Objective range  [3e-02, 1e+00]
  Bounds range     [1e+09, 1e+09]
  RHS range        [2e-02, 2e+02]
LP warm-start: use basis

Iteration    Objective       Primal Inf.    Dual Inf.      Time
       0   -8.6553375e+02   7.575658e+04   7.262926e+11      0s
   10521   -1.4556886e+03   2.818683e+02   1.688143e+09      5s
   13512   -1.4025355e+03   5.358623e+01   1.082372e+09     10s
   15602   -1.3749693e+03   2.263490e+01   3.166023e+08     15s
   17402   -1.3649028e+03   1.189086e+01   3.155981e+08     20s
   19262   -1.3549571e+03   6.947380e+00   4.236923e+08     25s
   21142   -1.3551323e+03   2.546562e+00   9.031648e+08     30s
   23072   -1.3369294e+03   0.000000e+00   4.134594e+03     35s
   25132   -1.2956596e+03   0.000000e+00   1.075852e+04     40s
   27072   -1.2613464e+03   0.000000e+00   4.539233e+03     45s
   29172   -1.2140588e+03   0.000000e+00   9.553816e+03     50s
   31122   -1.1846668e+03   0.000000e+00   1.546069e+04     55s
   33072   -1.1635820e+03   0.000000e+00   3.734332e+03     60s
   35192   -1.1377523e+03   0.000000e+00   5.638057e+03     65s
   37142   -1.1193590e+03   0.000000e+00   1.738584e+03     70s
   39142   -1.1000183e+03   0.000000e+00   2.069616e+03     75s
   40812   -1.0653970e+03   0.000000e+00   6.511134e+04     80s
   42522   -1.0351086e+03   0.000000e+00   1.594611e+04     85s
   44122   -1.0122233e+03   0.000000e+00   1.961501e+04     90s
   45682   -9.9286995e+02   0.000000e+00   5.254375e+04     95s
   47332   -9.8020723e+02   0.000000e+00   1.217935e+04    100s
   49012   -9.6950251e+02   0.000000e+00   5.327641e+03    105s
   50712   -9.6064423e+02   0.000000e+00   2.427338e+04    110s
   52362   -9.5443971e+02   0.000000e+00   4.758844e+03    115s
   54042   -9.4901435e+02   0.000000e+00   1.095965e+03    120s
   55642   -9.4637225e+02   0.000000e+00   6.641806e+02    125s
   57362   -9.4462574e+02   0.000000e+00   3.959686e+02    130s
   59022   -9.4377947e+02   0.000000e+00   1.267943e+02    135s
   60134   -9.4364692e+02   0.000000e+00   0.000000e+00    139s

Solved in 60134 iterations and 138.70 seconds (208.09 work units)
Optimal objective -9.436469217e+02
Reduced cost: 141.35954425877048
################################################################################
ITERATION: 6
Time: 2025-05-02 17:14:14
Parameter: [  0.   , 419.495,   0.   ,   0.   ]
################################################################################
Gurobi Optimizer version 12.0.1 build v12.0.1rc0 (linux64 - "Ubuntu 24.04.1 LTS")

CPU model: Intel(R) Xeon(R) Platinum 8268 CPU @ 2.90GHz, instruction set [SSE2|AVX|AVX2|AVX512]
Thread count: 48 physical cores, 48 logical processors, using up to 1 threads

Non-default parameters:
Method  0
TSPort  61954
Threads  1

Optimize a model with 37657 rows, 8147 columns and 828950 nonzeros
Coefficient statistics:
  Matrix range     [4e-12, 1e+00]
  Objective range  [3e-02, 1e+00]
  Bounds range     [1e+09, 1e+09]
  RHS range        [2e-01, 2e+02]
LP warm-start: use basis

Iteration    Objective       Primal Inf.    Dual Inf.      Time
       0   -9.4364692e+02   5.345275e+04   1.265026e+12      0s
   10621   -1.5163231e+03   1.466351e+02   9.187163e+08      5s
   13441   -1.4889853e+03   2.957630e+01   6.318745e+08     10s
   15731   -1.4627594e+03   1.474704e+01   4.639998e+08     15s
   18051   -1.4523510e+03   6.752235e+00   1.406431e+10     20s
   20291   -1.4627199e+03   1.788816e+00   6.445584e+08     25s
   22531   -1.4316822e+03   0.000000e+00   1.899401e+04     30s
   24901   -1.3620018e+03   0.000000e+00   3.782452e+03     35s
   27241   -1.3211491e+03   0.000000e+00   2.491286e+04     40s
   29591   -1.2845109e+03   0.000000e+00   1.579631e+03     45s
   31901   -1.2493066e+03   0.000000e+00   2.079773e+03     50s
   34311   -1.2251753e+03   0.000000e+00   2.720415e+03     55s
   36331   -1.1732823e+03   0.000000e+00   4.512232e+04     60s
   38141   -1.1357209e+03   0.000000e+00   9.307891e+03     65s
   39951   -1.1043481e+03   0.000000e+00   1.338479e+04     70s
   41871   -1.0821580e+03   0.000000e+00   6.706133e+03     75s
   43601   -1.0665036e+03   0.000000e+00   1.937965e+04     80s
   45461   -1.0503267e+03   0.000000e+00   2.605577e+03     85s
   47211   -1.0408571e+03   0.000000e+00   2.971378e+03     90s
   48971   -1.0343085e+03   0.000000e+00   7.558495e+03     95s
   50841   -1.0300089e+03   0.000000e+00   1.487781e+03    100s
   52601   -1.0270084e+03   0.000000e+00   8.431356e+02    105s
   54361   -1.0249344e+03   0.000000e+00   1.219711e+03    110s
   56231   -1.0235810e+03   0.000000e+00   1.319288e+03    115s
   57911   -1.0232729e+03   0.000000e+00   5.767181e+00    120s
   58072   -1.0232713e+03   0.000000e+00   0.000000e+00    121s

Solved in 58072 iterations and 120.52 seconds (180.12 work units)
Optimal objective -1.023271266e+03
Reduced cost: 114.29826801816202
################################################################################
ITERATION: 7
Time: 2025-05-02 20:43:19
Parameter: [ 14.9359, 865.0795,   0.    ,   0.    ]
################################################################################
Gurobi Optimizer version 12.0.1 build v12.0.1rc0 (linux64 - "Ubuntu 24.04.1 LTS")

CPU model: Intel(R) Xeon(R) Platinum 8268 CPU @ 2.90GHz, instruction set [SSE2|AVX|AVX2|AVX512]
Thread count: 48 physical cores, 48 logical processors, using up to 1 threads

Non-default parameters:
Method  0
TSPort  61954
Threads  1

Optimize a model with 35582 rows, 8147 columns and 693033 nonzeros
Coefficient statistics:
  Matrix range     [4e-12, 1e+00]
  Objective range  [3e-02, 1e+00]
  Bounds range     [1e+09, 1e+09]
  RHS range        [2e-01, 2e+02]
LP warm-start: use basis

Iteration    Objective       Primal Inf.    Dual Inf.      Time
       0   -1.0232713e+03   4.817041e+04   7.715718e+11      0s
   10515   -1.3794589e+03   1.217575e+01   3.315964e+08      5s
   13485   -1.3516009e+03   5.374980e+00   2.733637e+08     10s
   16545   -1.3390989e+03   0.000000e+00   1.895946e+04     15s
   20025   -1.2901496e+03   0.000000e+00   1.903591e+03     20s
   23405   -1.2474960e+03   0.000000e+00   1.380305e+04     25s
   26885   -1.2204125e+03   0.000000e+00   1.210598e+04     30s
   30375   -1.2006720e+03   0.000000e+00   3.705372e+03     35s
   33225   -1.1504949e+03   0.000000e+00   7.871078e+03     40s
   36095   -1.1171121e+03   0.000000e+00   3.387125e+04     45s
   38905   -1.0969985e+03   0.000000e+00   2.529694e+03     50s
   41745   -1.0847392e+03   0.000000e+00   4.282094e+03     55s
   44455   -1.0779803e+03   0.000000e+00   1.027737e+03     60s
   47295   -1.0745387e+03   0.000000e+00   2.015780e+03     65s
   50045   -1.0737737e+03   0.000000e+00   6.352756e+00     70s
   50088   -1.0737736e+03   0.000000e+00   0.000000e+00     70s

Solved in 50088 iterations and 70.19 seconds (137.75 work units)
Optimal objective -1.073773612e+03
Reduced cost: 105.02290529729125
################################################################################
ITERATION: 8
Time: 2025-05-02 20:45:58
Parameter: [119.6909, 580.6202,   0.    ,   0.    ]
################################################################################
Gurobi Optimizer version 12.0.1 build v12.0.1rc0 (linux64 - "Ubuntu 24.04.1 LTS")

CPU model: Intel(R) Xeon(R) Platinum 8268 CPU @ 2.90GHz, instruction set [SSE2|AVX|AVX2|AVX512]
Thread count: 48 physical cores, 48 logical processors, using up to 1 threads

Non-default parameters:
Method  0
TSPort  61954
Threads  1

Optimize a model with 32568 rows, 8147 columns and 551914 nonzeros
Coefficient statistics:
  Matrix range     [3e-12, 1e+00]
  Objective range  [3e-02, 1e+00]
  Bounds range     [1e+09, 1e+09]
  RHS range        [1e-01, 2e+02]
LP warm-start: use basis

Iteration    Objective       Primal Inf.    Dual Inf.      Time
       0   -1.0737736e+03   2.175655e+04   1.443802e+12      0s
    9954   -1.2836887e+03   0.000000e+00   5.298989e+03      5s
   13924   -1.2574664e+03   0.000000e+00   2.418929e+04     10s
   18044   -1.2301112e+03   0.000000e+00   2.439949e+03     15s
   22194   -1.2104382e+03   0.000000e+00   1.805535e+03     20s
   26064   -1.1806382e+03   0.000000e+00   1.224071e+04     25s
   29564   -1.1452850e+03   0.000000e+00   1.442500e+04     30s
   33034   -1.1310698e+03   0.000000e+00   3.186804e+03     35s
   36334   -1.1234128e+03   0.000000e+00   5.406758e+03     40s
   39634   -1.1206984e+03   0.000000e+00   8.910389e+02     45s
   41509   -1.1204189e+03   0.000000e+00   0.000000e+00     48s

Solved in 41509 iterations and 47.88 seconds (96.40 work units)
Optimal objective -1.120418887e+03
Reduced cost: 59.79853861206531
################################################################################
ITERATION: 9
Time: 2025-05-02 20:48:10
Parameter: [186.2145, 556.4443,   0.    ,   0.    ]
################################################################################
Gurobi Optimizer version 12.0.1 build v12.0.1rc0 (linux64 - "Ubuntu 24.04.1 LTS")

CPU model: Intel(R) Xeon(R) Platinum 8268 CPU @ 2.90GHz, instruction set [SSE2|AVX|AVX2|AVX512]
Thread count: 48 physical cores, 48 logical processors, using up to 1 threads

Non-default parameters:
Method  0
TSPort  61954
Threads  1

Optimize a model with 30102 rows, 8147 columns and 455671 nonzeros
Coefficient statistics:
  Matrix range     [3e-12, 1e+00]
  Objective range  [3e-02, 1e+00]
  Bounds range     [1e+09, 1e+09]
  RHS range        [9e-02, 1e+02]
LP warm-start: use basis

Iteration    Objective       Primal Inf.    Dual Inf.      Time
       0   -1.1204189e+03   1.250102e+04   4.503172e+11      0s
   10140   -1.2597277e+03   2.457317e-01   3.657212e+08      5s
   14760   -1.2353341e+03   0.000000e+00   7.304249e+03     10s
   19620   -1.2156380e+03   0.000000e+00   1.213312e+03     15s
   23990   -1.1858312e+03   0.000000e+00   1.075907e+04     20s
   27950   -1.1707775e+03   0.000000e+00   1.047069e+03     25s
   31750   -1.1656041e+03   0.000000e+00   1.130685e+03     30s
   35710   -1.1634755e+03   0.000000e+00   2.979658e+01     35s
   36346   -1.1634485e+03   0.000000e+00   0.000000e+00     36s

Solved in 36346 iterations and 35.94 seconds (71.71 work units)
Optimal objective -1.163448476e+03
Reduced cost: 52.89587265846954
################################################################################
ITERATION: 10
Time: 2025-05-02 20:50:14
Parameter: [242.451 , 672.5675,   0.    ,   0.    ]
################################################################################
Gurobi Optimizer version 12.0.1 build v12.0.1rc0 (linux64 - "Ubuntu 24.04.1 LTS")

CPU model: Intel(R) Xeon(R) Platinum 8268 CPU @ 2.90GHz, instruction set [SSE2|AVX|AVX2|AVX512]
Thread count: 48 physical cores, 48 logical processors, using up to 1 threads

Non-default parameters:
Method  0
TSPort  61954
Threads  1

Optimize a model with 27411 rows, 8147 columns and 370435 nonzeros
Coefficient statistics:
  Matrix range     [3e-12, 1e+00]
  Objective range  [3e-02, 1e+00]
  Bounds range     [1e+09, 1e+09]
  RHS range        [1e-02, 1e+02]
LP warm-start: use basis

Iteration    Objective       Primal Inf.    Dual Inf.      Time
       0   -1.1634485e+03   6.413118e+03   1.663234e+11      0s
    9936   -1.2169505e+03   0.000000e+00   6.407303e+02      5s
   15707   -1.2033703e+03   0.000000e+00   4.822750e+02     10s
   20650   -1.1926222e+03   0.000000e+00   9.892333e+02     15s
   24067   -1.1909760e+03   0.000000e+00   0.000000e+00     19s

Solved in 24067 iterations and 18.71 seconds (37.58 work units)
Optimal objective -1.190975966e+03
Reduced cost: 37.058042623185514
################################################################################
ITERATION: 11
Time: 2025-05-02 20:51:56
Parameter: [231.599 , 457.7123,   0.    ,   0.    ]
################################################################################
Gurobi Optimizer version 12.0.1 build v12.0.1rc0 (linux64 - "Ubuntu 24.04.1 LTS")

CPU model: Intel(R) Xeon(R) Platinum 8268 CPU @ 2.90GHz, instruction set [SSE2|AVX|AVX2|AVX512]
Thread count: 48 physical cores, 48 logical processors, using up to 1 threads

Non-default parameters:
Method  0
TSPort  61954
Threads  1

Optimize a model with 24708 rows, 8147 columns and 307294 nonzeros
Coefficient statistics:
  Matrix range     [3e-12, 1e+00]
  Objective range  [3e-02, 1e+00]
  Bounds range     [1e+09, 1e+09]
  RHS range        [1e-02, 1e+02]
LP warm-start: use basis

Iteration    Objective       Primal Inf.    Dual Inf.      Time
       0   -1.1909760e+03   5.212190e+03   1.188490e+12      0s
    9881   -1.2317124e+03   0.000000e+00   1.286859e+04      5s
   15898   -1.2186966e+03   0.000000e+00   1.601860e+03     10s
   19485   -1.2163335e+03   0.000000e+00   0.000000e+00     13s

Solved in 19485 iterations and 13.47 seconds (26.65 work units)
Optimal objective -1.216333495e+03
Reduced cost: 33.21551349321951
################################################################################
ITERATION: 12
Time: 2025-05-02 20:53:32
Parameter: [200.4675, 567.8153,   0.    ,   0.    ]
################################################################################
Gurobi Optimizer version 12.0.1 build v12.0.1rc0 (linux64 - "Ubuntu 24.04.1 LTS")

CPU model: Intel(R) Xeon(R) Platinum 8268 CPU @ 2.90GHz, instruction set [SSE2|AVX|AVX2|AVX512]
Thread count: 48 physical cores, 48 logical processors, using up to 1 threads

Non-default parameters:
Method  0
TSPort  61954
Threads  1

Optimize a model with 21953 rows, 8147 columns and 253272 nonzeros
Coefficient statistics:
  Matrix range     [3e-12, 1e+00]
  Objective range  [3e-02, 1e+00]
  Bounds range     [1e+09, 1e+09]
  RHS range        [1e-02, 1e+02]
LP warm-start: use basis

Iteration    Objective       Primal Inf.    Dual Inf.      Time
       0   -1.2163335e+03   2.126523e+03   1.966045e+11      0s
   10139   -1.2385705e+03   0.000000e+00   1.350538e+03      5s
   14066   -1.2341046e+03   0.000000e+00   0.000000e+00      8s

Solved in 14066 iterations and 8.21 seconds (15.53 work units)
Optimal objective -1.234104619e+03
Reduced cost: 21.75611655577314
################################################################################
ITERATION: 13
Time: 2025-05-02 20:55:03
Parameter: [216.4255, 614.9424,   0.    ,   0.    ]
################################################################################
Gurobi Optimizer version 12.0.1 build v12.0.1rc0 (linux64 - "Ubuntu 24.04.1 LTS")

CPU model: Intel(R) Xeon(R) Platinum 8268 CPU @ 2.90GHz, instruction set [SSE2|AVX|AVX2|AVX512]
Thread count: 48 physical cores, 48 logical processors, using up to 1 threads

Non-default parameters:
Method  0
TSPort  61954
Threads  1

Optimize a model with 18722 rows, 8147 columns and 188124 nonzeros
Coefficient statistics:
  Matrix range     [3e-12, 1e+00]
  Objective range  [3e-02, 1e+00]
  Bounds range     [1e+09, 1e+09]
  RHS range        [1e-02, 9e+01]
LP warm-start: use basis

Iteration    Objective       Primal Inf.    Dual Inf.      Time
       0   -1.2341046e+03   1.025947e+03   2.184745e+10      0s
    8950   -1.2477409e+03   0.000000e+00   0.000000e+00      4s

Solved in 8950 iterations and 4.27 seconds (7.82 work units)
Optimal objective -1.247740904e+03
Reduced cost: 14.869054629889774
################################################################################
ITERATION: 14
Time: 2025-05-02 20:56:28
Parameter: [214.6706, 621.6196,   0.    ,   0.    ]
################################################################################
Gurobi Optimizer version 12.0.1 build v12.0.1rc0 (linux64 - "Ubuntu 24.04.1 LTS")

CPU model: Intel(R) Xeon(R) Platinum 8268 CPU @ 2.90GHz, instruction set [SSE2|AVX|AVX2|AVX512]
Thread count: 48 physical cores, 48 logical processors, using up to 1 threads

Non-default parameters:
Method  0
TSPort  61954
Threads  1

Optimize a model with 15862 rows, 8147 columns and 143507 nonzeros
Coefficient statistics:
  Matrix range     [3e-12, 1e+00]
  Objective range  [3e-02, 1e+00]
  Bounds range     [1e+09, 1e+09]
  RHS range        [1e-02, 8e+01]
LP warm-start: use basis

Iteration    Objective       Primal Inf.    Dual Inf.      Time
       0   -1.2477409e+03   5.470261e+02   1.148120e+10      0s
    6191   -1.2553029e+03   0.000000e+00   0.000000e+00      2s

Solved in 6191 iterations and 2.29 seconds (3.91 work units)
Optimal objective -1.255302933e+03
Reduced cost: 16.9177823671374
################################################################################
ITERATION: 15
Time: 2025-05-02 20:57:51
Parameter: [161.6163, 527.2561,  93.6255,   0.    ]
################################################################################
Gurobi Optimizer version 12.0.1 build v12.0.1rc0 (linux64 - "Ubuntu 24.04.1 LTS")

CPU model: Intel(R) Xeon(R) Platinum 8268 CPU @ 2.90GHz, instruction set [SSE2|AVX|AVX2|AVX512]
Thread count: 48 physical cores, 48 logical processors, using up to 1 threads

Non-default parameters:
Method  0
TSPort  61954
Threads  1

Optimize a model with 13939 rows, 8147 columns and 116953 nonzeros
Coefficient statistics:
  Matrix range     [3e-12, 1e+00]
  Objective range  [3e-02, 1e+00]
  Bounds range     [1e+09, 1e+09]
  RHS range        [5e-03, 8e+01]
LP warm-start: use basis

Iteration    Objective       Primal Inf.    Dual Inf.      Time
       0   -1.2553029e+03   8.660706e+02   6.814058e+09      0s
    7557   -1.2586913e+03   0.000000e+00   0.000000e+00      3s

Solved in 7557 iterations and 2.60 seconds (4.19 work units)
Optimal objective -1.258691350e+03
Reduced cost: 12.994792117977898
################################################################################
ITERATION: 16
Time: 2025-05-02 20:59:15
Parameter: [163.4863, 553.2353,  40.3208,  24.8049]
################################################################################
Gurobi Optimizer version 12.0.1 build v12.0.1rc0 (linux64 - "Ubuntu 24.04.1 LTS")

CPU model: Intel(R) Xeon(R) Platinum 8268 CPU @ 2.90GHz, instruction set [SSE2|AVX|AVX2|AVX512]
Thread count: 48 physical cores, 48 logical processors, using up to 1 threads

Non-default parameters:
Method  0
TSPort  61954
Threads  1

Optimize a model with 11539 rows, 8147 columns and 90700 nonzeros
Coefficient statistics:
  Matrix range     [3e-12, 1e+00]
  Objective range  [3e-02, 1e+00]
  Bounds range     [1e+09, 1e+09]
  RHS range        [5e-03, 8e+01]
LP warm-start: use basis

Iteration    Objective       Primal Inf.    Dual Inf.      Time
       0   -1.2586913e+03   5.551949e+02   7.868087e+10      0s
    3615   -1.2601010e+03   0.000000e+00   0.000000e+00      1s

Solved in 3615 iterations and 1.09 seconds (1.63 work units)
Optimal objective -1.260101018e+03
Reduced cost: 13.723083189718594
################################################################################
ITERATION: 17
Time: 2025-05-02 21:00:36
Parameter: [172.1032, 569.693 ,  39.6183,  19.9532]
################################################################################
Gurobi Optimizer version 12.0.1 build v12.0.1rc0 (linux64 - "Ubuntu 24.04.1 LTS")

CPU model: Intel(R) Xeon(R) Platinum 8268 CPU @ 2.90GHz, instruction set [SSE2|AVX|AVX2|AVX512]
Thread count: 48 physical cores, 48 logical processors, using up to 1 threads

Non-default parameters:
Method  0
TSPort  61954
Threads  1

Optimize a model with 10058 rows, 8147 columns and 74535 nonzeros
Coefficient statistics:
  Matrix range     [3e-12, 1e+00]
  Objective range  [3e-02, 1e+00]
  Bounds range     [1e+09, 1e+09]
  RHS range        [5e-03, 8e+01]
LP warm-start: use basis

Iteration    Objective       Primal Inf.    Dual Inf.      Time
       0   -1.2601010e+03   2.072790e+02   3.259825e+09      0s
    3105   -1.2619442e+03   0.000000e+00   0.000000e+00      1s

Solved in 3105 iterations and 0.82 seconds (1.21 work units)
Optimal objective -1.261944239e+03
Reduced cost: 11.429411748198023
################################################################################
ITERATION: 18
Time: 2025-05-02 21:01:58
Parameter: [118.9632, 562.1365,  50.4768,  31.0563]
################################################################################
Gurobi Optimizer version 12.0.1 build v12.0.1rc0 (linux64 - "Ubuntu 24.04.1 LTS")

CPU model: Intel(R) Xeon(R) Platinum 8268 CPU @ 2.90GHz, instruction set [SSE2|AVX|AVX2|AVX512]
Thread count: 48 physical cores, 48 logical processors, using up to 1 threads

Non-default parameters:
Method  0
TSPort  61954
Threads  1

Optimize a model with 8916 rows, 8147 columns and 64111 nonzeros
Coefficient statistics:
  Matrix range     [3e-12, 1e+00]
  Objective range  [3e-02, 1e+00]
  Bounds range     [1e+09, 1e+09]
  RHS range        [5e-03, 6e+01]
LP warm-start: use basis

Iteration    Objective       Primal Inf.    Dual Inf.      Time
       0   -1.2619442e+03   8.404206e+01   2.715536e+09      0s
    2596   -1.2633546e+03   0.000000e+00   0.000000e+00      1s

Solved in 2596 iterations and 0.64 seconds (0.91 work units)
Optimal objective -1.263354611e+03
Reduced cost: 11.698397032874851
################################################################################
ITERATION: 19
Time: 2025-05-02 21:03:24
Parameter: [109.0749, 574.5978,  60.1826,  43.7924]
################################################################################
Gurobi Optimizer version 12.0.1 build v12.0.1rc0 (linux64 - "Ubuntu 24.04.1 LTS")

CPU model: Intel(R) Xeon(R) Platinum 8268 CPU @ 2.90GHz, instruction set [SSE2|AVX|AVX2|AVX512]
Thread count: 48 physical cores, 48 logical processors, using up to 1 threads

Non-default parameters:
Method  0
TSPort  61954
Threads  1

Optimize a model with 8272 rows, 8147 columns and 57805 nonzeros
Coefficient statistics:
  Matrix range     [3e-12, 1e+00]
  Objective range  [3e-02, 1e+00]
  Bounds range     [1e+09, 1e+09]
  RHS range        [5e-03, 6e+01]
LP warm-start: use basis

Iteration    Objective       Primal Inf.    Dual Inf.      Time
       0   -1.2633546e+03   3.626658e+01   4.924673e+08      0s
    1477   -1.2642116e+03   0.000000e+00   0.000000e+00      0s

Solved in 1477 iterations and 0.30 seconds (0.40 work units)
Optimal objective -1.264211552e+03
Reduced cost: 12.855630072661363
################################################################################
ITERATION: 20
Time: 2025-05-02 21:04:45
Parameter: [ 97.3842, 568.5108,   5.5176,  66.9029]
################################################################################
Gurobi Optimizer version 12.0.1 build v12.0.1rc0 (linux64 - "Ubuntu 24.04.1 LTS")

CPU model: Intel(R) Xeon(R) Platinum 8268 CPU @ 2.90GHz, instruction set [SSE2|AVX|AVX2|AVX512]
Thread count: 48 physical cores, 48 logical processors, using up to 1 threads

Non-default parameters:
Method  0
TSPort  61954
Threads  1

Optimize a model with 7973 rows, 8147 columns and 54366 nonzeros
Coefficient statistics:
  Matrix range     [3e-12, 1e+00]
  Objective range  [3e-02, 1e+00]
  Bounds range     [1e+09, 1e+09]
  RHS range        [5e-03, 6e+01]
LP warm-start: use basis

Iteration    Objective       Primal Inf.    Dual Inf.      Time
       0   -1.2642116e+03   5.371711e+01   6.194619e+09      0s
    1080   -1.2644402e+03   0.000000e+00   0.000000e+00      0s

Solved in 1080 iterations and 0.21 seconds (0.29 work units)
Optimal objective -1.264440234e+03
Reduced cost: 12.214400182994362
################################################################################
ITERATION: 21
Time: 2025-05-02 21:06:05
Parameter: [113.6987, 563.917 ,  24.0979,  52.8161]
################################################################################
Gurobi Optimizer version 12.0.1 build v12.0.1rc0 (linux64 - "Ubuntu 24.04.1 LTS")

CPU model: Intel(R) Xeon(R) Platinum 8268 CPU @ 2.90GHz, instruction set [SSE2|AVX|AVX2|AVX512]
Thread count: 48 physical cores, 48 logical processors, using up to 1 threads

Non-default parameters:
Method  0
TSPort  61954
Threads  1

Optimize a model with 7312 rows, 8147 columns and 48823 nonzeros
Coefficient statistics:
  Matrix range     [3e-12, 1e+00]
  Objective range  [3e-02, 1e+00]
  Bounds range     [1e+09, 1e+09]
  RHS range        [2e-02, 6e+01]
LP warm-start: use basis

Iteration    Objective       Primal Inf.    Dual Inf.      Time
       0   -1.2644402e+03   3.859970e+01   8.533342e+09      0s
     653   -1.2645003e+03   0.000000e+00   0.000000e+00      0s

Solved in 653 iterations and 0.12 seconds (0.15 work units)
Optimal objective -1.264500272e+03
Reduced cost: 10.523832876983345
################################################################################
ITERATION: 22
Time: 2025-05-02 21:07:25
Parameter: [115.7868, 557.3476,  32.9309,  45.708 ]
################################################################################
Gurobi Optimizer version 12.0.1 build v12.0.1rc0 (linux64 - "Ubuntu 24.04.1 LTS")

CPU model: Intel(R) Xeon(R) Platinum 8268 CPU @ 2.90GHz, instruction set [SSE2|AVX|AVX2|AVX512]
Thread count: 48 physical cores, 48 logical processors, using up to 1 threads

Non-default parameters:
Method  0
TSPort  61954
Threads  1

Optimize a model with 6961 rows, 8147 columns and 44565 nonzeros
Coefficient statistics:
  Matrix range     [3e-12, 1e+00]
  Objective range  [3e-02, 1e+00]
  Bounds range     [1e+09, 1e+09]
  RHS range        [1e+00, 6e+01]
LP warm-start: use basis

Iteration    Objective       Primal Inf.    Dual Inf.      Time
       0   -1.2645003e+03   1.519053e+01   1.099109e+09      0s
     315   -1.2645847e+03   0.000000e+00   0.000000e+00      0s

Solved in 315 iterations and 0.06 seconds (0.07 work units)
Optimal objective -1.264584687e+03
Reduced cost: 10.821836650574223
################################################################################
ITERATION: 23
Time: 2025-05-02 21:08:45
Parameter: [110.3386, 562.497 ,  24.5268,  55.3665]
################################################################################
Gurobi Optimizer version 12.0.1 build v12.0.1rc0 (linux64 - "Ubuntu 24.04.1 LTS")

CPU model: Intel(R) Xeon(R) Platinum 8268 CPU @ 2.90GHz, instruction set [SSE2|AVX|AVX2|AVX512]
Thread count: 48 physical cores, 48 logical processors, using up to 1 threads

Non-default parameters:
Method  0
TSPort  61954
Threads  1

Optimize a model with 6730 rows, 8147 columns and 42830 nonzeros
Coefficient statistics:
  Matrix range     [3e-12, 1e+00]
  Objective range  [3e-02, 1e+00]
  Bounds range     [1e+09, 1e+09]
  RHS range        [2e+00, 6e+01]
LP warm-start: use basis

Iteration    Objective       Primal Inf.    Dual Inf.      Time
       0   -1.2645847e+03   1.360110e+00   1.490223e+08      0s
      51   -1.2645946e+03   0.000000e+00   0.000000e+00      0s

Solved in 51 iterations and 0.01 seconds (0.01 work units)
Optimal objective -1.264594551e+03
Reduced cost: 10.703115550451546
################################################################################
ITERATION: 24
Time: 2025-05-02 21:10:05
Parameter: [110.6082, 562.8683,  24.5199,  55.4702]
################################################################################
Gurobi Optimizer version 12.0.1 build v12.0.1rc0 (linux64 - "Ubuntu 24.04.1 LTS")

CPU model: Intel(R) Xeon(R) Platinum 8268 CPU @ 2.90GHz, instruction set [SSE2|AVX|AVX2|AVX512]
Thread count: 48 physical cores, 48 logical processors, using up to 1 threads

Non-default parameters:
Method  0
TSPort  61954
Threads  1

Optimize a model with 6591 rows, 8147 columns and 41542 nonzeros
Coefficient statistics:
  Matrix range     [3e-12, 1e+00]
  Objective range  [3e-02, 1e+00]
  Bounds range     [1e+09, 1e+09]
  RHS range        [2e+00, 6e+01]
LP warm-start: use basis

Iteration    Objective       Primal Inf.    Dual Inf.      Time
       0   -1.2645946e+03   2.599499e-01   2.061953e+08      0s
      28   -1.2645946e+03   0.000000e+00   0.000000e+00      0s

Solved in 28 iterations and 0.01 seconds (0.01 work units)
Optimal objective -1.264594623e+03
Reduced cost: 10.699001498789524
################################################################################
ITERATION: 25
Time: 2025-05-02 21:11:25
Parameter: [110.4916, 562.4612,  24.6474,  55.6664]
################################################################################
Gurobi Optimizer version 12.0.1 build v12.0.1rc0 (linux64 - "Ubuntu 24.04.1 LTS")

CPU model: Intel(R) Xeon(R) Platinum 8268 CPU @ 2.90GHz, instruction set [SSE2|AVX|AVX2|AVX512]
Thread count: 48 physical cores, 48 logical processors, using up to 1 threads

Non-default parameters:
Method  0
TSPort  61954
Threads  1

Optimize a model with 6510 rows, 8147 columns and 40745 nonzeros
Coefficient statistics:
  Matrix range     [3e-12, 1e+00]
  Objective range  [3e-02, 1e+00]
  Bounds range     [1e+09, 1e+09]
  RHS range        [2e+00, 6e+01]
LP warm-start: use basis

Iteration    Objective       Primal Inf.    Dual Inf.      Time
       0   -1.2645946e+03   0.000000e+00   0.000000e+00      0s

Solved in 0 iterations and 0.00 seconds (0.00 work units)
Optimal objective -1.264594623e+03
Reduced cost: 10.675946403903929
################################################################################
ITERATION: 26
Time: 2025-05-02 21:12:45
Parameter: [110.4916, 562.4612,  24.6474,  55.6664]
################################################################################
Gurobi Optimizer version 12.0.1 build v12.0.1rc0 (linux64 - "Ubuntu 24.04.1 LTS")

CPU model: Intel(R) Xeon(R) Platinum 8268 CPU @ 2.90GHz, instruction set [SSE2|AVX|AVX2|AVX512]
Thread count: 48 physical cores, 48 logical processors, using up to 1 threads

Non-default parameters:
Method  0
TSPort  61954
Threads  1

Optimize a model with 6362 rows, 8147 columns and 39800 nonzeros
Coefficient statistics:
  Matrix range     [3e-12, 1e+00]
  Objective range  [3e-02, 1e+00]
  Bounds range     [1e+09, 1e+09]
  RHS range        [2e+00, 6e+01]
LP warm-start: use basis

Iteration    Objective       Primal Inf.    Dual Inf.      Time
       0   -1.2645946e+03   0.000000e+00   0.000000e+00      0s

Solved in 0 iterations and 0.00 seconds (0.00 work units)
Optimal objective -1.264594623e+03
Reduced cost: 10.675946403903826
################################################################################
ITERATION: 27
Time: 2025-05-02 21:14:05
Parameter: [110.4916, 562.4612,  24.6474,  55.6664]
################################################################################
Gurobi Optimizer version 12.0.1 build v12.0.1rc0 (linux64 - "Ubuntu 24.04.1 LTS")

CPU model: Intel(R) Xeon(R) Platinum 8268 CPU @ 2.90GHz, instruction set [SSE2|AVX|AVX2|AVX512]
Thread count: 48 physical cores, 48 logical processors, using up to 1 threads

Non-default parameters:
Method  0
TSPort  61954
Threads  1

Optimize a model with 6216 rows, 8147 columns and 39029 nonzeros
Coefficient statistics:
  Matrix range     [3e-12, 1e+00]
  Objective range  [3e-02, 1e+00]
  Bounds range     [1e+09, 1e+09]
  RHS range        [2e+00, 6e+01]
LP warm-start: use basis

Iteration    Objective       Primal Inf.    Dual Inf.      Time
       0   -1.2645946e+03   0.000000e+00   0.000000e+00      0s

Solved in 0 iterations and 0.00 seconds (0.00 work units)
Optimal objective -1.264594623e+03
Reduced cost: 10.675946403903826
################################################################################
ITERATION: 28
Time: 2025-05-02 21:15:24
Parameter: [110.4916, 562.4612,  24.6474,  55.6664]
################################################################################
Gurobi Optimizer version 12.0.1 build v12.0.1rc0 (linux64 - "Ubuntu 24.04.1 LTS")

CPU model: Intel(R) Xeon(R) Platinum 8268 CPU @ 2.90GHz, instruction set [SSE2|AVX|AVX2|AVX512]
Thread count: 48 physical cores, 48 logical processors, using up to 1 threads

Non-default parameters:
Method  0
TSPort  61954
Threads  1

Optimize a model with 6149 rows, 8147 columns and 38754 nonzeros
Coefficient statistics:
  Matrix range     [3e-12, 1e+00]
  Objective range  [3e-02, 1e+00]
  Bounds range     [1e+09, 1e+09]
  RHS range        [2e+00, 6e+01]
LP warm-start: use basis

Iteration    Objective       Primal Inf.    Dual Inf.      Time
       0   -1.2645946e+03   0.000000e+00   0.000000e+00      0s

Solved in 0 iterations and 0.00 seconds (0.00 work units)
Optimal objective -1.264594623e+03
Reduced cost: 10.675946403903826
################################################################################
ITERATION: 29
Time: 2025-05-02 21:16:44
Parameter: [110.4916, 562.4612,  24.6474,  55.6664]
################################################################################
Gurobi Optimizer version 12.0.1 build v12.0.1rc0 (linux64 - "Ubuntu 24.04.1 LTS")

CPU model: Intel(R) Xeon(R) Platinum 8268 CPU @ 2.90GHz, instruction set [SSE2|AVX|AVX2|AVX512]
Thread count: 48 physical cores, 48 logical processors, using up to 1 threads

Non-default parameters:
Method  0
TSPort  61954
Threads  1

Optimize a model with 6143 rows, 8147 columns and 38750 nonzeros
Coefficient statistics:
  Matrix range     [3e-12, 1e+00]
  Objective range  [3e-02, 1e+00]
  Bounds range     [1e+09, 1e+09]
  RHS range        [2e+00, 6e+01]
LP warm-start: use basis

Iteration    Objective       Primal Inf.    Dual Inf.      Time
       0   -1.2645946e+03   0.000000e+00   0.000000e+00      0s

Solved in 0 iterations and 0.00 seconds (0.00 work units)
Optimal objective -1.264594623e+03
Reduced cost: 10.675946403903826
################################################################################
ITERATION: 30
Time: 2025-05-02 21:18:03
Parameter: [110.4916, 562.4612,  24.6474,  55.6664]
################################################################################
Gurobi Optimizer version 12.0.1 build v12.0.1rc0 (linux64 - "Ubuntu 24.04.1 LTS")

CPU model: Intel(R) Xeon(R) Platinum 8268 CPU @ 2.90GHz, instruction set [SSE2|AVX|AVX2|AVX512]
Thread count: 48 physical cores, 48 logical processors, using up to 1 threads

Non-default parameters:
Method  0
TSPort  61954
Threads  1

Optimize a model with 6148 rows, 8147 columns and 38787 nonzeros
Coefficient statistics:
  Matrix range     [3e-12, 1e+00]
  Objective range  [3e-02, 1e+00]
  Bounds range     [1e+09, 1e+09]
  RHS range        [2e+00, 6e+01]
LP warm-start: use basis

Iteration    Objective       Primal Inf.    Dual Inf.      Time
       0   -1.2645946e+03   0.000000e+00   0.000000e+00      0s

Solved in 0 iterations and 0.00 seconds (0.00 work units)
Optimal objective -1.264594623e+03
Reduced cost: 10.675946403903826
################################################################################
ITERATION: 31
Time: 2025-05-02 21:19:23
Parameter: [110.4916, 562.4612,  24.6474,  55.6664]
################################################################################
Gurobi Optimizer version 12.0.1 build v12.0.1rc0 (linux64 - "Ubuntu 24.04.1 LTS")

CPU model: Intel(R) Xeon(R) Platinum 8268 CPU @ 2.90GHz, instruction set [SSE2|AVX|AVX2|AVX512]
Thread count: 48 physical cores, 48 logical processors, using up to 1 threads

Non-default parameters:
Method  0
TSPort  61954
Threads  1

Optimize a model with 6157 rows, 8147 columns and 38845 nonzeros
Coefficient statistics:
  Matrix range     [3e-12, 1e+00]
  Objective range  [3e-02, 1e+00]
  Bounds range     [1e+09, 1e+09]
  RHS range        [2e+00, 6e+01]
LP warm-start: use basis

Iteration    Objective       Primal Inf.    Dual Inf.      Time
       0   -1.2645946e+03   0.000000e+00   0.000000e+00      0s

Solved in 0 iterations and 0.00 seconds (0.00 work units)
Optimal objective -1.264594623e+03
Reduced cost: 10.675946403903826
################################################################################
ITERATION: 32
Time: 2025-05-02 21:20:42
Parameter: [110.4916, 562.4612,  24.6474,  55.6664]
################################################################################
Gurobi Optimizer version 12.0.1 build v12.0.1rc0 (linux64 - "Ubuntu 24.04.1 LTS")

CPU model: Intel(R) Xeon(R) Platinum 8268 CPU @ 2.90GHz, instruction set [SSE2|AVX|AVX2|AVX512]
Thread count: 48 physical cores, 48 logical processors, using up to 1 threads

Non-default parameters:
Method  0
TSPort  61954
Threads  1

Optimize a model with 6166 rows, 8147 columns and 38903 nonzeros
Coefficient statistics:
  Matrix range     [3e-12, 1e+00]
  Objective range  [3e-02, 1e+00]
  Bounds range     [1e+09, 1e+09]
  RHS range        [2e+00, 6e+01]
LP warm-start: use basis

Iteration    Objective       Primal Inf.    Dual Inf.      Time
       0   -1.2645946e+03   0.000000e+00   0.000000e+00      0s

Solved in 0 iterations and 0.00 seconds (0.00 work units)
Optimal objective -1.264594623e+03
Reduced cost: 10.675946403903826
################################################################################
ITERATION: 33
Time: 2025-05-02 21:22:02
Parameter: [110.4916, 562.4612,  24.6474,  55.6664]
################################################################################
Gurobi Optimizer version 12.0.1 build v12.0.1rc0 (linux64 - "Ubuntu 24.04.1 LTS")

CPU model: Intel(R) Xeon(R) Platinum 8268 CPU @ 2.90GHz, instruction set [SSE2|AVX|AVX2|AVX512]
Thread count: 48 physical cores, 48 logical processors, using up to 1 threads

Non-default parameters:
Method  0
TSPort  61954
Threads  1

Optimize a model with 6175 rows, 8147 columns and 38961 nonzeros
Coefficient statistics:
  Matrix range     [3e-12, 1e+00]
  Objective range  [3e-02, 1e+00]
  Bounds range     [1e+09, 1e+09]
  RHS range        [2e+00, 6e+01]
LP warm-start: use basis

Iteration    Objective       Primal Inf.    Dual Inf.      Time
       0   -1.2645946e+03   0.000000e+00   0.000000e+00      0s

Solved in 0 iterations and 0.00 seconds (0.00 work units)
Optimal objective -1.264594623e+03
Reduced cost: 10.675946403903826
################################################################################
ITERATION: 34
Time: 2025-05-02 21:23:22
Parameter: [110.4916, 562.4612,  24.6474,  55.6664]
################################################################################
Gurobi Optimizer version 12.0.1 build v12.0.1rc0 (linux64 - "Ubuntu 24.04.1 LTS")

CPU model: Intel(R) Xeon(R) Platinum 8268 CPU @ 2.90GHz, instruction set [SSE2|AVX|AVX2|AVX512]
Thread count: 48 physical cores, 48 logical processors, using up to 1 threads

Non-default parameters:
Method  0
TSPort  61954
Threads  1

Optimize a model with 6184 rows, 8147 columns and 39019 nonzeros
Coefficient statistics:
  Matrix range     [3e-12, 1e+00]
  Objective range  [3e-02, 1e+00]
  Bounds range     [1e+09, 1e+09]
  RHS range        [2e+00, 6e+01]
LP warm-start: use basis

Iteration    Objective       Primal Inf.    Dual Inf.      Time
       0   -1.2645946e+03   0.000000e+00   0.000000e+00      0s

Solved in 0 iterations and 0.00 seconds (0.00 work units)
Optimal objective -1.264594623e+03
Reduced cost: 10.675946403903826
################################################################################
ITERATION: 35
Time: 2025-05-02 21:24:41
Parameter: [110.4916, 562.4612,  24.6474,  55.6664]
################################################################################
Gurobi Optimizer version 12.0.1 build v12.0.1rc0 (linux64 - "Ubuntu 24.04.1 LTS")

CPU model: Intel(R) Xeon(R) Platinum 8268 CPU @ 2.90GHz, instruction set [SSE2|AVX|AVX2|AVX512]
Thread count: 48 physical cores, 48 logical processors, using up to 1 threads

Non-default parameters:
Method  0
TSPort  61954
Threads  1

Optimize a model with 6193 rows, 8147 columns and 39077 nonzeros
Coefficient statistics:
  Matrix range     [3e-12, 1e+00]
  Objective range  [3e-02, 1e+00]
  Bounds range     [1e+09, 1e+09]
  RHS range        [2e+00, 6e+01]
LP warm-start: use basis

Iteration    Objective       Primal Inf.    Dual Inf.      Time
       0   -1.2645946e+03   0.000000e+00   0.000000e+00      0s

Solved in 0 iterations and 0.00 seconds (0.00 work units)
Optimal objective -1.264594623e+03
Reduced cost: 10.675946403903826
################################################################################
ITERATION: 36
Time: 2025-05-02 21:26:01
Parameter: [110.4916, 562.4612,  24.6474,  55.6664]
################################################################################
Gurobi Optimizer version 12.0.1 build v12.0.1rc0 (linux64 - "Ubuntu 24.04.1 LTS")

CPU model: Intel(R) Xeon(R) Platinum 8268 CPU @ 2.90GHz, instruction set [SSE2|AVX|AVX2|AVX512]
Thread count: 48 physical cores, 48 logical processors, using up to 1 threads

Non-default parameters:
Method  0
TSPort  61954
Threads  1

Optimize a model with 6202 rows, 8147 columns and 39135 nonzeros
Coefficient statistics:
  Matrix range     [3e-12, 1e+00]
  Objective range  [3e-02, 1e+00]
  Bounds range     [1e+09, 1e+09]
  RHS range        [2e+00, 6e+01]
LP warm-start: use basis

Iteration    Objective       Primal Inf.    Dual Inf.      Time
       0   -1.2645946e+03   0.000000e+00   0.000000e+00      0s

Solved in 0 iterations and 0.00 seconds (0.00 work units)
Optimal objective -1.264594623e+03
Reduced cost: 10.675946403903826
################################################################################
ITERATION: 37
Time: 2025-05-02 21:27:21
Parameter: [110.4916, 562.4612,  24.6474,  55.6664]
################################################################################
Gurobi Optimizer version 12.0.1 build v12.0.1rc0 (linux64 - "Ubuntu 24.04.1 LTS")

CPU model: Intel(R) Xeon(R) Platinum 8268 CPU @ 2.90GHz, instruction set [SSE2|AVX|AVX2|AVX512]
Thread count: 48 physical cores, 48 logical processors, using up to 1 threads

Non-default parameters:
Method  0
TSPort  61954
Threads  1

Optimize a model with 6211 rows, 8147 columns and 39193 nonzeros
Coefficient statistics:
  Matrix range     [3e-12, 1e+00]
  Objective range  [3e-02, 1e+00]
  Bounds range     [1e+09, 1e+09]
  RHS range        [2e+00, 6e+01]
LP warm-start: use basis

Iteration    Objective       Primal Inf.    Dual Inf.      Time
       0   -1.2645946e+03   0.000000e+00   0.000000e+00      0s

Solved in 0 iterations and 0.00 seconds (0.00 work units)
Optimal objective -1.264594623e+03
Reduced cost: 10.675946403903826
################################################################################
ITERATION: 38
Time: 2025-05-02 21:28:40
Parameter: [110.4916, 562.4612,  24.6474,  55.6664]
################################################################################
Gurobi Optimizer version 12.0.1 build v12.0.1rc0 (linux64 - "Ubuntu 24.04.1 LTS")

CPU model: Intel(R) Xeon(R) Platinum 8268 CPU @ 2.90GHz, instruction set [SSE2|AVX|AVX2|AVX512]
Thread count: 48 physical cores, 48 logical processors, using up to 1 threads

Non-default parameters:
Method  0
TSPort  61954
Threads  1

Optimize a model with 6220 rows, 8147 columns and 39251 nonzeros
Coefficient statistics:
  Matrix range     [3e-12, 1e+00]
  Objective range  [3e-02, 1e+00]
  Bounds range     [1e+09, 1e+09]
  RHS range        [2e+00, 6e+01]
LP warm-start: use basis

Iteration    Objective       Primal Inf.    Dual Inf.      Time
       0   -1.2645946e+03   0.000000e+00   0.000000e+00      0s

Solved in 0 iterations and 0.00 seconds (0.00 work units)
Optimal objective -1.264594623e+03
Reduced cost: 10.675946403903826
################################################################################
ITERATION: 39
Time: 2025-05-02 21:30:00
Parameter: [110.4916, 562.4612,  24.6474,  55.6664]
################################################################################
Gurobi Optimizer version 12.0.1 build v12.0.1rc0 (linux64 - "Ubuntu 24.04.1 LTS")

CPU model: Intel(R) Xeon(R) Platinum 8268 CPU @ 2.90GHz, instruction set [SSE2|AVX|AVX2|AVX512]
Thread count: 48 physical cores, 48 logical processors, using up to 1 threads

Non-default parameters:
Method  0
TSPort  61954
Threads  1

Optimize a model with 6229 rows, 8147 columns and 39309 nonzeros
Coefficient statistics:
  Matrix range     [3e-12, 1e+00]
  Objective range  [3e-02, 1e+00]
  Bounds range     [1e+09, 1e+09]
  RHS range        [2e+00, 6e+01]
LP warm-start: use basis

Iteration    Objective       Primal Inf.    Dual Inf.      Time
       0   -1.2645946e+03   0.000000e+00   0.000000e+00      0s

Solved in 0 iterations and 0.00 seconds (0.00 work units)
Optimal objective -1.264594623e+03
Reduced cost: 10.675946403903826
################################################################################
ITERATION: 40
Time: 2025-05-02 21:31:20
Parameter: [110.4916, 562.4612,  24.6474,  55.6664]
################################################################################
Gurobi Optimizer version 12.0.1 build v12.0.1rc0 (linux64 - "Ubuntu 24.04.1 LTS")

CPU model: Intel(R) Xeon(R) Platinum 8268 CPU @ 2.90GHz, instruction set [SSE2|AVX|AVX2|AVX512]
Thread count: 48 physical cores, 48 logical processors, using up to 1 threads

Non-default parameters:
Method  0
TSPort  61954
Threads  1

Optimize a model with 6238 rows, 8147 columns and 39367 nonzeros
Coefficient statistics:
  Matrix range     [3e-12, 1e+00]
  Objective range  [3e-02, 1e+00]
  Bounds range     [1e+09, 1e+09]
  RHS range        [2e+00, 6e+01]
LP warm-start: use basis

Iteration    Objective       Primal Inf.    Dual Inf.      Time
       0   -1.2645946e+03   0.000000e+00   0.000000e+00      0s

Solved in 0 iterations and 0.00 seconds (0.00 work units)
Optimal objective -1.264594623e+03
Reduced cost: 10.675946403903826
################################################################################
ITERATION: 41
Time: 2025-05-02 21:32:39
Parameter: [110.4916, 562.4612,  24.6474,  55.6664]
################################################################################
Gurobi Optimizer version 12.0.1 build v12.0.1rc0 (linux64 - "Ubuntu 24.04.1 LTS")

CPU model: Intel(R) Xeon(R) Platinum 8268 CPU @ 2.90GHz, instruction set [SSE2|AVX|AVX2|AVX512]
Thread count: 48 physical cores, 48 logical processors, using up to 1 threads

Non-default parameters:
Method  0
TSPort  61954
Threads  1

Optimize a model with 6247 rows, 8147 columns and 39425 nonzeros
Coefficient statistics:
  Matrix range     [3e-12, 1e+00]
  Objective range  [3e-02, 1e+00]
  Bounds range     [1e+09, 1e+09]
  RHS range        [2e+00, 6e+01]
LP warm-start: use basis

Iteration    Objective       Primal Inf.    Dual Inf.      Time
       0   -1.2645946e+03   0.000000e+00   0.000000e+00      0s

Solved in 0 iterations and 0.00 seconds (0.00 work units)
Optimal objective -1.264594623e+03
Reduced cost: 10.675946403903826
################################################################################
ITERATION: 42
Time: 2025-05-02 21:33:59
Parameter: [110.4916, 562.4612,  24.6474,  55.6664]
################################################################################
Gurobi Optimizer version 12.0.1 build v12.0.1rc0 (linux64 - "Ubuntu 24.04.1 LTS")

CPU model: Intel(R) Xeon(R) Platinum 8268 CPU @ 2.90GHz, instruction set [SSE2|AVX|AVX2|AVX512]
Thread count: 48 physical cores, 48 logical processors, using up to 1 threads

Non-default parameters:
Method  0
TSPort  61954
Threads  1

Optimize a model with 6256 rows, 8147 columns and 39483 nonzeros
Coefficient statistics:
  Matrix range     [3e-12, 1e+00]
  Objective range  [3e-02, 1e+00]
  Bounds range     [1e+09, 1e+09]
  RHS range        [2e+00, 6e+01]
LP warm-start: use basis

Iteration    Objective       Primal Inf.    Dual Inf.      Time
       0   -1.2645946e+03   0.000000e+00   0.000000e+00      0s

Solved in 0 iterations and 0.00 seconds (0.00 work units)
Optimal objective -1.264594623e+03
Reduced cost: 10.675946403903826
################################################################################
ITERATION: 43
Time: 2025-05-02 21:35:18
Parameter: [110.4916, 562.4612,  24.6474,  55.6664]
################################################################################
Gurobi Optimizer version 12.0.1 build v12.0.1rc0 (linux64 - "Ubuntu 24.04.1 LTS")

CPU model: Intel(R) Xeon(R) Platinum 8268 CPU @ 2.90GHz, instruction set [SSE2|AVX|AVX2|AVX512]
Thread count: 48 physical cores, 48 logical processors, using up to 1 threads

Non-default parameters:
Method  0
TSPort  61954
Threads  1

Optimize a model with 6265 rows, 8147 columns and 39541 nonzeros
Coefficient statistics:
  Matrix range     [3e-12, 1e+00]
  Objective range  [3e-02, 1e+00]
  Bounds range     [1e+09, 1e+09]
  RHS range        [2e+00, 6e+01]
LP warm-start: use basis

Iteration    Objective       Primal Inf.    Dual Inf.      Time
       0   -1.2645946e+03   0.000000e+00   0.000000e+00      0s

Solved in 0 iterations and 0.00 seconds (0.00 work units)
Optimal objective -1.264594623e+03
slurmstepd: error: *** JOB 60034652 ON cs092 CANCELLED AT 2025-05-02T21:36:13 DUE TO TIME LIMIT ***
slurmstepd: error: *** STEP 60034652.0 ON cs092 CANCELLED AT 2025-05-02T21:36:13 DUE TO TIME LIMIT ***
srun: Job step aborted: Waiting up to 32 seconds for job step to finish.
