Set parameter Method to value 0
Gurobi Optimizer version 12.0.1 build v12.0.1rc0 (linux64 - "Ubuntu 24.04.1 LTS")

CPU model: Intel(R) Xeon(R) Platinum 8268 CPU @ 2.90GHz, instruction set [SSE2|AVX|AVX2|AVX512]
Thread count: 48 physical cores, 48 logical processors, using up to 1 threads

Non-default parameters:
Method  0
TSPort  61954
Threads  1

Optimize a model with 7650 rows, 8147 columns and 3809670 nonzeros
Model fingerprint: 0xc1478457
Coefficient statistics:
  Matrix range     [1e-04, 1e+00]
  Objective range  [3e-02, 1e+00]
  Bounds range     [1e+09, 1e+09]
  RHS range        [7e-03, 8e+01]
Presolve removed 0 rows and 492 columns
Presolve time: 1.23s
Presolved: 5 rows, 7654 columns, 38224 nonzeros

Iteration    Objective       Primal Inf.    Dual Inf.      Time
       0   -6.4962123e+01   3.142990e-01   2.017123e+08      1s
      89   -5.2447503e+01   0.000000e+00   0.000000e+00      1s

Solved in 89 iterations and 1.47 seconds (3.10 work units)
Optimal objective -5.244750331e+01
################################################################################
ITERATION: 0
Time: 2025-05-05 16:35:18
Parameter: [67.221,  0.   ,  0.   ,  0.   ]
################################################################################
Warning for adding constraints: zero or small (< 1e-13) coefficients, ignored
Gurobi Optimizer version 12.0.1 build v12.0.1rc0 (linux64 - "Ubuntu 24.04.1 LTS")

CPU model: Intel(R) Xeon(R) Platinum 8268 CPU @ 2.90GHz, instruction set [SSE2|AVX|AVX2|AVX512]
Thread count: 48 physical cores, 48 logical processors, using up to 1 threads

Non-default parameters:
Method  0
TSPort  61954
Threads  1

Optimize a model with 15250 rows, 8147 columns and 4108651 nonzeros
Coefficient statistics:
  Matrix range     [5e-12, 1e+00]
  Objective range  [3e-02, 1e+00]
  Bounds range     [1e+09, 1e+09]
  RHS range        [7e-03, 2e+02]
LP warm-start: use basis

Iteration    Objective       Primal Inf.    Dual Inf.      Time
       0   -5.2447503e+01   3.132548e+05   2.600753e+11      0s
    9318   -3.5740134e+03   0.000000e+00   5.290142e+04      6s
   10158   -2.3663895e+03   0.000000e+00   1.793270e+04     11s
   11008   -1.8475158e+03   0.000000e+00   5.309366e+04     16s
   11858   -1.5181894e+03   0.000000e+00   1.488468e+04     21s
   12668   -1.2922029e+03   0.000000e+00   3.787439e+04     25s
   13438   -1.1677097e+03   0.000000e+00   5.255900e+04     30s
   14198   -1.0449976e+03   0.000000e+00   1.413842e+04     35s
   14948   -9.4034776e+02   0.000000e+00   8.450226e+03     40s
   15838   -8.2596410e+02   0.000000e+00   1.214669e+04     46s
   16578   -7.5112333e+02   0.000000e+00   7.331748e+03     51s
   17328   -6.9095395e+02   0.000000e+00   6.886875e+03     56s
   18058   -6.4337309e+02   0.000000e+00   3.289737e+04     60s
   18818   -6.0192962e+02   0.000000e+00   2.495560e+04     65s
   19578   -5.6476514e+02   0.000000e+00   4.056258e+03     70s
   20368   -5.3318025e+02   0.000000e+00   1.660762e+03     75s
   21098   -5.0856200e+02   0.000000e+00   2.735648e+03     80s
   21968   -4.8465838e+02   0.000000e+00   1.273262e+03     86s
   22688   -4.6914917e+02   0.000000e+00   4.748873e+03     90s
   23438   -4.5326401e+02   0.000000e+00   2.546230e+02     95s
   24178   -4.3987181e+02   0.000000e+00   3.408618e+03    100s
   24928   -4.2814985e+02   0.000000e+00   1.027227e+03    105s
   25798   -4.1535480e+02   0.000000e+00   2.682313e+03    111s
   26638   -4.0638966e+02   0.000000e+00   3.109383e+02    116s
   27348   -4.0002529e+02   0.000000e+00   9.707789e+01    120s
   27790   -3.9832619e+02   0.000000e+00   0.000000e+00    123s

Solved in 27790 iterations and 123.41 seconds (154.95 work units)
Optimal objective -3.983261926e+02
Reduced cost: 240.61359799085224
################################################################################
ITERATION: 1
Time: 2025-05-05 16:40:13
Parameter: [  0.    , 119.5352,   0.    ,   0.    ]
################################################################################
Gurobi Optimizer version 12.0.1 build v12.0.1rc0 (linux64 - "Ubuntu 24.04.1 LTS")

CPU model: Intel(R) Xeon(R) Platinum 8268 CPU @ 2.90GHz, instruction set [SSE2|AVX|AVX2|AVX512]
Thread count: 48 physical cores, 48 logical processors, using up to 1 threads

Non-default parameters:
Method  0
TSPort  61954
Threads  1

Optimize a model with 22668 rows, 8147 columns and 4307934 nonzeros
Coefficient statistics:
  Matrix range     [4e-12, 1e+00]
  Objective range  [3e-02, 1e+00]
  Bounds range     [1e+09, 1e+09]
  RHS range        [7e-03, 2e+02]
LP warm-start: use basis

Iteration    Objective       Primal Inf.    Dual Inf.      Time
       0   -3.9832619e+02   1.970028e+05   3.424476e+11      0s
    7945   -2.1131297e+03   4.048702e+02   1.360063e+09      5s
    9825   -1.7360417e+03   1.930308e+02   5.856012e+08     11s
   11245   -1.5577394e+03   1.401630e+02   9.108181e+08     15s
   12875   -1.4373228e+03   9.130051e+01   7.565676e+08     21s
   13775   -1.3742626e+03   6.910558e+01   6.077460e+08     25s
   14575   -1.3290796e+03   4.423605e+01   6.266564e+09     30s
   15405   -1.2823562e+03   2.534221e+01   2.344769e+09     36s
   16255   -1.2741741e+03   1.042419e+01   1.452470e+10     41s
   16895   -1.2755129e+03   2.437544e+00   7.394946e+08     45s
   17715   -1.2078155e+03   0.000000e+00   2.038013e+05     51s
   18475   -1.0885555e+03   0.000000e+00   2.931093e+04     55s
   19225   -1.0049568e+03   0.000000e+00   3.037014e+04     60s
   19995   -9.3315533e+02   0.000000e+00   3.523887e+04     65s
   20795   -8.7758827e+02   0.000000e+00   3.279089e+04     70s
   21575   -8.2966908e+02   0.000000e+00   4.543943e+03     75s
   22365   -7.9090377e+02   0.000000e+00   1.388017e+04     80s
   23155   -7.5418188e+02   0.000000e+00   7.623839e+03     86s
   23975   -7.1551615e+02   0.000000e+00   2.077517e+04     91s
   24785   -6.8640426e+02   0.000000e+00   1.789561e+04     96s
   25585   -6.6027675e+02   0.000000e+00   4.482821e+03    101s
   26385   -6.3545647e+02   0.000000e+00   1.552963e+04    106s
   27205   -6.1242734e+02   0.000000e+00   5.602286e+03    111s
   28045   -5.8841950e+02   0.000000e+00   6.352441e+03    116s
   28715   -5.7434055e+02   0.000000e+00   2.942534e+03    120s
   29565   -5.6127918e+02   0.000000e+00   1.083655e+04    125s
   30395   -5.4902469e+02   0.000000e+00   1.317508e+03    130s
   31235   -5.3657240e+02   0.000000e+00   1.573327e+03    135s
   32085   -5.2688749e+02   0.000000e+00   3.740840e+03    141s
   32935   -5.1865796e+02   0.000000e+00   1.736158e+03    146s
   33815   -5.1052365e+02   0.000000e+00   2.654748e+02    151s
   34505   -5.0646985e+02   0.000000e+00   1.141798e+02    155s
   35395   -5.0249937e+02   0.000000e+00   1.728757e+02    160s
   36255   -5.0082902e+02   0.000000e+00   2.273052e+01    165s
   36453   -5.0079489e+02   0.000000e+00   0.000000e+00    167s

Solved in 36453 iterations and 166.79 seconds (237.35 work units)
Optimal objective -5.007948869e+02
Reduced cost: 201.29530451565398
################################################################################
ITERATION: 2
Time: 2025-05-05 16:45:50
Parameter: [  0.    , 124.3279,   0.    ,   0.    ]
################################################################################
Gurobi Optimizer version 12.0.1 build v12.0.1rc0 (linux64 - "Ubuntu 24.04.1 LTS")

CPU model: Intel(R) Xeon(R) Platinum 8268 CPU @ 2.90GHz, instruction set [SSE2|AVX|AVX2|AVX512]
Thread count: 48 physical cores, 48 logical processors, using up to 1 threads

Non-default parameters:
Method  0
TSPort  61954
Threads  1

Optimize a model with 29775 rows, 8147 columns and 4501979 nonzeros
Coefficient statistics:
  Matrix range     [4e-12, 1e+00]
  Objective range  [3e-02, 1e+00]
  Bounds range     [1e+09, 1e+09]
  RHS range        [7e-03, 2e+02]
LP warm-start: use basis

Iteration    Objective       Primal Inf.    Dual Inf.      Time
       0   -5.0079489e+02   1.854610e+05   2.733883e+11      0s
    9256   -2.3171648e+03   4.712683e+02   9.768149e+08      5s
   10956   -2.1084387e+03   1.003420e+02   8.918512e+08     10s
   12356   -1.9660733e+03   6.162642e+01   5.243311e+08     16s
   13546   -1.8418639e+03   3.880680e+01   5.193548e+08     20s
   14736   -1.7490470e+03   2.135368e+01   7.377634e+08     26s
   15816   -1.6773184e+03   1.227910e+01   1.370568e+08     30s
   16916   -1.6224880e+03   8.238573e+00   3.387332e+08     35s
   18176   -1.5873297e+03   4.607882e+00   2.389619e+08     40s
   18966   -1.5474314e+03   3.169400e-01   2.692573e+08     46s
   19746   -1.4101242e+03   0.000000e+00   9.045926e+04     51s
   20386   -1.3178877e+03   0.000000e+00   1.708234e+05     55s
   21156   -1.2258590e+03   0.000000e+00   1.148840e+04     60s
   21906   -1.1562195e+03   0.000000e+00   9.561478e+03     66s
   22656   -1.0917014e+03   0.000000e+00   4.476402e+04     71s
   23406   -1.0402530e+03   0.000000e+00   9.505853e+03     76s
   24156   -1.0003074e+03   0.000000e+00   8.111586e+04     81s
   24756   -9.6935371e+02   0.000000e+00   1.107526e+04     85s
   25506   -9.3614923e+02   0.000000e+00   1.410403e+04     90s
   26256   -9.0422893e+02   0.000000e+00   1.558567e+04     95s
   27006   -8.8028248e+02   0.000000e+00   3.928052e+03    101s
   27756   -8.5693036e+02   0.000000e+00   3.473439e+04    106s
   28356   -8.3958273e+02   0.000000e+00   1.654381e+04    110s
   29106   -8.2047467e+02   0.000000e+00   3.684936e+03    115s
   29856   -8.0149728e+02   0.000000e+00   1.406246e+04    121s
   30606   -7.8587056e+02   0.000000e+00   1.302635e+03    126s
   31206   -7.7464072e+02   0.000000e+00   6.540813e+03    130s
   31956   -7.6043729e+02   0.000000e+00   6.816237e+03    135s
   32706   -7.4969469e+02   0.000000e+00   3.520177e+03    141s
   33456   -7.3521213e+02   0.000000e+00   2.056495e+04    146s
   34086   -7.2626802e+02   0.000000e+00   2.223747e+04    150s
   34846   -7.1691833e+02   0.000000e+00   4.069238e+03    156s
   35486   -7.1000220e+02   0.000000e+00   2.020622e+03    160s
   36286   -7.0118781e+02   0.000000e+00   1.504348e+04    166s
   36926   -6.9449223e+02   0.000000e+00   5.320997e+03    170s
   37726   -6.8630483e+02   0.000000e+00   1.971412e+03    176s
   38366   -6.8122756e+02   0.000000e+00   1.887827e+03    180s
   39166   -6.7678109e+02   0.000000e+00   2.456723e+03    186s
   39816   -6.7304873e+02   0.000000e+00   2.549160e+02    190s
   40616   -6.6907645e+02   0.000000e+00   1.211153e+03    196s
   41276   -6.6673028e+02   0.000000e+00   2.529017e+03    200s
   42106   -6.6385415e+02   0.000000e+00   8.909283e+02    206s
   42786   -6.6219285e+02   0.000000e+00   6.559619e+02    210s
   43636   -6.6073219e+02   0.000000e+00   3.824181e+02    216s
   44306   -6.6006321e+02   0.000000e+00   4.374438e+01    221s
   44986   -6.5983227e+02   0.000000e+00   1.651301e+00    225s
   45050   -6.5983104e+02   0.000000e+00   0.000000e+00    226s

Solved in 45050 iterations and 225.87 seconds (379.11 work units)
Optimal objective -6.598310442e+02
Reduced cost: 175.49166989011653
################################################################################
ITERATION: 3
Time: 2025-05-05 16:52:22
Parameter: [  0.    , 166.9696,   0.    ,   0.    ]
################################################################################
Gurobi Optimizer version 12.0.1 build v12.0.1rc0 (linux64 - "Ubuntu 24.04.1 LTS")

CPU model: Intel(R) Xeon(R) Platinum 8268 CPU @ 2.90GHz, instruction set [SSE2|AVX|AVX2|AVX512]
Thread count: 48 physical cores, 48 logical processors, using up to 1 threads

Non-default parameters:
Method  0
TSPort  61954
Threads  1

Optimize a model with 36247 rows, 8147 columns and 4633721 nonzeros
Coefficient statistics:
  Matrix range     [4e-12, 1e+00]
  Objective range  [3e-02, 1e+00]
  Bounds range     [1e+09, 1e+09]
  RHS range        [7e-03, 2e+02]
LP warm-start: use basis

Iteration    Objective       Primal Inf.    Dual Inf.      Time
       0   -6.5983104e+02   1.151156e+05   2.677752e+11      0s
    9310   -2.3386031e+03   1.661753e+03   3.722537e+09      6s
   11520   -2.0626159e+03   5.028123e+02   2.647898e+09     10s
   13130   -1.9697189e+03   1.548860e+02   5.192482e+08     15s
   14390   -1.8891169e+03   8.266521e+01   3.991205e+08     21s
   15320   -1.8450997e+03   6.636065e+01   5.005633e+08     25s
   16410   -1.8180001e+03   4.791304e+01   4.724443e+08     31s
   17290   -1.8060345e+03   3.555809e+01   4.275186e+08     35s
srun: Job step aborted: Waiting up to 32 seconds for job step to finish.
slurmstepd: error: *** STEP 60117078.0 ON cs009 CANCELLED AT 2025-05-05T16:53:06 DUE TO TIME LIMIT ***
slurmstepd: error: *** JOB 60117078 ON cs009 CANCELLED AT 2025-05-05T16:53:06 DUE TO TIME LIMIT ***
