Set parameter TSPort to value 61954
Set parameter TSPort to value 61954
Set parameter TokenServer to value "10.0.1.1"
Set parameter Threads to value 1
Read parameters from file gurobi.env
Set parameter TokenServer to value "10.0.1.1"
Set parameter TSPort to value 61954
Set parameter Threads to value 1
Read parameters from file gurobi.env
Set parameter TokenServer to value "10.0.1.1"
Set parameter Threads to value 1
Set parameter TSPort to value 61954
Read parameters from file gurobi.env
Set parameter TokenServer to value "10.0.1.1"
Set parameter Threads to value 1
Read parameters from file gurobi.env
Set parameter TSPort to value 61954
Set parameter TokenServer to value "10.0.1.1"
Set parameter Threads to value 1
Read parameters from file gurobi.env
Set parameter TSPort to value 61954
Set parameter TokenServer to value "10.0.1.1"
Set parameter Threads to value 1
Read parameters from file gurobi.env
Set parameter TSPort to value 61954
Set parameter TokenServer to value "10.0.1.1"
Set parameter Threads to value 1
Read parameters from file gurobi.env
Set parameter TSPort to value 61954
Set parameter TokenServer to value "10.0.1.1"
Set parameter TSPort to value 61954
Set parameter Threads to value 1
Read parameters from file gurobi.env
Set parameter TokenServer to value "10.0.1.1"
Set parameter Threads to value 1
Read parameters from file gurobi.env
Set parameter TSPort to value 61954
Set parameter TokenServer to value "10.0.1.1"
Set parameter Threads to value 1
Read parameters from file gurobi.env
Set parameter TSPort to value 61954
Set parameter TokenServer to value "10.0.1.1"
Set parameter Threads to value 1
Read parameters from file gurobi.env
Set parameter TSPort to value 61954
Set parameter TSPort to value 61954
Set parameter TokenServer to value "10.0.1.1"
Set parameter TokenServer to value "10.0.1.1"
Set parameter Threads to value 1
Set parameter Threads to value 1
Read parameters from file gurobi.env
Read parameters from file gurobi.env
Set parameter TSPort to value 61954
Set parameter TokenServer to value "10.0.1.1"
Set parameter Threads to value 1
Read parameters from file gurobi.env
Set parameter TSPort to value 61954
Set parameter TokenServer to value "10.0.1.1"
Set parameter Threads to value 1
Read parameters from file gurobi.env
Set parameter TSPort to value 61954
Set parameter TokenServer to value "10.0.1.1"
Set parameter Threads to value 1
Read parameters from file gurobi.env
Set parameter TSPort to value 61954
Set parameter TokenServer to value "10.0.1.1"
Set parameter Threads to value 1
Read parameters from file gurobi.env
Set parameter TSPort to value 61954
Set parameter TokenServer to value "10.0.1.1"
Set parameter Threads to value 1
Read parameters from file gurobi.env
Set parameter TSPort to value 61954
Set parameter TokenServer to value "10.0.1.1"
Set parameter Threads to value 1
Read parameters from file gurobi.env
Set parameter TSPort to value 61954
Set parameter TokenServer to value "10.0.1.1"
Set parameter Threads to value 1
Read parameters from file gurobi.env
Set parameter TSPort to value 61954
Set parameter TokenServer to value "10.0.1.1"
Set parameter Threads to value 1
Read parameters from file gurobi.env
Set parameter TSPort to value 61954
Set parameter TokenServer to value "10.0.1.1"
Set parameter Threads to value 1
Read parameters from file gurobi.env
Set parameter TSPort to value 61954
Set parameter TokenServer to value "10.0.1.1"
Set parameter Threads to value 1
Read parameters from file gurobi.env
Set parameter TSPort to value 61954
Set parameter TokenServer to value "10.0.1.1"
Set parameter Threads to value 1
Read parameters from file gurobi.env
Set parameter TSPort to value 61954
Set parameter TokenServer to value "10.0.1.1"
Set parameter Threads to value 1
Read parameters from file gurobi.env
Set parameter TSPort to value 61954
Set parameter TokenServer to value "10.0.1.1"
Set parameter Threads to value 1
Read parameters from file gurobi.env
Set parameter TSPort to value 61954
Set parameter TokenServer to value "10.0.1.1"
Set parameter Threads to value 1
Read parameters from file gurobi.env
Set parameter TSPort to value 61954
Set parameter TokenServer to value "10.0.1.1"
Set parameter Threads to value 1
Read parameters from file gurobi.env
Set parameter TSPort to value 61954
Set parameter TSPort to value 61954
Set parameter TokenServer to value "10.0.1.1"
Set parameter Threads to value 1
Read parameters from file gurobi.env
Set parameter TokenServer to value "10.0.1.1"
Set parameter Threads to value 1
Read parameters from file gurobi.env
Set parameter TSPort to value 61954
Set parameter TokenServer to value "10.0.1.1"
Set parameter Threads to value 1
Read parameters from file gurobi.env
Set parameter TSPort to value 61954
Set parameter TokenServer to value "10.0.1.1"
Set parameter Threads to value 1
Read parameters from file gurobi.env
Set parameter TSPort to value 61954
Set parameter TokenServer to value "10.0.1.1"
Set parameter Threads to value 1
Read parameters from file gurobi.env
Set parameter TSPort to value 61954
Set parameter TokenServer to value "10.0.1.1"
Set parameter Threads to value 1
Read parameters from file gurobi.env
Set parameter TSPort to value 61954
Set parameter TokenServer to value "10.0.1.1"
Set parameter Threads to value 1
Read parameters from file gurobi.env
Set parameter TSPort to value 61954
Set parameter TokenServer to value "10.0.1.1"
Set parameter Threads to value 1
Read parameters from file gurobi.env
Set parameter TSPort to value 61954
Set parameter TokenServer to value "10.0.1.1"
Set parameter Threads to value 1
Read parameters from file gurobi.env
Set parameter TSPort to value 61954
Set parameter TokenServer to value "10.0.1.1"
Set parameter Threads to value 1
Read parameters from file gurobi.env
Set parameter TSPort to value 61954
Set parameter TokenServer to value "10.0.1.1"
Set parameter Threads to value 1
Read parameters from file gurobi.env
Set parameter TSPort to value 61954
Set parameter TokenServer to value "10.0.1.1"
Set parameter Threads to value 1
Read parameters from file gurobi.env
Set parameter TSPort to value 61954
Set parameter TokenServer to value "10.0.1.1"
Set parameter Threads to value 1
Read parameters from file gurobi.env
Set parameter TSPort to value 61954
Set parameter TokenServer to value "10.0.1.1"
Set parameter Threads to value 1
Read parameters from file gurobi.env
Set parameter TSPort to value 61954
Set parameter TokenServer to value "10.0.1.1"
Set parameter Threads to value 1
Read parameters from file gurobi.env
Set parameter TSPort to value 61954
Set parameter TokenServer to value "10.0.1.1"
Set parameter Threads to value 1
Read parameters from file gurobi.env
Set parameter TSPort to value 61954
Set parameter TokenServer to value "10.0.1.1"
Set parameter Threads to value 1
Read parameters from file gurobi.env
Set parameter TSPort to value 61954
Set parameter TokenServer to value "10.0.1.1"
Set parameter Threads to value 1
Read parameters from file gurobi.env
Set parameter TSPort to value 61954
Set parameter TokenServer to value "10.0.1.1"
Set parameter Threads to value 1
Read parameters from file gurobi.env
Set parameter TSPort to value 61954
Set parameter TokenServer to value "10.0.1.1"
Set parameter Threads to value 1
Read parameters from file gurobi.env
Set parameter TSPort to value 61954
Set parameter TokenServer to value "10.0.1.1"
Set parameter Threads to value 1
Read parameters from file gurobi.env
Set parameter TSPort to value 61954
Set parameter TokenServer to value "10.0.1.1"
Set parameter Threads to value 1
Read parameters from file gurobi.env
Set parameter TSPort to value 61954
Set parameter TokenServer to value "10.0.1.1"
Set parameter Threads to value 1
Read parameters from file gurobi.env
Set parameter TSPort to value 61954
Set parameter TokenServer to value "10.0.1.1"
Set parameter Threads to value 1
Read parameters from file gurobi.env
Set parameter TSPort to value 61954
Set parameter TokenServer to value "10.0.1.1"
Set parameter Threads to value 1
Read parameters from file gurobi.env
Set parameter TSPort to value 61954
Set parameter TokenServer to value "10.0.1.1"
Set parameter Threads to value 1
Read parameters from file gurobi.env
Set parameter TSPort to value 61954
Set parameter TokenServer to value "10.0.1.1"
Set parameter Threads to value 1
Read parameters from file gurobi.env
Set parameter TSPort to value 61954
Set parameter TokenServer to value "10.0.1.1"
Set parameter Threads to value 1
Read parameters from file gurobi.env
Set parameter TSPort to value 61954
Set parameter TokenServer to value "10.0.1.1"
Set parameter Threads to value 1
Read parameters from file gurobi.env
Set parameter TSPort to value 61954
Set parameter TokenServer to value "10.0.1.1"
Set parameter Threads to value 1
Read parameters from file gurobi.env
Set parameter TSPort to value 61954
Set parameter TokenServer to value "10.0.1.1"
Set parameter Threads to value 1
Read parameters from file gurobi.env
Set parameter TSPort to value 61954
Set parameter TokenServer to value "10.0.1.1"
Set parameter Threads to value 1
Read parameters from file gurobi.env
Set parameter TSPort to value 61954
Set parameter TokenServer to value "10.0.1.1"
Set parameter Threads to value 1
Read parameters from file gurobi.env
Set parameter TSPort to value 61954
Set parameter TokenServer to value "10.0.1.1"
Set parameter Threads to value 1
Read parameters from file gurobi.env
Set parameter TSPort to value 61954
Set parameter TokenServer to value "10.0.1.1"
Set parameter Threads to value 1
Read parameters from file gurobi.env
Set parameter TSPort to value 61954
Set parameter TokenServer to value "10.0.1.1"
Set parameter Threads to value 1
Read parameters from file gurobi.env
Set parameter TSPort to value 61954
Set parameter TokenServer to value "10.0.1.1"
Set parameter Threads to value 1
Read parameters from file gurobi.env
Set parameter TSPort to value 61954
Set parameter TokenServer to value "10.0.1.1"
Set parameter Threads to value 1
Read parameters from file gurobi.env
Set parameter TSPort to value 61954
Set parameter TokenServer to value "10.0.1.1"
Set parameter Threads to value 1
Read parameters from file gurobi.env
Set parameter TSPort to value 61954
Set parameter TokenServer to value "10.0.1.1"
Set parameter Threads to value 1
Read parameters from file gurobi.env
Set parameter TSPort to value 61954
Set parameter TokenServer to value "10.0.1.1"
Set parameter Threads to value 1
Read parameters from file gurobi.env
Set parameter TSPort to value 61954
Set parameter TokenServer to value "10.0.1.1"
Set parameter Threads to value 1
Read parameters from file gurobi.env
Set parameter TSPort to value 61954
Set parameter TokenServer to value "10.0.1.1"
Set parameter Threads to value 1
Read parameters from file gurobi.env
Set parameter TSPort to value 61954
Set parameter TokenServer to value "10.0.1.1"
Set parameter Threads to value 1
Read parameters from file gurobi.env
Set parameter TSPort to value 61954
Set parameter TokenServer to value "10.0.1.1"
Set parameter Threads to value 1
Read parameters from file gurobi.env
Set parameter TSPort to value 61954
Set parameter TokenServer to value "10.0.1.1"
Set parameter Threads to value 1
Read parameters from file gurobi.env
Set parameter TSPort to value 61954
Set parameter TokenServer to value "10.0.1.1"
Set parameter Threads to value 1
Read parameters from file gurobi.env
Set parameter TSPort to value 61954
Set parameter TokenServer to value "10.0.1.1"
Set parameter Threads to value 1
Read parameters from file gurobi.env
Set parameter TSPort to value 61954
Set parameter TokenServer to value "10.0.1.1"
Set parameter Threads to value 1
Read parameters from file gurobi.env
Set parameter TSPort to value 61954
Set parameter TokenServer to value "10.0.1.1"
Set parameter Threads to value 1
Read parameters from file gurobi.env
Set parameter TSPort to value 61954
Set parameter TokenServer to value "10.0.1.1"
Set parameter Threads to value 1
Read parameters from file gurobi.env
Set parameter TSPort to value 61954
Set parameter TokenServer to value "10.0.1.1"
Set parameter Threads to value 1
Read parameters from file gurobi.env
Set parameter TSPort to value 61954
Set parameter TokenServer to value "10.0.1.1"
Set parameter Threads to value 1
Read parameters from file gurobi.env
Set parameter TSPort to value 61954
Set parameter TokenServer to value "10.0.1.1"
Set parameter Threads to value 1
Read parameters from file gurobi.env
Set parameter TSPort to value 61954
Set parameter TokenServer to value "10.0.1.1"
Set parameter Threads to value 1
Read parameters from file gurobi.env
Set parameter TSPort to value 61954
Set parameter TokenServer to value "10.0.1.1"
Set parameter Threads to value 1
Read parameters from file gurobi.env
Set parameter TSPort to value 61954
Set parameter TokenServer to value "10.0.1.1"
Set parameter Threads to value 1
Read parameters from file gurobi.env
Set parameter TSPort to value 61954
Set parameter TokenServer to value "10.0.1.1"
Set parameter Threads to value 1
Read parameters from file gurobi.env
Set parameter TSPort to value 61954
Set parameter TokenServer to value "10.0.1.1"
Set parameter Threads to value 1
Read parameters from file gurobi.env
Set parameter TSPort to value 61954
Set parameter TokenServer to value "10.0.1.1"
Set parameter Threads to value 1
Read parameters from file gurobi.env
Set parameter TSPort to value 61954
Set parameter TokenServer to value "10.0.1.1"
Set parameter Threads to value 1
Read parameters from file gurobi.env
Set parameter TSPort to value 61954
Set parameter TokenServer to value "10.0.1.1"
Set parameter Threads to value 1
Read parameters from file gurobi.env
Set parameter TSPort to value 61954
Set parameter TokenServer to value "10.0.1.1"
Set parameter Threads to value 1
Read parameters from file gurobi.env
Set parameter TSPort to value 61954
Set parameter TokenServer to value "10.0.1.1"
Set parameter Threads to value 1
Read parameters from file gurobi.env
Set parameter TSPort to value 61954
Set parameter TokenServer to value "10.0.1.1"
Set parameter Threads to value 1
Read parameters from file gurobi.env
Set parameter TSPort to value 61954
Set parameter TokenServer to value "10.0.1.1"
Set parameter Threads to value 1
Read parameters from file gurobi.env
Set parameter TSPort to value 61954
Set parameter TokenServer to value "10.0.1.1"
Set parameter Threads to value 1
Read parameters from file gurobi.env
Set parameter TSPort to value 61954
Set parameter TokenServer to value "10.0.1.1"
Set parameter Threads to value 1
Read parameters from file gurobi.env
Set parameter TSPort to value 61954
Set parameter TokenServer to value "10.0.1.1"
Set parameter Threads to value 1
Read parameters from file gurobi.env
Set parameter TSPort to value 61954
Set parameter TokenServer to value "10.0.1.1"
Set parameter Threads to value 1
Read parameters from file gurobi.env
Set parameter TSPort to value 61954
Set parameter TokenServer to value "10.0.1.1"
Set parameter Threads to value 1
Read parameters from file gurobi.env
Set parameter TSPort to value 61954
Set parameter TokenServer to value "10.0.1.1"
Set parameter Threads to value 1
Read parameters from file gurobi.env
Set parameter TSPort to value 61954
Set parameter TokenServer to value "10.0.1.1"
Set parameter Threads to value 1
Read parameters from file gurobi.env
Set parameter TSPort to value 61954
Set parameter TokenServer to value "10.0.1.1"
Set parameter Threads to value 1
Read parameters from file gurobi.env
Set parameter TSPort to value 61954
Set parameter TokenServer to value "10.0.1.1"
Set parameter Threads to value 1
Read parameters from file gurobi.env
Set parameter TSPort to value 61954
Set parameter TokenServer to value "10.0.1.1"
Set parameter Threads to value 1
Read parameters from file gurobi.env
Set parameter TSPort to value 61954
Set parameter TokenServer to value "10.0.1.1"
Set parameter Threads to value 1
Read parameters from file gurobi.env
Set parameter TSPort to value 61954
Set parameter TokenServer to value "10.0.1.1"
Set parameter Threads to value 1
Read parameters from file gurobi.env
Set parameter TSPort to value 61954
Set parameter TokenServer to value "10.0.1.1"
Set parameter Threads to value 1
Read parameters from file gurobi.env
Set parameter TSPort to value 61954
Set parameter TokenServer to value "10.0.1.1"
Set parameter Threads to value 1
Read parameters from file gurobi.env
Set parameter TSPort to value 61954
Set parameter TokenServer to value "10.0.1.1"
Set parameter Threads to value 1
Read parameters from file gurobi.env
Set parameter TSPort to value 61954
Set parameter TokenServer to value "10.0.1.1"
Set parameter Threads to value 1
Read parameters from file gurobi.env
Set parameter TSPort to value 61954
Set parameter TokenServer to value "10.0.1.1"
Set parameter Threads to value 1
Read parameters from file gurobi.env
Set parameter TSPort to value 61954
Set parameter TokenServer to value "10.0.1.1"
Set parameter Threads to value 1
Read parameters from file gurobi.env
Set parameter TSPort to value 61954
Set parameter TokenServer to value "10.0.1.1"
Set parameter Threads to value 1
Read parameters from file gurobi.env
Set parameter TSPort to value 61954
Set parameter TokenServer to value "10.0.1.1"
Set parameter Threads to value 1
Read parameters from file gurobi.env
Set parameter TSPort to value 61954
Set parameter TokenServer to value "10.0.1.1"
Set parameter Threads to value 1
Read parameters from file gurobi.env
Set parameter TSPort to value 61954
Set parameter TokenServer to value "10.0.1.1"
Set parameter Threads to value 1
Read parameters from file gurobi.env
Set parameter TSPort to value 61954
Set parameter TokenServer to value "10.0.1.1"
Set parameter Threads to value 1
Read parameters from file gurobi.env
Set parameter TSPort to value 61954
Set parameter TokenServer to value "10.0.1.1"
Set parameter Threads to value 1
Read parameters from file gurobi.env
Set parameter TSPort to value 61954
Set parameter TokenServer to value "10.0.1.1"
Set parameter Threads to value 1
Read parameters from file gurobi.env
Set parameter TSPort to value 61954
Set parameter TokenServer to value "10.0.1.1"
Set parameter Threads to value 1
Read parameters from file gurobi.env
Set parameter TSPort to value 61954
Set parameter TokenServer to value "10.0.1.1"
Set parameter Threads to value 1
Read parameters from file gurobi.env
Set parameter TSPort to value 61954
Set parameter TokenServer to value "10.0.1.1"
Set parameter Threads to value 1
Read parameters from file gurobi.env
Set parameter TSPort to value 61954
Set parameter TokenServer to value "10.0.1.1"
Set parameter Threads to value 1
Read parameters from file gurobi.env
Set parameter TSPort to value 61954
Set parameter TokenServer to value "10.0.1.1"
Set parameter Threads to value 1
Read parameters from file gurobi.env
Set parameter TSPort to value 61954
Set parameter TokenServer to value "10.0.1.1"
Set parameter Threads to value 1
Read parameters from file gurobi.env
Set parameter TSPort to value 61954
Set parameter TokenServer to value "10.0.1.1"
Set parameter Threads to value 1
Read parameters from file gurobi.env
Set parameter TSPort to value 61954
Set parameter TokenServer to value "10.0.1.1"
Set parameter Threads to value 1
Read parameters from file gurobi.env
Set parameter TSPort to value 61954
Set parameter TokenServer to value "10.0.1.1"
Set parameter Threads to value 1
Read parameters from file gurobi.env
Set parameter TSPort to value 61954
Set parameter TokenServer to value "10.0.1.1"
Set parameter Threads to value 1
Read parameters from file gurobi.env
Set parameter TSPort to value 61954
Set parameter TokenServer to value "10.0.1.1"
Set parameter Threads to value 1
Read parameters from file gurobi.env
Set parameter TSPort to value 61954
Set parameter TokenServer to value "10.0.1.1"
Set parameter Threads to value 1
Read parameters from file gurobi.env
Set parameter TSPort to value 61954
Set parameter TokenServer to value "10.0.1.1"
Set parameter Threads to value 1
Read parameters from file gurobi.env
Set parameter TSPort to value 61954
Set parameter TokenServer to value "10.0.1.1"
Set parameter Threads to value 1
Read parameters from file gurobi.env
Set parameter TSPort to value 61954
Set parameter TokenServer to value "10.0.1.1"
Set parameter Threads to value 1
Read parameters from file gurobi.env
Set parameter TSPort to value 61954
Set parameter TokenServer to value "10.0.1.1"
Set parameter Threads to value 1
Read parameters from file gurobi.env
Set parameter TSPort to value 61954
Set parameter TokenServer to value "10.0.1.1"
Set parameter Threads to value 1
Read parameters from file gurobi.env
Set parameter TSPort to value 61954
Set parameter TokenServer to value "10.0.1.1"
Set parameter Threads to value 1
Read parameters from file gurobi.env
Set parameter TSPort to value 61954
Set parameter TokenServer to value "10.0.1.1"
Set parameter Threads to value 1
Read parameters from file gurobi.env
Set parameter TSPort to value 61954
Set parameter TokenServer to value "10.0.1.1"
Set parameter Threads to value 1
Read parameters from file gurobi.env
Set parameter TSPort to value 61954
Set parameter TokenServer to value "10.0.1.1"
Set parameter Threads to value 1
Read parameters from file gurobi.env
Set parameter TSPort to value 61954
Set parameter TokenServer to value "10.0.1.1"
Set parameter Threads to value 1
Read parameters from file gurobi.env
Set parameter TSPort to value 61954
Set parameter TokenServer to value "10.0.1.1"
Set parameter Threads to value 1
Read parameters from file gurobi.env
Set parameter TSPort to value 61954
Set parameter TokenServer to value "10.0.1.1"
Set parameter Threads to value 1
Read parameters from file gurobi.env
Set parameter TSPort to value 61954
Set parameter TokenServer to value "10.0.1.1"
Set parameter Threads to value 1
Read parameters from file gurobi.env
Set parameter TSPort to value 61954
Set parameter TokenServer to value "10.0.1.1"
Set parameter Threads to value 1
Read parameters from file gurobi.env
Set parameter TSPort to value 61954
Set parameter TokenServer to value "10.0.1.1"
Set parameter Threads to value 1
Read parameters from file gurobi.env
Set parameter TSPort to value 61954
Set parameter TokenServer to value "10.0.1.1"
Set parameter Threads to value 1
Read parameters from file gurobi.env
Set parameter TSPort to value 61954
Set parameter TokenServer to value "10.0.1.1"
Set parameter Threads to value 1
Read parameters from file gurobi.env
Set parameter TSPort to value 61954
Set parameter TokenServer to value "10.0.1.1"
Set parameter Threads to value 1
Read parameters from file gurobi.env
####################################################################################################
####################################################################################################
Data loaded and scattered. Time:  15:55:59
####################################################################################################
####################################################################################################
Set parameter TSPort to value 61954
Set parameter TokenServer to value "10.0.1.1"
Set parameter Threads to value 1
Read parameters from file gurobi.env
Set parameter Method to value 0
Gurobi Optimizer version 12.0.1 build v12.0.1rc0 (linux64 - "Ubuntu 24.04.1 LTS")

CPU model: Intel(R) Xeon(R) Platinum 8268 CPU @ 2.90GHz, instruction set [SSE2|AVX|AVX2|AVX512]
Thread count: 48 physical cores, 48 logical processors, using up to 1 threads

Non-default parameters:
Method  0
TSPort  61954
Threads  1

Optimize a model with 7650 rows, 8147 columns and 3809670 nonzeros
Model fingerprint: 0x4c919d3a
Coefficient statistics:
  Matrix range     [1e-04, 1e+00]
  Objective range  [3e-02, 1e+00]
  Bounds range     [1e+09, 1e+09]
  RHS range        [7e-03, 8e+01]
Presolve removed 0 rows and 492 columns
Presolve time: 1.25s
Presolved: 5 rows, 7654 columns, 38224 nonzeros

Iteration    Objective       Primal Inf.    Dual Inf.      Time
       0   -6.4962123e+01   3.142990e-01   2.017123e+08      1s
      89   -5.2447503e+01   0.000000e+00   0.000000e+00      1s

Solved in 89 iterations and 1.47 seconds (3.10 work units)
Optimal objective -5.244750331e+01
----------------------------------------------------------------------------------------------------
modular characteristics:   1
quadratic characteristics: 3
simulations:               30
agents:                    255
objects:                   493
phi_hat:                   [0.34392993 0.47553915 0.25142282 0.19437477]
----------------------------------------------------------------------------------------------------
ObjVal:               -52.44750331072514
upper bound:          -6.913945179418268
min solution: 0.0 max solution: 67.81786956788929
----------------------------------------------------------------------------------------------------
parameters: [67.22098409  0.          0.          0.        ]
----------------------------------------------------------------------------------------------------
####################################################################################################
####################################################################################################
Pricing and Master init done. Time:  15:56:08
####################################################################################################
####################################################################################################
####################################################################################################
####################################################################################################
ITERATION:  0
TIME after pricing:  15:56:48
####################################################################################################
####################################################################################################
Warning for adding constraints: zero or small (< 1e-13) coefficients, ignored
Gurobi Optimizer version 12.0.1 build v12.0.1rc0 (linux64 - "Ubuntu 24.04.1 LTS")

CPU model: Intel(R) Xeon(R) Platinum 8268 CPU @ 2.90GHz, instruction set [SSE2|AVX|AVX2|AVX512]
Thread count: 48 physical cores, 48 logical processors, using up to 1 threads

Non-default parameters:
Method  0
TSPort  61954
Threads  1

Optimize a model with 15250 rows, 8147 columns and 4108651 nonzeros
Coefficient statistics:
  Matrix range     [5e-12, 1e+00]
  Objective range  [3e-02, 1e+00]
  Bounds range     [1e+09, 1e+09]
  RHS range        [7e-03, 2e+02]
LP warm-start: use basis

Iteration    Objective       Primal Inf.    Dual Inf.      Time
       0   -5.2447503e+01   3.132548e+05   2.600753e+11      0s
    9348   -3.4574621e+03   0.000000e+00   2.654462e+04      5s
   10378   -2.2496870e+03   0.000000e+00   4.249641e+04     11s
   11228   -1.8512747e+03   0.000000e+00   2.416843e+04     15s
   12268   -1.4974523e+03   0.000000e+00   4.778752e+04     21s
   13198   -1.2199504e+03   0.000000e+00   9.445703e+03     26s
   14118   -1.0964530e+03   0.000000e+00   1.269928e+04     31s
   15018   -9.8408832e+02   0.000000e+00   9.252689e+04     36s
   15918   -8.9549643e+02   0.000000e+00   4.649664e+03     41s
   16818   -8.2177024e+02   0.000000e+00   1.098462e+04     46s
   17708   -7.3882014e+02   0.000000e+00   5.390756e+04     51s
   18608   -6.7619190e+02   0.000000e+00   2.879162e+04     56s
   19358   -6.3542517e+02   0.000000e+00   1.711305e+04     60s
   20258   -5.8634542e+02   0.000000e+00   7.076822e+03     65s
   21158   -5.4982609e+02   0.000000e+00   2.017765e+03     70s
   22058   -5.2124105e+02   0.000000e+00   2.319845e+04     75s
   22968   -4.8971968e+02   0.000000e+00   2.718805e+03     80s
   23858   -4.6615252e+02   0.000000e+00   3.509802e+03     85s
   24758   -4.4967754e+02   0.000000e+00   1.096176e+04     90s
   25638   -4.3502176e+02   0.000000e+00   6.381934e+02     96s
   26508   -4.2272396e+02   0.000000e+00   1.148243e+04    101s
   27298   -4.1283616e+02   0.000000e+00   4.076718e+02    105s
   28158   -4.0274336e+02   0.000000e+00   5.120143e+02    110s
   28951   -3.9832619e+02   0.000000e+00   0.000000e+00    115s

Solved in 28951 iterations and 114.80 seconds (161.45 work units)
Optimal objective -3.983261926e+02
--------------------------------------------------------
Max reduced cost  240.61359799085218
Max u_si_star      269.5511314197493
Max u_si_master    43.12155691274236
--------------------------------------------------------
Constraints added:     7600 out of 7604
Constraints removed:   0
--------------------------------------------------------
Parameters:  [  0.         119.53522885   0.           0.        ]
--------------------------------------------------------
TIME after master:  15:58:51
####################################################################################################
####################################################################################################
ITERATION:  1
TIME after pricing:  15:59:52
####################################################################################################
####################################################################################################
Gurobi Optimizer version 12.0.1 build v12.0.1rc0 (linux64 - "Ubuntu 24.04.1 LTS")

CPU model: Intel(R) Xeon(R) Platinum 8268 CPU @ 2.90GHz, instruction set [SSE2|AVX|AVX2|AVX512]
Thread count: 48 physical cores, 48 logical processors, using up to 1 threads

Non-default parameters:
Method  0
TSPort  61954
Threads  1

Optimize a model with 22675 rows, 8147 columns and 4307994 nonzeros
Coefficient statistics:
  Matrix range     [4e-12, 1e+00]
  Objective range  [3e-02, 1e+00]
  Bounds range     [1e+09, 1e+09]
  RHS range        [7e-03, 2e+02]
LP warm-start: use basis

Iteration    Objective       Primal Inf.    Dual Inf.      Time
       0   -3.9832619e+02   1.970544e+05   3.425430e+11      0s
    8970   -2.0217552e+03   2.605469e+02   8.200201e+08      6s
   10690   -1.7720960e+03   1.618558e+02   5.341713e+08     10s
   12300   -1.6308865e+03   1.009911e+02   3.545895e+08     15s
   13820   -1.5142649e+03   6.568572e+01   1.702724e+09     21s
   14610   -1.4395301e+03   4.127264e+01   3.593366e+09     25s
   15440   -1.4002099e+03   2.208177e+01   3.702481e+09     30s
   16250   -1.3563638e+03   6.291085e+00   3.023359e+09     35s
   17220   -1.2721922e+03   0.000000e+00   1.798989e+04     41s
   18000   -1.1499120e+03   0.000000e+00   1.477516e+05     46s
   18830   -1.0434325e+03   0.000000e+00   3.755615e+04     51s
   19680   -9.6194608e+02   0.000000e+00   1.037366e+04     56s
   20490   -8.9311364e+02   0.000000e+00   2.160771e+04     61s
   21290   -8.4398425e+02   0.000000e+00   1.124216e+04     66s
   22120   -7.9455682e+02   0.000000e+00   1.471699e+04     71s
   22920   -7.5246208e+02   0.000000e+00   1.082358e+04     75s
   23720   -7.2047292e+02   0.000000e+00   6.943422e+03     80s
   24480   -6.8716978e+02   0.000000e+00   7.912676e+03     85s
   25390   -6.5992510e+02   0.000000e+00   6.369557e+03     91s
   26180   -6.3670061e+02   0.000000e+00   1.865096e+03     96s
   26990   -6.1337877e+02   0.000000e+00   1.191919e+05    100s
   27810   -5.9497091e+02   0.000000e+00   3.184193e+03    105s
   28650   -5.7550124e+02   0.000000e+00   1.909244e+03    110s
   29480   -5.6122301e+02   0.000000e+00   3.314775e+03    115s
   30320   -5.4922428e+02   0.000000e+00   5.547928e+02    120s
   31170   -5.3895067e+02   0.000000e+00   4.242709e+03    125s
   32010   -5.2876038e+02   0.000000e+00   8.694829e+02    130s
   32860   -5.2065731e+02   0.000000e+00   2.106248e+03    135s
   33710   -5.1428159e+02   0.000000e+00   7.594069e+02    140s
   34560   -5.0810117e+02   0.000000e+00   4.062727e+02    145s
   35420   -5.0318876e+02   0.000000e+00   8.732036e+02    150s
   36310   -5.0103666e+02   0.000000e+00   2.659621e+02    155s
   36711   -5.0079489e+02   0.000000e+00   0.000000e+00    158s

Solved in 36711 iterations and 157.63 seconds (238.16 work units)
Optimal objective -5.007948869e+02
--------------------------------------------------------
Max reduced cost  201.29530451565157
Max u_si_star      201.29530451565157
Max u_si_master    25.730195893680257
--------------------------------------------------------
Constraints added:     7425 out of 7448
Constraints removed:   0
--------------------------------------------------------
Parameters:  [  0.         124.32786056   0.           0.        ]
--------------------------------------------------------
TIME after master:  16:02:39
####################################################################################################
####################################################################################################
ITERATION:  2
TIME after pricing:  16:03:34
####################################################################################################
####################################################################################################
Gurobi Optimizer version 12.0.1 build v12.0.1rc0 (linux64 - "Ubuntu 24.04.1 LTS")

CPU model: Intel(R) Xeon(R) Platinum 8268 CPU @ 2.90GHz, instruction set [SSE2|AVX|AVX2|AVX512]
Thread count: 48 physical cores, 48 logical processors, using up to 1 threads

Non-default parameters:
Method  0
TSPort  61954
Threads  1

Optimize a model with 30018 rows, 8147 columns and 4504417 nonzeros
Coefficient statistics:
  Matrix range     [4e-12, 1e+00]
  Objective range  [3e-02, 1e+00]
  Bounds range     [1e+09, 1e+09]
  RHS range        [7e-03, 2e+02]
LP warm-start: use basis

Iteration    Objective       Primal Inf.    Dual Inf.      Time
       0   -5.0079489e+02   1.868076e+05   2.761073e+11      0s
    9680   -2.4703241e+03   5.283449e+02   3.063935e+09      5s
   11570   -2.2631354e+03   1.492169e+02   5.667779e+08     10s
   12830   -2.1252822e+03   8.066896e+01   5.116450e+08     15s
   14160   -2.0172076e+03   5.489876e+01   3.879877e+08     21s
   15150   -1.9440071e+03   4.246892e+01   2.842650e+09     25s
   16320   -1.8698608e+03   3.097136e+01   7.472701e+08     31s
   17310   -1.8504411e+03   2.436586e+01   8.719042e+08     35s
   18490   -1.7962128e+03   1.715942e+01   3.308285e+08     40s
   19240   -1.7488154e+03   8.264301e+00   5.875869e+08     45s
   20010   -1.7194312e+03   2.357584e+00   7.088732e+08     51s
   20760   -1.6609594e+03   0.000000e+00   2.101908e+04     56s
   21510   -1.5417981e+03   0.000000e+00   1.248964e+05     60s
   22260   -1.4230544e+03   0.000000e+00   3.851411e+04     65s
   23010   -1.3275412e+03   0.000000e+00   2.373355e+04     71s
   23760   -1.2533077e+03   0.000000e+00   6.254143e+04     76s
   24510   -1.1879433e+03   0.000000e+00   1.000067e+05     81s
   25260   -1.1366141e+03   0.000000e+00   1.529479e+04     86s
   25860   -1.0885993e+03   0.000000e+00   1.500744e+04     90s
   26610   -1.0436293e+03   0.000000e+00   1.619537e+04     95s
   27360   -1.0046185e+03   0.000000e+00   1.362901e+04    100s
   28140   -9.6924961e+02   0.000000e+00   8.333118e+03    106s
   28890   -9.3246738e+02   0.000000e+00   7.226269e+03    111s
   29490   -9.0835152e+02   0.000000e+00   1.218451e+05    115s
   30240   -8.8292939e+02   0.000000e+00   6.606105e+03    120s
   30990   -8.6122341e+02   0.000000e+00   6.468379e+03    126s
   31740   -8.3423924e+02   0.000000e+00   2.688500e+03    131s
   32490   -8.1434492e+02   0.000000e+00   1.618232e+04    136s
   33090   -8.0061922e+02   0.000000e+00   2.870417e+03    140s
   33840   -7.8390418e+02   0.000000e+00   8.906556e+03    145s
   34590   -7.7062730e+02   0.000000e+00   6.111111e+03    151s
   35370   -7.5920479e+02   0.000000e+00   2.172944e+03    156s
   35980   -7.5127255e+02   0.000000e+00   2.236293e+03    160s
   36730   -7.4061339e+02   0.000000e+00   4.370111e+03    165s
   37480   -7.3115085e+02   0.000000e+00   3.370197e+03    171s
   38260   -7.2091231e+02   0.000000e+00   3.309067e+03    176s
   38900   -7.1237653e+02   0.000000e+00   3.430720e+04    180s
   39690   -7.0459092e+02   0.000000e+00   4.098806e+03    185s
   40490   -6.9758719e+02   0.000000e+00   2.918112e+03    191s
   41120   -6.9225370e+02   0.000000e+00   7.464514e+02    195s
   41920   -6.8587368e+02   0.000000e+00   5.690773e+03    201s
   42560   -6.8092237e+02   0.000000e+00   9.796699e+02    205s
   43380   -6.7700600e+02   0.000000e+00   9.076728e+02    211s
   44180   -6.7268801e+02   0.000000e+00   6.797661e+04    216s
   44820   -6.6931992e+02   0.000000e+00   1.588929e+03    220s
   45620   -6.6585280e+02   0.000000e+00   4.135310e+02    226s
   46270   -6.6402046e+02   0.000000e+00   5.006328e+02    230s
   47120   -6.6211356e+02   0.000000e+00   8.596522e+02    236s
   47760   -6.6114628e+02   0.000000e+00   2.775172e+02    240s
   48550   -6.6059739e+02   0.000000e+00   4.890841e+01    246s
   48923   -6.6053977e+02   0.000000e+00   0.000000e+00    248s

Solved in 48923 iterations and 248.30 seconds (423.73 work units)
Optimal objective -6.605397726e+02
--------------------------------------------------------
Max reduced cost  175.49166989011982
Max u_si_star      197.3896115194042
Max u_si_master    33.346868515095444
--------------------------------------------------------
Constraints added:     7343 out of 7441
Constraints removed:   0
--------------------------------------------------------
Parameters:  [  0.         169.00399139   0.           0.        ]
--------------------------------------------------------
TIME after master:  16:07:51
####################################################################################################
####################################################################################################
ITERATION:  3
TIME after pricing:  16:08:43
####################################################################################################
####################################################################################################
Gurobi Optimizer version 12.0.1 build v12.0.1rc0 (linux64 - "Ubuntu 24.04.1 LTS")

CPU model: Intel(R) Xeon(R) Platinum 8268 CPU @ 2.90GHz, instruction set [SSE2|AVX|AVX2|AVX512]
Thread count: 48 physical cores, 48 logical processors, using up to 1 threads

Non-default parameters:
Method  0
TSPort  61954
Threads  1

Optimize a model with 37081 rows, 8147 columns and 4640534 nonzeros
Coefficient statistics:
  Matrix range     [4e-12, 1e+00]
  Objective range  [3e-02, 1e+00]
  Bounds range     [1e+09, 1e+09]
  RHS range        [7e-03, 2e+02]
LP warm-start: use basis

Iteration    Objective       Primal Inf.    Dual Inf.      Time
       0   -6.6053977e+02   1.166307e+05   6.147353e+11      0s
    8160   -2.0949922e+03   1.187482e+03   6.165169e+09      5s
   10490   -1.8562083e+03   3.851209e+02   8.869841e+08     10s
   12030   -1.7476658e+03   1.648661e+02   1.094109e+09     16s
   13070   -1.6932769e+03   9.277490e+01   4.547828e+08     20s
   14230   -1.6525538e+03   6.951875e+01   8.049656e+08     25s
   15350   -1.6108533e+03   5.286541e+01   7.561995e+08     30s
   16450   -1.5753447e+03   3.705194e+01   4.284252e+08     36s
   17500   -1.5504800e+03   2.635930e+01   6.367303e+08     41s
   18300   -1.5308762e+03   2.110206e+01   3.493767e+09     45s
   19280   -1.5105809e+03   1.455170e+01   1.074011e+09     50s
   20270   -1.5031244e+03   1.039784e+01   4.986747e+09     56s
   21070   -1.4935306e+03   6.779967e+00   1.985666e+09     60s
   22030   -1.4889213e+03   4.286308e+00   1.116653e+08     66s
   22840   -1.4874379e+03   2.410441e+00   9.939813e+08     70s
   23820   -1.4852269e+03   8.940040e-01   9.161100e+07     76s
   24630   -1.4607626e+03   0.000000e+00   1.273451e+04     80s
   25590   -1.4150855e+03   0.000000e+00   7.917440e+03     85s
   26550   -1.3724409e+03   0.000000e+00   2.747131e+04     91s
   27350   -1.3402637e+03   0.000000e+00   4.080884e+03     95s
   28310   -1.3154084e+03   0.000000e+00   1.786030e+03    101s
   29110   -1.2916057e+03   0.000000e+00   2.022470e+04    105s
   30130   -1.2675059e+03   0.000000e+00   4.203514e+03    111s
   30940   -1.2449326e+03   0.000000e+00   3.062742e+03    115s
   31920   -1.2114970e+03   0.000000e+00   2.751769e+03    121s
   32690   -1.1767673e+03   0.000000e+00   2.755755e+04    126s
   33300   -1.1334951e+03   0.000000e+00   4.112432e+03    130s
   34090   -1.0951626e+03   0.000000e+00   1.350880e+04    136s
   34710   -1.0686057e+03   0.000000e+00   2.855771e+04    141s
   35360   -1.0418039e+03   0.000000e+00   1.680168e+04    145s
   36150   -1.0088321e+03   0.000000e+00   1.287460e+04    151s
   36780   -9.8463588e+02   0.000000e+00   6.563084e+04    156s
   37400   -9.6561791e+02   0.000000e+00   4.124366e+04    160s
   38200   -9.4058434e+02   0.000000e+00   4.532931e+03    166s
   38840   -9.2334360e+02   0.000000e+00   6.515104e+03    171s
   39460   -9.0771602e+02   0.000000e+00   1.830151e+04    175s
   40210   -8.9247591e+02   0.000000e+00   3.949114e+03    181s
   40820   -8.8296463e+02   0.000000e+00   3.268285e+03    185s
   41460   -8.7202335e+02   0.000000e+00   2.302529e+03    190s
   42250   -8.5945057e+02   0.000000e+00   1.119883e+04    196s
   42890   -8.5135344e+02   0.000000e+00   4.914289e+03    201s
   43520   -8.4329465e+02   0.000000e+00   5.229915e+03    205s
   44320   -8.3377930e+02   0.000000e+00   4.737541e+03    211s
   44960   -8.2712684e+02   0.000000e+00   3.494985e+03    216s
   45600   -8.1938899e+02   0.000000e+00   9.181419e+03    220s
   46240   -8.1221040e+02   0.000000e+00   6.598013e+03    225s
   47040   -8.0433470e+02   0.000000e+00   4.640961e+04    231s
   47680   -7.9932542e+02   0.000000e+00   1.481843e+03    235s
   48490   -7.9309266e+02   0.000000e+00   3.240670e+03    241s
   49140   -7.8878126e+02   0.000000e+00   1.284585e+03    246s
   49800   -7.8452971e+02   0.000000e+00   1.425519e+03    251s
   50440   -7.8073032e+02   0.000000e+00   4.438186e+03    255s
   51290   -7.7615941e+02   0.000000e+00   8.967932e+02    261s
   51970   -7.7300011e+02   0.000000e+00   4.132357e+03    266s
   52650   -7.7052734e+02   0.000000e+00   2.955014e+02    271s
   53330   -7.6883758e+02   0.000000e+00   3.888198e+02    276s
   54010   -7.6746144e+02   0.000000e+00   6.214763e+02    280s
   54690   -7.6636485e+02   0.000000e+00   9.938883e+02    285s
   55530   -7.6547409e+02   0.000000e+00   1.850261e+02    291s
   56180   -7.6503626e+02   0.000000e+00   3.010727e+02    296s
   56820   -7.6488620e+02   0.000000e+00   5.875473e+00    300s
   57009   -7.6487834e+02   0.000000e+00   0.000000e+00    302s

Solved in 57009 iterations and 301.96 seconds (550.08 work units)
Optimal objective -7.648783383e+02
--------------------------------------------------------
Max reduced cost  137.01864976509574
Max u_si_star      144.95155944943215
Max u_si_master    32.04794662671371
--------------------------------------------------------
Constraints added:     7063 out of 7280
Constraints removed:   0
--------------------------------------------------------
Parameters:  [  0.         305.41423941   0.           0.        ]
--------------------------------------------------------
TIME after master:  16:13:54
####################################################################################################
####################################################################################################
ITERATION:  4
TIME after pricing:  16:15:18
####################################################################################################
####################################################################################################
Gurobi Optimizer version 12.0.1 build v12.0.1rc0 (linux64 - "Ubuntu 24.04.1 LTS")

CPU model: Intel(R) Xeon(R) Platinum 8268 CPU @ 2.90GHz, instruction set [SSE2|AVX|AVX2|AVX512]
Thread count: 48 physical cores, 48 logical processors, using up to 1 threads

Non-default parameters:
Method  0
TSPort  61954
Threads  1

Optimize a model with 36217 rows, 8147 columns and 967000 nonzeros
Coefficient statistics:
  Matrix range     [3e-12, 1e+00]
  Objective range  [3e-02, 1e+00]
  Bounds range     [1e+09, 1e+09]
  RHS range        [2e-02, 2e+02]
LP warm-start: use basis

Iteration    Objective       Primal Inf.    Dual Inf.      Time
       0   -7.6487834e+02   1.032230e+05   5.155192e+11      0s
   11886   -1.7593280e+03   1.942459e+02   8.359533e+08      5s
   15034   -1.6287333e+03   5.759860e+01   5.245344e+08     10s
   17724   -1.5380422e+03   3.317237e+01   3.779922e+08     15s
   20434   -1.5053380e+03   2.121116e+01   1.682476e+09     20s
   23354   -1.5151188e+03   7.265080e+00   2.776638e+08     25s
   26344   -1.4752008e+03   0.000000e+00   7.497110e+03     30s
   29254   -1.3571707e+03   0.000000e+00   9.666631e+03     35s
   32174   -1.2749363e+03   0.000000e+00   1.872881e+04     40s
   34534   -1.1538139e+03   0.000000e+00   4.147706e+03     45s
   36764   -1.0726950e+03   0.000000e+00   1.847928e+04     50s
   39004   -1.0182669e+03   0.000000e+00   1.868281e+04     55s
   41274   -9.7590657e+02   0.000000e+00   1.205875e+04     60s
   43444   -9.4638017e+02   0.000000e+00   4.542404e+03     65s
   45644   -9.2454177e+02   0.000000e+00   2.517656e+03     70s
   47754   -9.0812687e+02   0.000000e+00   3.737740e+03     75s
   49954   -8.9421987e+02   0.000000e+00   1.333556e+03     80s
   52184   -8.8370537e+02   0.000000e+00   4.126990e+03     85s
   54444   -8.7455001e+02   0.000000e+00   2.114689e+03     90s
   56744   -8.6899293e+02   0.000000e+00   6.258466e+02     95s
   58854   -8.6588674e+02   0.000000e+00   1.026158e+03    100s
   61044   -8.6482289e+02   0.000000e+00   9.052225e+01    105s
   61500   -8.6480000e+02   0.000000e+00   0.000000e+00    106s

Solved in 61500 iterations and 106.13 seconds (200.38 work units)
Optimal objective -8.648000018e+02
--------------------------------------------------------
Max reduced cost  149.00731084909432
Max u_si_star      157.59578376137813
Max u_si_master    22.983216412754583
--------------------------------------------------------
Constraints added:     6755 out of 6961
Constraints removed:   7619
--------------------------------------------------------
Parameters:  [  0.         518.15494114   0.           0.        ]
--------------------------------------------------------
TIME after master:  16:17:11
####################################################################################################
####################################################################################################
ITERATION:  5
TIME after pricing:  16:19:03
####################################################################################################
####################################################################################################
Gurobi Optimizer version 12.0.1 build v12.0.1rc0 (linux64 - "Ubuntu 24.04.1 LTS")

CPU model: Intel(R) Xeon(R) Platinum 8268 CPU @ 2.90GHz, instruction set [SSE2|AVX|AVX2|AVX512]
Thread count: 48 physical cores, 48 logical processors, using up to 1 threads

Non-default parameters:
Method  0
TSPort  61954
Threads  1

Optimize a model with 35971 rows, 8147 columns and 782670 nonzeros
Coefficient statistics:
  Matrix range     [2e-12, 1e+00]
  Objective range  [3e-02, 1e+00]
  Bounds range     [1e+09, 1e+09]
  RHS range        [9e-02, 2e+02]
LP warm-start: use basis

Iteration    Objective       Primal Inf.    Dual Inf.      Time
       0   -8.6480000e+02   7.864571e+04   5.096831e+11      0s
   12715   -1.5314012e+03   1.015008e+02   6.446793e+08      5s
   16015   -1.4669772e+03   2.413201e+01   4.384606e+08     10s
   18755   -1.4302988e+03   8.851090e+00   4.479746e+08     15s
   21725   -1.4237315e+03   1.576965e+00   8.983167e+08     20s
   24895   -1.3777983e+03   0.000000e+00   5.072076e+03     25s
   28075   -1.3160085e+03   0.000000e+00   9.100289e+03     30s
   31105   -1.2685789e+03   0.000000e+00   1.150669e+04     35s
   33745   -1.1671799e+03   0.000000e+00   2.683353e+04     40s
   36295   -1.1070053e+03   0.000000e+00   9.529191e+03     45s
   38715   -1.0625989e+03   0.000000e+00   7.277917e+03     50s
   41305   -1.0273438e+03   0.000000e+00   8.735544e+03     55s
   43845   -1.0025869e+03   0.000000e+00   5.200568e+03     60s
   46395   -9.8530511e+02   0.000000e+00   9.721873e+03     65s
   48835   -9.7153938e+02   0.000000e+00   1.774087e+03     70s
   51395   -9.6234363e+02   0.000000e+00   8.248714e+02     75s
   53895   -9.5730978e+02   0.000000e+00   4.058820e+02     80s
   56375   -9.5404399e+02   0.000000e+00   4.329178e+02     85s
   58845   -9.5304799e+02   0.000000e+00   3.402317e+01     90s
   59547   -9.5300694e+02   0.000000e+00   0.000000e+00     91s

Solved in 59547 iterations and 91.47 seconds (171.98 work units)
Optimal objective -9.530069401e+02
--------------------------------------------------------
Max reduced cost  149.4572858021719
Max u_si_star      160.59219582583708
Max u_si_master    32.536625608585425
--------------------------------------------------------
Constraints added:     6419 out of 6668
Constraints removed:   6665
--------------------------------------------------------
Parameters:  [  0.         632.30778775   0.           0.        ]
--------------------------------------------------------
TIME after master:  16:20:42
####################################################################################################
####################################################################################################
ITERATION:  6
TIME after pricing:  16:30:59
####################################################################################################
####################################################################################################
Gurobi Optimizer version 12.0.1 build v12.0.1rc0 (linux64 - "Ubuntu 24.04.1 LTS")

CPU model: Intel(R) Xeon(R) Platinum 8268 CPU @ 2.90GHz, instruction set [SSE2|AVX|AVX2|AVX512]
Thread count: 48 physical cores, 48 logical processors, using up to 1 threads

Non-default parameters:
Method  0
TSPort  61954
Threads  1

Optimize a model with 35720 rows, 8147 columns and 655050 nonzeros
Coefficient statistics:
  Matrix range     [2e-12, 1e+00]
  Objective range  [3e-02, 1e+00]
  Bounds range     [1e+09, 1e+09]
  RHS range        [9e-02, 2e+02]
LP warm-start: use basis

Iteration    Objective       Primal Inf.    Dual Inf.      Time
       0   -9.5300694e+02   6.554167e+04   3.768211e+11      0s
   13197   -1.4476105e+03   5.562560e+01   1.186529e+09      5s
   16677   -1.4227893e+03   9.851606e+00   3.885631e+08     10s
   19857   -1.4046692e+03   1.020753e-02   1.614154e+08     15s
   23317   -1.3615428e+03   0.000000e+00   2.503932e+03     20s
   26747   -1.3157603e+03   0.000000e+00   3.679763e+03     25s
   30387   -1.2756149e+03   0.000000e+00   2.762976e+03     30s
   33367   -1.2060742e+03   0.000000e+00   2.223580e+04     35s
   36347   -1.1444381e+03   0.000000e+00   8.096399e+03     40s
   39027   -1.1042582e+03   0.000000e+00   9.990398e+03     45s
   41737   -1.0777396e+03   0.000000e+00   2.982044e+04     50s
   44437   -1.0593428e+03   0.000000e+00   1.252932e+04     55s
   47247   -1.0461459e+03   0.000000e+00   1.806455e+03     60s
   49967   -1.0385801e+03   0.000000e+00   1.769053e+03     65s
   52697   -1.0340660e+03   0.000000e+00   4.900725e+02     70s
   55377   -1.0323965e+03   0.000000e+00   1.237440e+02     75s
   56790   -1.0322340e+03   0.000000e+00   0.000000e+00     78s

Solved in 56790 iterations and 77.60 seconds (146.67 work units)
Optimal objective -1.032233984e+03
--------------------------------------------------------
Max reduced cost  133.2741000271584
Max u_si_star      141.70777225482743
Max u_si_master    31.431395876837424
--------------------------------------------------------
Constraints added:     6103 out of 6380
Constraints removed:   6354
--------------------------------------------------------
Parameters:  [  0.         650.80911054   0.           0.        ]
--------------------------------------------------------
TIME after master:  16:32:23
####################################################################################################
####################################################################################################
ITERATION:  7
TIME after pricing:  16:37:50
####################################################################################################
####################################################################################################
Gurobi Optimizer version 12.0.1 build v12.0.1rc0 (linux64 - "Ubuntu 24.04.1 LTS")

CPU model: Intel(R) Xeon(R) Platinum 8268 CPU @ 2.90GHz, instruction set [SSE2|AVX|AVX2|AVX512]
Thread count: 48 physical cores, 48 logical processors, using up to 1 threads

Non-default parameters:
Method  0
TSPort  61954
Threads  1

Optimize a model with 34495 rows, 8147 columns and 531298 nonzeros
Coefficient statistics:
  Matrix range     [2e-12, 1e+00]
  Objective range  [3e-02, 1e+00]
  Bounds range     [1e+09, 1e+09]
  RHS range        [3e-03, 2e+02]
LP warm-start: use basis

Iteration    Objective       Primal Inf.    Dual Inf.      Time
       0   -1.0322340e+03   5.379607e+04   6.495829e+11      0s
   13316   -1.3894100e+03   6.023327e+01   1.222520e+09      5s
   17296   -1.3533216e+03   9.860149e+00   4.580596e+08     10s
   21036   -1.3343677e+03   6.091995e-01   2.330471e+08     15s
   25015   -1.2982093e+03   0.000000e+00   1.004628e+04     20s
   29093   -1.2615662e+03   0.000000e+00   2.785402e+04     25s
   32523   -1.1933477e+03   0.000000e+00   2.424169e+04     30s
   35583   -1.1489620e+03   0.000000e+00   1.762263e+04     35s
   38823   -1.1241586e+03   0.000000e+00   4.055054e+03     40s
   41883   -1.1085678e+03   0.000000e+00   2.932701e+03     45s
   44943   -1.0978926e+03   0.000000e+00   9.014990e+02     50s
   47993   -1.0933938e+03   0.000000e+00   1.887196e+03     55s
   51113   -1.0919710e+03   0.000000e+00   6.272638e+02     60s
   52422   -1.0918540e+03   0.000000e+00   0.000000e+00     62s

Solved in 52422 iterations and 62.28 seconds (116.39 work units)
Optimal objective -1.091854019e+03
--------------------------------------------------------
Max reduced cost  96.11396271445314
Max u_si_star      103.5768733364157
Max u_si_master    26.061584632069756
--------------------------------------------------------
Constraints added:     5846 out of 6147
Constraints removed:   7071
--------------------------------------------------------
Parameters:  [126.1455412  641.90578856   0.           0.        ]
--------------------------------------------------------
TIME after master:  16:38:59
####################################################################################################
####################################################################################################
ITERATION:  8
TIME after pricing:  16:45:31
####################################################################################################
####################################################################################################
Gurobi Optimizer version 12.0.1 build v12.0.1rc0 (linux64 - "Ubuntu 24.04.1 LTS")

CPU model: Intel(R) Xeon(R) Platinum 8268 CPU @ 2.90GHz, instruction set [SSE2|AVX|AVX2|AVX512]
Thread count: 48 physical cores, 48 logical processors, using up to 1 threads

Non-default parameters:
Method  0
TSPort  61954
Threads  1

Optimize a model with 33326 rows, 8147 columns and 459895 nonzeros
Coefficient statistics:
  Matrix range     [2e-12, 1e+00]
  Objective range  [3e-02, 1e+00]
  Bounds range     [1e+09, 1e+09]
  RHS range        [3e-03, 1e+02]
LP warm-start: use basis

Iteration    Objective       Primal Inf.    Dual Inf.      Time
       0   -1.0918540e+03   2.254842e+04   6.521576e+11      0s
   11022   -1.2864854e+03   2.239424e+00   2.176989e+08      5s
   15151   -1.2500964e+03   0.000000e+00   3.782475e+04     10s
   19410   -1.2261143e+03   0.000000e+00   2.007480e+03     15s
   23961   -1.2102352e+03   0.000000e+00   1.545005e+03     20s
   28168   -1.1913353e+03   0.000000e+00   4.067849e+03     25s
   31768   -1.1704714e+03   0.000000e+00   6.679573e+03     30s
   35358   -1.1605062e+03   0.000000e+00   8.552391e+02     35s
   38868   -1.1575163e+03   0.000000e+00   1.886444e+02     40s
   40575   -1.1572812e+03   0.000000e+00   0.000000e+00     42s

Solved in 40575 iterations and 42.47 seconds (83.22 work units)
Optimal objective -1.157281161e+03
--------------------------------------------------------
Max reduced cost  62.636754085816015
Max u_si_star      71.73706701101982
Max u_si_master    24.701827889113986
--------------------------------------------------------
Constraints added:     5255 out of 5673
Constraints removed:   6424
--------------------------------------------------------
Parameters:  [171.72044683 363.52211327   0.           0.        ]
--------------------------------------------------------
TIME after master:  16:46:19
####################################################################################################
####################################################################################################
ITERATION:  9
TIME after pricing:  16:47:09
####################################################################################################
####################################################################################################
Gurobi Optimizer version 12.0.1 build v12.0.1rc0 (linux64 - "Ubuntu 24.04.1 LTS")

CPU model: Intel(R) Xeon(R) Platinum 8268 CPU @ 2.90GHz, instruction set [SSE2|AVX|AVX2|AVX512]
Thread count: 48 physical cores, 48 logical processors, using up to 1 threads

Non-default parameters:
Method  0
TSPort  61954
Threads  1

Optimize a model with 31520 rows, 8147 columns and 386956 nonzeros
Coefficient statistics:
  Matrix range     [2e-12, 1e+00]
  Objective range  [3e-02, 1e+00]
  Bounds range     [1e+09, 1e+09]
  RHS range        [3e-03, 1e+02]
LP warm-start: use basis

Iteration    Objective       Primal Inf.    Dual Inf.      Time
       0   -1.1572812e+03   1.458846e+04   2.338401e+11      0s
   11756   -1.2983141e+03   0.000000e+00   7.183964e+03      5s
   16708   -1.2682494e+03   0.000000e+00   3.831474e+03     10s
   21686   -1.2455465e+03   0.000000e+00   8.987319e+02     15s
   26228   -1.2165304e+03   0.000000e+00   3.200697e+03     20s
   30068   -1.1945427e+03   0.000000e+00   1.242802e+03     25s
   33788   -1.1847234e+03   0.000000e+00   9.210968e+02     30s
   37488   -1.1816629e+03   0.000000e+00   1.972514e+02     35s
   39434   -1.1811816e+03   0.000000e+00   0.000000e+00     38s

Solved in 39434 iterations and 37.67 seconds (71.87 work units)
Optimal objective -1.181181620e+03
--------------------------------------------------------
Max reduced cost  51.30154556518666
Max u_si_star      56.600627889002126
Max u_si_master    17.92045176445306
--------------------------------------------------------
Constraints added:     4748 out of 5290
Constraints removed:   6554
--------------------------------------------------------
Parameters:  [184.66095162 519.62109942   0.           0.        ]
--------------------------------------------------------
TIME after master:  16:47:52
####################################################################################################
####################################################################################################
ITERATION:  10
TIME after pricing:  16:48:42
####################################################################################################
####################################################################################################
Gurobi Optimizer version 12.0.1 build v12.0.1rc0 (linux64 - "Ubuntu 24.04.1 LTS")

CPU model: Intel(R) Xeon(R) Platinum 8268 CPU @ 2.90GHz, instruction set [SSE2|AVX|AVX2|AVX512]
Thread count: 48 physical cores, 48 logical processors, using up to 1 threads

Non-default parameters:
Method  0
TSPort  61954
Threads  1

Optimize a model with 29188 rows, 8147 columns and 330905 nonzeros
Coefficient statistics:
  Matrix range     [2e-12, 1e+00]
  Objective range  [3e-02, 1e+00]
  Bounds range     [1e+09, 1e+09]
  RHS range        [3e-03, 1e+02]
LP warm-start: use basis

Iteration    Objective       Primal Inf.    Dual Inf.      Time
       0   -1.1811816e+03   6.331337e+03   1.741277e+11      0s
   11021   -1.2595747e+03   0.000000e+00   2.184652e+03      5s
   16790   -1.2419772e+03   0.000000e+00   1.230005e+03     10s
   22102   -1.2299558e+03   0.000000e+00   4.288829e+03     15s
   26242   -1.2265593e+03   0.000000e+00   0.000000e+00     20s

Solved in 26242 iterations and 19.62 seconds (38.28 work units)
Optimal objective -1.226559280e+03
--------------------------------------------------------
Max reduced cost  32.45502010406356
Max u_si_star      35.885177116954175
Max u_si_master    18.638544753510594
--------------------------------------------------------
Constraints added:     3823 out of 4546
Constraints removed:   6155
--------------------------------------------------------
Parameters:  [211.13261003 539.32235426   0.           0.        ]
--------------------------------------------------------
TIME after master:  16:49:06
####################################################################################################
####################################################################################################
ITERATION:  11
TIME after pricing:  16:49:55
####################################################################################################
####################################################################################################
Gurobi Optimizer version 12.0.1 build v12.0.1rc0 (linux64 - "Ubuntu 24.04.1 LTS")

CPU model: Intel(R) Xeon(R) Platinum 8268 CPU @ 2.90GHz, instruction set [SSE2|AVX|AVX2|AVX512]
Thread count: 48 physical cores, 48 logical processors, using up to 1 threads

Non-default parameters:
Method  0
TSPort  61954
Threads  1

Optimize a model with 27086 rows, 8147 columns and 283117 nonzeros
Coefficient statistics:
  Matrix range     [2e-12, 1e+00]
  Objective range  [3e-02, 1e+00]
  Bounds range     [1e+09, 1e+09]
  RHS range        [3e-03, 1e+02]
LP warm-start: use basis

Iteration    Objective       Primal Inf.    Dual Inf.      Time
       0   -1.2265593e+03   4.500861e+03   2.315874e+11      0s
   11908   -1.2527553e+03   0.000000e+00   4.433476e+02      5s
   18837   -1.2441489e+03   0.000000e+00   2.737010e+01     10s
   19151   -1.2441280e+03   0.000000e+00   0.000000e+00     10s

Solved in 19151 iterations and 10.34 seconds (19.37 work units)
Optimal objective -1.244127989e+03
--------------------------------------------------------
Max reduced cost  30.720492201511355
Max u_si_star      39.494795641362444
Max u_si_master    18.332298181097066
--------------------------------------------------------
Constraints added:     3438 out of 4062
Constraints removed:   5540
--------------------------------------------------------
Parameters:  [270.63974117 538.18244015   0.           0.        ]
--------------------------------------------------------
TIME after master:  16:50:09
####################################################################################################
####################################################################################################
ITERATION:  12
TIME after pricing:  16:50:59
####################################################################################################
####################################################################################################
Gurobi Optimizer version 12.0.1 build v12.0.1rc0 (linux64 - "Ubuntu 24.04.1 LTS")

CPU model: Intel(R) Xeon(R) Platinum 8268 CPU @ 2.90GHz, instruction set [SSE2|AVX|AVX2|AVX512]
Thread count: 48 physical cores, 48 logical processors, using up to 1 threads

Non-default parameters:
Method  0
TSPort  61954
Threads  1

Optimize a model with 23560 rows, 8147 columns and 231187 nonzeros
Coefficient statistics:
  Matrix range     [2e-12, 1e+00]
  Objective range  [3e-02, 1e+00]
  Bounds range     [1e+09, 1e+09]
  RHS range        [3e-02, 8e+01]
LP warm-start: use basis

Iteration    Objective       Primal Inf.    Dual Inf.      Time
       0   -1.2441280e+03   1.860429e+03   4.650864e+10      0s
   10705   -1.2635933e+03   0.000000e+00   8.705454e+01      5s
   14359   -1.2593853e+03   0.000000e+00   0.000000e+00      8s

Solved in 14359 iterations and 7.61 seconds (14.30 work units)
Optimal objective -1.259385261e+03
--------------------------------------------------------
Max reduced cost  21.163772687516456
Max u_si_star      29.708034112495497
Max u_si_master    20.02946729717615
--------------------------------------------------------
Constraints added:     2111 out of 3097
Constraints removed:   5637
--------------------------------------------------------
Parameters:  [220.39983082 630.76191582   0.           0.        ]
--------------------------------------------------------
TIME after master:  16:51:09
####################################################################################################
####################################################################################################
ITERATION:  13
TIME after pricing:  16:51:59
####################################################################################################
####################################################################################################
Gurobi Optimizer version 12.0.1 build v12.0.1rc0 (linux64 - "Ubuntu 24.04.1 LTS")

CPU model: Intel(R) Xeon(R) Platinum 8268 CPU @ 2.90GHz, instruction set [SSE2|AVX|AVX2|AVX512]
Thread count: 48 physical cores, 48 logical processors, using up to 1 threads

Non-default parameters:
Method  0
TSPort  61954
Threads  1

Optimize a model with 20059 rows, 8147 columns and 184623 nonzeros
Coefficient statistics:
  Matrix range     [2e-12, 1e+00]
  Objective range  [3e-02, 1e+00]
  Bounds range     [1e+09, 1e+09]
  RHS range        [3e-02, 8e+01]
LP warm-start: use basis

Iteration    Objective       Primal Inf.    Dual Inf.      Time
       0   -1.2593853e+03   2.192698e+03   1.869802e+11      0s
   10314   -1.2649750e+03   0.000000e+00   0.000000e+00      5s

Solved in 10314 iterations and 4.54 seconds (8.23 work units)
Optimal objective -1.264974955e+03
--------------------------------------------------------
Max reduced cost  25.73919167875833
Max u_si_star      34.84470557766056
Max u_si_master    21.39222770221066
--------------------------------------------------------
Constraints added:     1315 out of 2493
Constraints removed:   4816
--------------------------------------------------------
Parameters:  [229.3739695  574.04951806  21.94797241   0.        ]
--------------------------------------------------------
TIME after master:  16:52:05
####################################################################################################
####################################################################################################
ITERATION:  14
TIME after pricing:  16:52:55
####################################################################################################
####################################################################################################
Gurobi Optimizer version 12.0.1 build v12.0.1rc0 (linux64 - "Ubuntu 24.04.1 LTS")

CPU model: Intel(R) Xeon(R) Platinum 8268 CPU @ 2.90GHz, instruction set [SSE2|AVX|AVX2|AVX512]
Thread count: 48 physical cores, 48 logical processors, using up to 1 threads

Non-default parameters:
Method  0
TSPort  61954
Threads  1

Optimize a model with 16023 rows, 8147 columns and 140343 nonzeros
Coefficient statistics:
  Matrix range     [2e-12, 1e+00]
  Objective range  [3e-02, 1e+00]
  Bounds range     [1e+09, 1e+09]
  RHS range        [3e-02, 8e+01]
LP warm-start: use basis

Iteration    Objective       Primal Inf.    Dual Inf.      Time
       0   -1.2649750e+03   7.486765e+02   5.855829e+09      0s
    6127   -1.2734339e+03   0.000000e+00   0.000000e+00      2s

Solved in 6127 iterations and 1.99 seconds (3.27 work units)
Optimal objective -1.273433916e+03
--------------------------------------------------------
Max reduced cost  14.955799502595973
Max u_si_star      25.51395341151958
Max u_si_master    19.374590929908255
--------------------------------------------------------
Constraints added:     564 out of 1966
Constraints removed:   4600
--------------------------------------------------------
Parameters:  [148.57439057 543.1789171    0.94028646  75.76630956]
--------------------------------------------------------
TIME after master:  16:52:58
####################################################################################################
####################################################################################################
ITERATION:  15
TIME after pricing:  16:53:48
####################################################################################################
####################################################################################################
Gurobi Optimizer version 12.0.1 build v12.0.1rc0 (linux64 - "Ubuntu 24.04.1 LTS")

CPU model: Intel(R) Xeon(R) Platinum 8268 CPU @ 2.90GHz, instruction set [SSE2|AVX|AVX2|AVX512]
Thread count: 48 physical cores, 48 logical processors, using up to 1 threads

Non-default parameters:
Method  0
TSPort  61954
Threads  1

Optimize a model with 14954 rows, 8147 columns and 127764 nonzeros
Coefficient statistics:
  Matrix range     [2e-12, 1e+00]
  Objective range  [3e-02, 1e+00]
  Bounds range     [1e+09, 1e+09]
  RHS range        [1e-02, 7e+01]
LP warm-start: use basis

Iteration    Objective       Primal Inf.    Dual Inf.      Time
       0   -1.2734339e+03   1.977891e+03   1.600195e+11      0s
    7369   -1.2745482e+03   0.000000e+00   0.000000e+00      3s

Solved in 7369 iterations and 2.73 seconds (4.44 work units)
Optimal objective -1.274548203e+03
--------------------------------------------------------
Max reduced cost  12.266237653487266
Max u_si_star      23.964462419330147
Max u_si_master    15.381536106007127
--------------------------------------------------------
Constraints added:     2104 out of 3133
Constraints removed:   3173
--------------------------------------------------------
Parameters:  [144.03144689 556.62421951  28.22749785  41.21144578]
--------------------------------------------------------
TIME after master:  16:53:53
####################################################################################################
####################################################################################################
ITERATION:  16
TIME after pricing:  16:54:43
####################################################################################################
####################################################################################################
Gurobi Optimizer version 12.0.1 build v12.0.1rc0 (linux64 - "Ubuntu 24.04.1 LTS")

CPU model: Intel(R) Xeon(R) Platinum 8268 CPU @ 2.90GHz, instruction set [SSE2|AVX|AVX2|AVX512]
Thread count: 48 physical cores, 48 logical processors, using up to 1 threads

Non-default parameters:
Method  0
TSPort  61954
Threads  1

Optimize a model with 12588 rows, 8147 columns and 104618 nonzeros
Coefficient statistics:
  Matrix range     [2e-12, 1e+00]
  Objective range  [3e-02, 1e+00]
  Bounds range     [1e+09, 1e+09]
  RHS range        [1e-02, 7e+01]
LP warm-start: use basis

Iteration    Objective       Primal Inf.    Dual Inf.      Time
       0   -1.2745482e+03   2.082148e+02   3.099576e+09      0s
    2779   -1.2780392e+03   0.000000e+00   0.000000e+00      1s

Solved in 2779 iterations and 0.79 seconds (1.23 work units)
Optimal objective -1.278039215e+03
--------------------------------------------------------
Max reduced cost  5.4763299251267545
Max u_si_star      17.303012235216684
Max u_si_master    14.080350347979044
--------------------------------------------------------
Constraints added:     327 out of 1856
Constraints removed:   2693
--------------------------------------------------------
Parameters:  [139.74975063 544.83993191  34.48277996  29.40009225]
--------------------------------------------------------
TIME after master:  16:54:44
####################################################################################################
####################################################################################################
ITERATION:  17
TIME after pricing:  16:55:34
####################################################################################################
####################################################################################################
Gurobi Optimizer version 12.0.1 build v12.0.1rc0 (linux64 - "Ubuntu 24.04.1 LTS")

CPU model: Intel(R) Xeon(R) Platinum 8268 CPU @ 2.90GHz, instruction set [SSE2|AVX|AVX2|AVX512]
Thread count: 48 physical cores, 48 logical processors, using up to 1 threads

Non-default parameters:
Method  0
TSPort  61954
Threads  1

Optimize a model with 11232 rows, 8147 columns and 91481 nonzeros
Coefficient statistics:
  Matrix range     [2e-12, 1e+00]
  Objective range  [3e-02, 1e+00]
  Bounds range     [1e+09, 1e+09]
  RHS range        [1e-02, 7e+01]
LP warm-start: use basis

Iteration    Objective       Primal Inf.    Dual Inf.      Time
       0   -1.2780392e+03   1.011033e+02   1.881256e+09      0s
    1782   -1.2790468e+03   0.000000e+00   0.000000e+00      0s

Solved in 1782 iterations and 0.44 seconds (0.65 work units)
Optimal objective -1.279046767e+03
--------------------------------------------------------
Max reduced cost  5.136333305779928
Max u_si_star      13.56268787993136
Max u_si_master    12.169985326053128
--------------------------------------------------------
Constraints added:     317 out of 1889
Constraints removed:   1673
--------------------------------------------------------
Parameters:  [130.31360846 553.42574568  51.85018722  25.72662291]
--------------------------------------------------------
TIME after master:  16:55:34
####################################################################################################
####################################################################################################
ITERATION:  18
TIME after pricing:  16:56:24
####################################################################################################
####################################################################################################
Gurobi Optimizer version 12.0.1 build v12.0.1rc0 (linux64 - "Ubuntu 24.04.1 LTS")

CPU model: Intel(R) Xeon(R) Platinum 8268 CPU @ 2.90GHz, instruction set [SSE2|AVX|AVX2|AVX512]
Thread count: 48 physical cores, 48 logical processors, using up to 1 threads

Non-default parameters:
Method  0
TSPort  61954
Threads  1

Optimize a model with 10223 rows, 8147 columns and 80073 nonzeros
Coefficient statistics:
  Matrix range     [2e-12, 1e+00]
  Objective range  [3e-02, 1e+00]
  Bounds range     [1e+09, 1e+09]
  RHS range        [1e-02, 7e+01]
LP warm-start: use basis

Iteration    Objective       Primal Inf.    Dual Inf.      Time
       0   -1.2790468e+03   5.998057e+01   1.797942e+09      0s
     821   -1.2793311e+03   0.000000e+00   0.000000e+00      0s

Solved in 821 iterations and 0.18 seconds (0.27 work units)
Optimal objective -1.279331137e+03
--------------------------------------------------------
Max reduced cost  3.100090726254085
Max u_si_star      16.63954404008672
Max u_si_master    15.984296065501507
--------------------------------------------------------
Constraints added:     261 out of 1831
Constraints removed:   1270
--------------------------------------------------------
Parameters:  [130.09307317 553.31438837  38.6777192   36.2967009 ]
--------------------------------------------------------
TIME after master:  16:56:24
####################################################################################################
####################################################################################################
ITERATION:  19
TIME after pricing:  16:57:14
####################################################################################################
####################################################################################################
Gurobi Optimizer version 12.0.1 build v12.0.1rc0 (linux64 - "Ubuntu 24.04.1 LTS")

CPU model: Intel(R) Xeon(R) Platinum 8268 CPU @ 2.90GHz, instruction set [SSE2|AVX|AVX2|AVX512]
Thread count: 48 physical cores, 48 logical processors, using up to 1 threads

Non-default parameters:
Method  0
TSPort  61954
Threads  1

Optimize a model with 9840 rows, 8147 columns and 75629 nonzeros
Coefficient statistics:
  Matrix range     [2e-12, 1e+00]
  Objective range  [3e-02, 1e+00]
  Bounds range     [1e+09, 1e+09]
  RHS range        [1e-02, 7e+01]
LP warm-start: use basis

Iteration    Objective       Primal Inf.    Dual Inf.      Time
       0   -1.2793311e+03   3.343157e+01   1.020964e+10      0s
     800   -1.2795112e+03   0.000000e+00   0.000000e+00      0s

Solved in 800 iterations and 0.17 seconds (0.24 work units)
Optimal objective -1.279511180e+03
--------------------------------------------------------
Max reduced cost  1.4030069953768995
Max u_si_star      15.538558187240056
Max u_si_master    15.392287805583459
--------------------------------------------------------
Constraints added:     216 out of 1814
Constraints removed:   599
--------------------------------------------------------
Parameters:  [131.04464246 550.89511363  32.42976604  41.5273414 ]
--------------------------------------------------------
TIME after master:  16:57:15
####################################################################################################
####################################################################################################
ITERATION:  20
TIME after pricing:  16:58:04
####################################################################################################
####################################################################################################
Gurobi Optimizer version 12.0.1 build v12.0.1rc0 (linux64 - "Ubuntu 24.04.1 LTS")

CPU model: Intel(R) Xeon(R) Platinum 8268 CPU @ 2.90GHz, instruction set [SSE2|AVX|AVX2|AVX512]
Thread count: 48 physical cores, 48 logical processors, using up to 1 threads

Non-default parameters:
Method  0
TSPort  61954
Threads  1

Optimize a model with 7979 rows, 8147 columns and 59002 nonzeros
Coefficient statistics:
  Matrix range     [2e-12, 1e+00]
  Objective range  [3e-02, 1e+00]
  Bounds range     [1e+09, 1e+09]
  RHS range        [2e+00, 6e+01]
LP warm-start: use basis

Iteration    Objective       Primal Inf.    Dual Inf.      Time
       0   -1.2795112e+03   7.288506e+01   2.342234e+10      0s
     486   -1.2795394e+03   0.000000e+00   0.000000e+00      0s

Solved in 486 iterations and 0.10 seconds (0.13 work units)
Optimal objective -1.279539360e+03
--------------------------------------------------------
Max reduced cost  0.9398362019925788
Max u_si_star      15.990835114440557
Max u_si_master    15.960996209191189
--------------------------------------------------------
Constraints added:     347 out of 1943
Constraints removed:   2208
--------------------------------------------------------
Parameters:  [134.43328244 550.38051078  37.7003827   35.54713931]
--------------------------------------------------------
TIME after master:  16:58:05
####################################################################################################
####################################################################################################
ITERATION:  21
TIME after pricing:  16:58:54
####################################################################################################
####################################################################################################
Gurobi Optimizer version 12.0.1 build v12.0.1rc0 (linux64 - "Ubuntu 24.04.1 LTS")

CPU model: Intel(R) Xeon(R) Platinum 8268 CPU @ 2.90GHz, instruction set [SSE2|AVX|AVX2|AVX512]
Thread count: 48 physical cores, 48 logical processors, using up to 1 threads

Non-default parameters:
Method  0
TSPort  61954
Threads  1

Optimize a model with 7905 rows, 8147 columns and 56927 nonzeros
Coefficient statistics:
  Matrix range     [2e-12, 1e+00]
  Objective range  [3e-02, 1e+00]
  Bounds range     [1e+09, 1e+09]
  RHS range        [2e+00, 6e+01]
LP warm-start: use basis

Iteration    Objective       Primal Inf.    Dual Inf.      Time
       0   -1.2795394e+03   6.160000e+01   2.426304e+10      0s
     851   -1.2795431e+03   0.000000e+00   0.000000e+00      0s

Solved in 851 iterations and 0.15 seconds (0.21 work units)
Optimal objective -1.279543097e+03
--------------------------------------------------------
Max reduced cost  0.8270531124888574
Max u_si_star      15.680619962624064
Max u_si_master    15.680619962623933
--------------------------------------------------------
Constraints added:     236 out of 1848
Constraints removed:   310
--------------------------------------------------------
Parameters:  [133.04929689 550.24029912  37.70715251  36.29198367]
--------------------------------------------------------
TIME after master:  16:58:55
####################################################################################################
####################################################################################################
ITERATION:  22
TIME after pricing:  16:59:44
####################################################################################################
####################################################################################################
Gurobi Optimizer version 12.0.1 build v12.0.1rc0 (linux64 - "Ubuntu 24.04.1 LTS")

CPU model: Intel(R) Xeon(R) Platinum 8268 CPU @ 2.90GHz, instruction set [SSE2|AVX|AVX2|AVX512]
Thread count: 48 physical cores, 48 logical processors, using up to 1 threads

Non-default parameters:
Method  0
TSPort  61954
Threads  1

Optimize a model with 7678 rows, 8147 columns and 54516 nonzeros
Coefficient statistics:
  Matrix range     [2e-12, 1e+00]
  Objective range  [3e-02, 1e+00]
  Bounds range     [1e+09, 1e+09]
  RHS range        [2e+00, 6e+01]
LP warm-start: use basis

Iteration    Objective       Primal Inf.    Dual Inf.      Time
       0   -1.2795431e+03   2.137717e+00   9.220896e+08      0s
     214   -1.2795451e+03   0.000000e+00   0.000000e+00      0s

Solved in 214 iterations and 0.05 seconds (0.06 work units)
Optimal objective -1.279545075e+03
--------------------------------------------------------
Max reduced cost  0.1180920116956985
Max u_si_star      15.61881888496464
Max u_si_master    15.53772651593751
--------------------------------------------------------
Constraints added:     78 out of 1726
Constraints removed:   305
--------------------------------------------------------
Parameters:  [133.53818817 550.70257592  36.10934522  37.45784015]
--------------------------------------------------------
TIME after master:  16:59:44
####################################################################################################
####################################################################################################
ITERATION:  23
TIME after pricing:  17:00:34
####################################################################################################
####################################################################################################
Gurobi Optimizer version 12.0.1 build v12.0.1rc0 (linux64 - "Ubuntu 24.04.1 LTS")

CPU model: Intel(R) Xeon(R) Platinum 8268 CPU @ 2.90GHz, instruction set [SSE2|AVX|AVX2|AVX512]
Thread count: 48 physical cores, 48 logical processors, using up to 1 threads

Non-default parameters:
Method  0
TSPort  61954
Threads  1

Optimize a model with 7449 rows, 8147 columns and 51563 nonzeros
Coefficient statistics:
  Matrix range     [2e-12, 1e+00]
  Objective range  [3e-02, 1e+00]
  Bounds range     [1e+09, 1e+09]
  RHS range        [2e+00, 6e+01]
LP warm-start: use basis

Iteration    Objective       Primal Inf.    Dual Inf.      Time
       0   -1.2795451e+03   4.346442e-01   2.792583e+08      0s
      84   -1.2795454e+03   0.000000e+00   0.000000e+00      0s

Solved in 84 iterations and 0.02 seconds (0.02 work units)
Optimal objective -1.279545434e+03
--------------------------------------------------------
Max reduced cost  0.05459430262637055
Max u_si_star      15.564564715210409
Max u_si_master    15.564564715210032
--------------------------------------------------------
Constraints added:     23 out of 1645
Constraints removed:   252
--------------------------------------------------------
Parameters:  [133.5885975  551.63421517  36.30506598  37.21552828]
--------------------------------------------------------
TIME after master:  17:00:34
####################################################################################################
####################################################################################################
ITERATION:  24
TIME after pricing:  17:01:23
####################################################################################################
####################################################################################################
Gurobi Optimizer version 12.0.1 build v12.0.1rc0 (linux64 - "Ubuntu 24.04.1 LTS")

CPU model: Intel(R) Xeon(R) Platinum 8268 CPU @ 2.90GHz, instruction set [SSE2|AVX|AVX2|AVX512]
Thread count: 48 physical cores, 48 logical processors, using up to 1 threads

Non-default parameters:
Method  0
TSPort  61954
Threads  1

Optimize a model with 7227 rows, 8147 columns and 48933 nonzeros
Coefficient statistics:
  Matrix range     [2e-12, 1e+00]
  Objective range  [3e-02, 1e+00]
  Bounds range     [1e+09, 1e+09]
  RHS range        [2e+00, 6e+01]
LP warm-start: use basis

Iteration    Objective       Primal Inf.    Dual Inf.      Time
       0   -1.2795454e+03   2.496705e-02   5.844776e+07      0s
      13   -1.2795455e+03   0.000000e+00   0.000000e+00      0s

Solved in 13 iterations and 0.01 seconds (0.01 work units)
Optimal objective -1.279545460e+03
--------------------------------------------------------
Max reduced cost  0.015271594145171985
Max u_si_star      15.52483250676282
Max u_si_master    15.524832506762888
--------------------------------------------------------
Constraints added:     6 out of 1726
Constraints removed:   228
--------------------------------------------------------
Parameters:  [133.38732814 551.51051121  36.57162971  37.13493735]
--------------------------------------------------------
TIME after master:  17:01:23
####################################################################################################
####################################################################################################
ITERATION:  25
TIME after pricing:  17:02:13
####################################################################################################
####################################################################################################
Gurobi Optimizer version 12.0.1 build v12.0.1rc0 (linux64 - "Ubuntu 24.04.1 LTS")

CPU model: Intel(R) Xeon(R) Platinum 8268 CPU @ 2.90GHz, instruction set [SSE2|AVX|AVX2|AVX512]
Thread count: 48 physical cores, 48 logical processors, using up to 1 threads

Non-default parameters:
Method  0
TSPort  61954
Threads  1

Optimize a model with 6880 rows, 8147 columns and 45246 nonzeros
Coefficient statistics:
  Matrix range     [2e-12, 1e+00]
  Objective range  [3e-02, 1e+00]
  Bounds range     [1e+09, 1e+09]
  RHS range        [2e+00, 6e+01]
LP warm-start: use basis

Iteration    Objective       Primal Inf.    Dual Inf.      Time
       0   -1.2795455e+03   1.324761e-02   2.749124e+07      0s
      12   -1.2795456e+03   0.000000e+00   0.000000e+00      0s

Solved in 12 iterations and 0.01 seconds (0.01 work units)
Optimal objective -1.279545589e+03
--------------------------------------------------------
Max reduced cost  0.012507408116175345
Max u_si_star      15.522019252267413
Max u_si_master    15.52201925226743
--------------------------------------------------------
Constraints added:     5 out of 1736
Constraints removed:   352
--------------------------------------------------------
Parameters:  [133.66782146 550.94561344  36.80983672  36.74961222]
--------------------------------------------------------
TIME after master:  17:02:13
####################################################################################################
####################################################################################################
ITERATION:  26
TIME after pricing:  17:03:02
####################################################################################################
####################################################################################################
Gurobi Optimizer version 12.0.1 build v12.0.1rc0 (linux64 - "Ubuntu 24.04.1 LTS")

CPU model: Intel(R) Xeon(R) Platinum 8268 CPU @ 2.90GHz, instruction set [SSE2|AVX|AVX2|AVX512]
Thread count: 48 physical cores, 48 logical processors, using up to 1 threads

Non-default parameters:
Method  0
TSPort  61954
Threads  1

Optimize a model with 6652 rows, 8147 columns and 43049 nonzeros
Coefficient statistics:
  Matrix range     [2e-12, 1e+00]
  Objective range  [3e-02, 1e+00]
  Bounds range     [1e+09, 1e+09]
  RHS range        [2e+00, 6e+01]
LP warm-start: use basis

Iteration    Objective       Primal Inf.    Dual Inf.      Time
       0   -1.2795456e+03   8.115610e-03   8.249533e+07      0s
       7   -1.2795456e+03   0.000000e+00   0.000000e+00      0s

Solved in 7 iterations and 0.01 seconds (0.01 work units)
Optimal objective -1.279545602e+03
--------------------------------------------------------
Max reduced cost  0.0028849230468433462
Max u_si_star      15.53104419134229
Max u_si_master    15.53104419134229
--------------------------------------------------------
Constraints added:     11 out of 1709
Constraints removed:   239
--------------------------------------------------------
Parameters:  [133.54366746 551.54037514  36.61622915  36.98306679]
--------------------------------------------------------
TIME after master:  17:03:03
####################################################################################################
####################################################################################################
ITERATION:  27
TIME after pricing:  17:03:52
####################################################################################################
####################################################################################################
####################################################################################################
####################################################################################################
SOLUTION FOUND: [133.54366746 551.54037514  36.61622915  36.98306679]
####################################################################################################
####################################################################################################
