======================================================================
BUNDLECHOICE CONFIGURATION
======================================================================
Problem Dimensions:
  • Agents: 256
  • Items: 493
  • Features: 497
  • Simulations: 10

Subproblem:
  • Algorithm: QuadKnapsack
  • TimeLimit: 30s
  • MIPGap tolerance: 1e-2

Parallelization:
  • MPI workers: 400

======================================================================
DATA SCATTER
======================================================================
  Scattering: 2560 agents (10 simuls × 256 agents) → 400 ranks
  Distribution: 6-7 agents/rank
  Arrays:
    Errors: shape=(2560, 493)
    Obs_bundles: shape=(256, 493)
  Dictionaries:
    Agent_data: 2 keys [modular, capacity], 256 agents
    Item_data: 3 keys [modular, quadratic, weights], 493 items
  Complete: 7 local agents/rank

======================================================================
ROW GENERATION
======================================================================

  Problem: 256 agents × 493 items, 497 features
  Simulations: 10
  Max iterations: 400
  Min iterations: 0
  Optimality tolerance: 1e-06
  Max slack counter: 20000000

  Starting row generation algorithm...

12:21:01 - Master Initialized
12:21:01 - Parameters: [1000. 1000. 1000. 1000.]
12:21:01 - ITERATION 1
12:21:31 - Subproblem 0 (rank 0): MIPGap 0.2547 > tol 1e-2, value: 52.86172988305959
12:22:02 - Subproblem 3 (rank 0): MIPGap 0.1168 > tol 1e-2, value: 43.625254159983804
