Loaded theta_hat: shape=(497,)
Problem: 256 agents, 493 items, 497 features
======================================================================
BUNDLECHOICE CONFIGURATION
======================================================================
Problem Dimensions:
  • Agents: 256
  • Items: 493
  • Features: 497

Subproblem:
  • Algorithm: QuadKnapsack
  • TimeLimit: 1.0s
  • MIPGap tolerance: 0.01

Parallelization:
  • MPI workers: 400

======================================================================
DATA SCATTER
======================================================================
  Scattering: 256 agents → 400 ranks
  Distribution: 0-1 agents/rank
  Arrays:
    Errors: shape=(256, 493)
    Obs_bundles: shape=(256, 493)
  Dictionaries:
    Agent_data: 2 keys [modular, capacity], 256 agents
    Item_data: 3 keys [modular, quadratic, weights], 493 items
  Complete: 1 local agents/rank


MPI: 400 ranks
Simulations: 10
Step size: 0.0001
Computing FULL SE for all 497 parameters

======================================================================
STANDARD ERRORS COMPUTATION
======================================================================
  Simulations: 10
  Step size: 0.0001
  Total parameters: 497

Computing B matrix (497×497)...
  Simulation 1/10...
  Simulation 2/10...
  Simulation 3/10...
  Simulation 4/10...
  Simulation 5/10...
  Simulation 6/10...
  Simulation 7/10...
  Simulation 8/10...
  Simulation 9/10...
  Simulation 10/10...
  B matrix: cond=3.53e+48
Computing A matrix (497×497, 497 columns)...
  Column 1/497...
  Column 2/497...
  Column 3/497...
  Column 4/497...
  Column 5/497...
  Column 6/497...
  Column 7/497...
  Column 8/497...
  Column 9/497...
  Column 10/497...
  Column 11/497...
  Column 12/497...
  Column 13/497...
  Column 14/497...
  Column 15/497...
  Column 16/497...
  Column 17/497...
  Column 18/497...
  Column 19/497...
  Column 20/497...
  Column 21/497...
  Column 22/497...
  Column 23/497...
  Column 24/497...
  Column 25/497...
  Column 26/497...
  Column 27/497...
  Column 28/497...
  Column 29/497...
  Column 30/497...
  Column 31/497...
  Column 32/497...
  Column 33/497...
  Column 34/497...
  Column 35/497...
  Column 36/497...
  Column 37/497...
  Column 38/497...
  Column 39/497...
  Column 40/497...
  Column 41/497...
  Column 42/497...
  Column 43/497...
  Column 44/497...
  Column 45/497...
  Column 46/497...
  Column 47/497...
  Column 48/497...
  Column 49/497...
  Column 50/497...
  Column 51/497...
  Column 52/497...
  Column 53/497...
  Column 54/497...
  Column 55/497...
  Column 56/497...
  Column 57/497...
  Column 58/497...
  Column 59/497...
  Column 60/497...
  Column 61/497...
  Column 62/497...
  Column 63/497...
  Column 64/497...
  Column 65/497...
  Column 66/497...
  Column 67/497...
  Column 68/497...
  Column 69/497...
  Column 70/497...
  Column 71/497...
  Column 72/497...
  Column 73/497...
  Column 74/497...
  Column 75/497...
  Column 76/497...
  Column 77/497...
  Column 78/497...
  Column 79/497...
  Column 80/497...
  Column 81/497...
  Column 82/497...
  Column 83/497...
  Column 84/497...
  Column 85/497...
  Column 86/497...
  Column 87/497...
  Column 88/497...
  Column 89/497...
  Column 90/497...
  Column 91/497...
  Column 92/497...
  Column 93/497...
  Column 94/497...
  Column 95/497...
  Column 96/497...
  Column 97/497...
  Column 98/497...
  Column 99/497...
  Column 100/497...
  Column 101/497...
  Column 102/497...
  Column 103/497...
  Column 104/497...
  Column 105/497...
  Column 106/497...
  Column 107/497...
  Column 108/497...
  Column 109/497...
  Column 110/497...
  Column 111/497...
  Column 112/497...
  Column 113/497...
  Column 114/497...
  Column 115/497...
  Column 116/497...
  Column 117/497...
  Column 118/497...
  Column 119/497...
  Column 120/497...
  Column 121/497...
  Column 122/497...
  Column 123/497...
  Column 124/497...
  Column 125/497...
  Column 126/497...
  Column 127/497...
  Column 128/497...
  Column 129/497...
  Column 130/497...
  Column 131/497...
  Column 132/497...
  Column 133/497...
  Column 134/497...
  Column 135/497...
  Column 136/497...
  Column 137/497...
  Column 138/497...
  Column 139/497...
  Column 140/497...
  Column 141/497...
  Column 142/497...
  Column 143/497...
  Column 144/497...
  Column 145/497...
  Column 146/497...
  Column 147/497...
  Column 148/497...
  Column 149/497...
  Column 150/497...
  Column 151/497...
  Column 152/497...
  Column 153/497...
  Column 154/497...
  Column 155/497...
  Column 156/497...
  Column 157/497...
  Column 158/497...
  Column 159/497...
  Column 160/497...
  Column 161/497...
  Column 162/497...
  Column 163/497...
  Column 164/497...
  Column 165/497...
  Column 166/497...
  Column 167/497...
  Column 168/497...
  Column 169/497...
  Column 170/497...
  Column 171/497...
  Column 172/497...
  Column 173/497...
  Column 174/497...
  Column 175/497...
  Column 176/497...
  Column 177/497...
  Column 178/497...
  Column 179/497...
  Column 180/497...
  Column 181/497...
  Column 182/497...
  Column 183/497...
  Column 184/497...
  Column 185/497...
  Column 186/497...
  Column 187/497...
  Column 188/497...
  Column 189/497...
  Column 190/497...
  Column 191/497...
  Column 192/497...
  Column 193/497...
  Column 194/497...
  Column 195/497...
  Column 196/497...
  Column 197/497...
  Column 198/497...
  Column 199/497...
  Column 200/497...
  Column 201/497...
  Column 202/497...
  Column 203/497...
  Column 204/497...
  Column 205/497...
  Column 206/497...
  Column 207/497...
  Column 208/497...
  Column 209/497...
  Column 210/497...
  Column 211/497...
  Column 212/497...
  Column 213/497...
  Column 214/497...
  Column 215/497...
  Column 216/497...
  Column 217/497...
  Column 218/497...
  Column 219/497...
  Column 220/497...
  Column 221/497...
  Column 222/497...
  Column 223/497...
  Column 224/497...
  Column 225/497...
  Column 226/497...
  Column 227/497...
  Column 228/497...
  Column 229/497...
  Column 230/497...
  Column 231/497...
  Column 232/497...
  Column 233/497...
  Column 234/497...
  Column 235/497...
  Column 236/497...
  Column 237/497...
  Column 238/497...
  Column 239/497...
  Column 240/497...
  Column 241/497...
  Column 242/497...
  Column 243/497...
  Column 244/497...
  Column 245/497...
  Column 246/497...
  Column 247/497...
  Column 248/497...
  Column 249/497...
  Column 250/497...
  Column 251/497...
  Column 252/497...
  Column 253/497...
  Column 254/497...
  Column 255/497...
  Column 256/497...
  Column 257/497...
  Column 258/497...
  Column 259/497...
  Column 260/497...
  Column 261/497...
  Column 262/497...
  Column 263/497...
  Column 264/497...
  Column 265/497...
  Column 266/497...
  Column 267/497...
  Column 268/497...
  Column 269/497...
  Column 270/497...
  Column 271/497...
  Column 272/497...
  Column 273/497...
  Column 274/497...
  Column 275/497...
  Column 276/497...
  Column 277/497...
  Column 278/497...
  Column 279/497...
  Column 280/497...
  Column 281/497...
  Column 282/497...
  Column 283/497...
  Column 284/497...
  Column 285/497...
  Column 286/497...
  Column 287/497...
  Column 288/497...
  Column 289/497...
  Column 290/497...
  Column 291/497...
  Column 292/497...
  Column 293/497...
  Column 294/497...
  Column 295/497...
  Column 296/497...
  Column 297/497...
  Column 298/497...
  Column 299/497...
  Column 300/497...
  Column 301/497...
  Column 302/497...
  Column 303/497...
  Column 304/497...
  Column 305/497...
  Column 306/497...
  Column 307/497...
  Column 308/497...
  Column 309/497...
  Column 310/497...
  Column 311/497...
  Column 312/497...
  Column 313/497...
  Column 314/497...
  Column 315/497...
  Column 316/497...
  Column 317/497...
  Column 318/497...
  Column 319/497...
  Column 320/497...
  Column 321/497...
  Column 322/497...
  Column 323/497...
  Column 324/497...
  Column 325/497...
  Column 326/497...
  Column 327/497...
  Column 328/497...
  Column 329/497...
  Column 330/497...
  Column 331/497...
  Column 332/497...
  Column 333/497...
  Column 334/497...
  Column 335/497...
  Column 336/497...
  Column 337/497...
  Column 338/497...
  Column 339/497...
  Column 340/497...
  Column 341/497...
  Column 342/497...
  Column 343/497...
  Column 344/497...
  Column 345/497...
  Column 346/497...
  Column 347/497...
  Column 348/497...
  Column 349/497...
  Column 350/497...
  Column 351/497...
  Column 352/497...
  Column 353/497...
  Column 354/497...
  Column 355/497...
  Column 356/497...
  Column 357/497...
  Column 358/497...
  Column 359/497...
  Column 360/497...
  Column 361/497...
  Column 362/497...
  Column 363/497...
  Column 364/497...
  Column 365/497...
  Column 366/497...
  Column 367/497...
  Column 368/497...
  Column 369/497...
  Column 370/497...
  Column 371/497...
  Column 372/497...
  Column 373/497...
  Column 374/497...
  Column 375/497...
  Column 376/497...
  Column 377/497...
  Column 378/497...
  Column 379/497...
  Column 380/497...
  Column 381/497...
  Column 382/497...
  Column 383/497...
  Column 384/497...
  Column 385/497...
  Column 386/497...
  Column 387/497...
  Column 388/497...
  Column 389/497...
  Column 390/497...
  Column 391/497...
  Column 392/497...
  Column 393/497...
  Column 394/497...
  Column 395/497...
  Column 396/497...
  Column 397/497...
  Column 398/497...
  Column 399/497...
  Column 400/497...
  Column 401/497...
  Column 402/497...
  Column 403/497...
  Column 404/497...
  Column 405/497...
  Column 406/497...
  Column 407/497...
  Column 408/497...
  Column 409/497...
  Column 410/497...
  Column 411/497...
  Column 412/497...
  Column 413/497...
  Column 414/497...
  Column 415/497...
  Column 416/497...
  Column 417/497...
  Column 418/497...
  Column 419/497...
  Column 420/497...
  Column 421/497...
  Column 422/497...
  Column 423/497...
  Column 424/497...
  Column 425/497...
  Column 426/497...
  Column 427/497...
  Column 428/497...
  Column 429/497...
  Column 430/497...
  Column 431/497...
  Column 432/497...
  Column 433/497...
  Column 434/497...
  Column 435/497...
  Column 436/497...
  Column 437/497...
  Column 438/497...
  Column 439/497...
  Column 440/497...
  Column 441/497...
  Column 442/497...
  Column 443/497...
  Column 444/497...
  Column 445/497...
  Column 446/497...
  Column 447/497...
  Column 448/497...
  Column 449/497...
  Column 450/497...
  Column 451/497...
  Column 452/497...
  Column 453/497...
  Column 454/497...
  Column 455/497...
  Column 456/497...
  Column 457/497...
  Column 458/497...
  Column 459/497...
  Column 460/497...
  Column 461/497...
  Column 462/497...
  Column 463/497...
  Column 464/497...
  Column 465/497...
  Column 466/497...
  Column 467/497...
  Column 468/497...
  Column 469/497...
  Column 470/497...
  Column 471/497...
  Column 472/497...
  Column 473/497...
  Column 474/497...
  Column 475/497...
  Column 476/497...
  Column 477/497...
  Column 478/497...
  Column 479/497...
  Column 480/497...
  Column 481/497...
  Column 482/497...
  Column 483/497...
  Column 484/497...
  Column 485/497...
  Column 486/497...
  Column 487/497...
  Column 488/497...
  Column 489/497...
  Column 490/497...
  Column 491/497...
  Column 492/497...
  Column 493/497...
  Column 494/497...
  Column 495/497...
  Column 496/497...
  Column 497/497...

  A matrix: cond=inf
  B matrix: cond=3.53e+48
  Warning: A matrix singular, using pseudoinverse

----------------------------------------------------------------------
Standard Errors:
----------------------------------------------------------------------
  θ[0] = 128.370729, SE = 232.714023, t = 0.55
  θ[1] = 2.597335, SE = 0.000000, t = 10754937.25
  θ[2] = 2.655144, SE = 0.000000, t = 22147925.60
  θ[3] = 2.554562, SE = 0.000000, t = 12109458.58
  θ[4] = 2.676173, SE = 0.000000, t = 17030591.21
  θ[5] = 2.605054, SE = 0.005490, t = 474.55
  θ[6] = 2.509450, SE = 0.000000, t = 23241390.34
  θ[7] = 2.634454, SE = 0.000000, t = 16983457.38
  θ[8] = 2.587417, SE = 0.000000, t = 44845028.25
  θ[9] = 2.583770, SE = 0.000000, t = 182373318.83
  θ[10] = 3.599013, SE = 0.000000, t = 143577664.99
  θ[11] = 2.654383, SE = 0.000000, t = 13037594.02
  θ[12] = 2.608156, SE = 0.000000, t = 22793949.25
  θ[13] = 2.548574, SE = 0.000000, t = 170601139.26
  θ[14] = 2.562673, SE = 0.000000, t = 33593885.49
  θ[15] = 2.688205, SE = 0.000000, t = 49627346.08
  θ[16] = 2.808626, SE = 0.000000, t = 1062519985.23
  θ[17] = 2.548806, SE = 0.000000, t = 5823000.67
  θ[18] = 2.539300, SE = 0.000000, t = 46148591.79
  θ[19] = 2.621071, SE = 0.000000, t = 664064535.30
  θ[20] = 2.498107, SE = 0.000000, t = 395145955262.87
  θ[21] = 2.634006, SE = 0.000000, t = 2499310871211.15
  θ[22] = 2.567570, SE = 0.000000, t = 5431850669963854848.00
  θ[23] = 2.603588, SE = 0.000000, t = 2534031312853268480.00
  θ[24] = 3.253440, SE = 0.000000, t = 2146018167001329152.00
  θ[25] = 2.644464, SE = 0.000000, t = 61736340002494616.00
  θ[26] = 2.514188, SE = 0.000000, t = 67344392434972800.00
  θ[27] = 3.755705, SE = 0.000000, t = 140981549362092800.00
  θ[28] = 6.762789, SE = 0.000000, t = 3616002127249824768.00
  θ[29] = 13.798054, SE = 0.000000, t = 424849620061228160.00
  θ[30] = 2.544134, SE = 0.000000, t = 269721325400264704.00
  θ[31] = 2.678260, SE = 0.000000, t = 1978539669802755840.00
  θ[32] = 2.601034, SE = 0.000000, t = 4357844810040231936.00
  θ[33] = 2.567963, SE = 0.000000, t = 507083546782748966912.00
  θ[34] = 3.925318, SE = 0.000000, t = 6435801478111536128.00
  θ[35] = 2.587117, SE = 0.000000, t = 2186730973065885440.00
  θ[36] = 2.544404, SE = 0.000000, t = 69309902112314424018029510656.00
  θ[37] = 2.662507, SE = 0.000000, t = 43753410693095898939396194304.00
  θ[38] = 2.606237, SE = 0.000000, t = 74808909211885778345520005120.00
  θ[39] = 2.666861, SE = 0.000000, t = 53041283528685502682682621952.00
  θ[40] = 2.658583, SE = 0.000000, t = 0.00
  θ[41] = 2.536546, SE = 0.000000, t = 0.00
  θ[42] = 2.559025, SE = 0.000000, t = 0.00
  θ[43] = 2.550441, SE = 0.000000, t = 0.00
  θ[44] = 2.490923, SE = 0.000000, t = 0.00
  θ[45] = 2.617734, SE = 0.000000, t = 0.00
  θ[46] = 2.630006, SE = 0.000000, t = 0.00
  θ[47] = 2.626906, SE = 0.000000, t = 0.00
  θ[48] = 2.561085, SE = 0.000000, t = 0.00
  θ[49] = 2.662797, SE = 0.000000, t = 0.00
  θ[50] = 2.490580, SE = 0.000000, t = 0.00
  θ[51] = 8.702044, SE = 0.000000, t = 0.00
  θ[52] = 2.587589, SE = 0.000000, t = 0.00
  θ[53] = 2.627846, SE = 0.000000, t = 0.00
  θ[54] = 2.638794, SE = 0.000000, t = 0.00
  θ[55] = 4.025070, SE = 0.000000, t = 0.00
  θ[56] = 2.688417, SE = 0.000000, t = 0.00
  θ[57] = 2.662219, SE = 0.000000, t = 0.00
  θ[58] = 2.645175, SE = 0.000000, t = 0.00
  θ[59] = 2.586794, SE = 0.000000, t = 0.00
  θ[60] = 3.009237, SE = 0.000000, t = 0.00
  θ[61] = 2.565140, SE = 0.000000, t = 0.00
  θ[62] = 2.917248, SE = 190.266318, t = 0.02
  θ[63] = 2.551347, SE = 0.000000, t = 0.00
  θ[64] = 2.623773, SE = 0.000000, t = 0.00
  θ[65] = 2.881781, SE = 0.000000, t = 0.00
  θ[66] = 2.602286, SE = 0.000000, t = 0.00
  θ[67] = 2.536654, SE = 0.005297, t = 478.91
  θ[68] = 2.650486, SE = 0.000000, t = 0.00
  θ[69] = 2.588060, SE = 0.000000, t = 0.00
  θ[70] = 2.555775, SE = 0.000000, t = 0.00
  θ[71] = 2.592195, SE = 0.000000, t = 0.00
  θ[72] = 2.478997, SE = 0.000000, t = 0.00
  θ[73] = 2.527355, SE = 0.000000, t = 0.00
  θ[74] = 2.742718, SE = 0.141924, t = 19.33
  θ[75] = 2.549601, SE = 0.000000, t = 0.00
  θ[76] = 2.504060, SE = 0.000000, t = 0.00
  θ[77] = 2.588906, SE = 0.000000, t = 0.00
  θ[78] = 8.679598, SE = 0.000000, t = 0.00
  θ[79] = 2.598519, SE = 0.000000, t = 0.00
  θ[80] = 2.652416, SE = 0.000000, t = 0.00
  θ[81] = 4.918880, SE = 0.000000, t = 0.00
  θ[82] = 2.558083, SE = 0.000000, t = 0.00
  θ[83] = 2.937858, SE = 0.000000, t = 0.00
  θ[84] = 4.073882, SE = 0.000000, t = 0.00
  θ[85] = 2.623472, SE = 0.005402, t = 485.64
  θ[86] = 2.540434, SE = 0.000000, t = 0.00
  θ[87] = 2.632593, SE = 0.000000, t = 0.00
  θ[88] = 2.616945, SE = 0.000000, t = 0.00
  θ[89] = 2.811178, SE = 0.000000, t = 0.00
  θ[90] = 2.568723, SE = 0.000000, t = 0.00
  θ[91] = 2.442284, SE = 0.000000, t = 0.00
  θ[92] = 2.553970, SE = 0.000000, t = 0.00
  θ[93] = 2.600858, SE = 0.000000, t = 0.00
  θ[94] = 2.573722, SE = 0.000000, t = 0.00
  θ[95] = 2.713509, SE = 0.000000, t = 0.00
  θ[96] = 2.617433, SE = 0.000000, t = 0.00
  θ[97] = 2.650382, SE = 0.000000, t = 0.00
  θ[98] = 2.637180, SE = 0.000000, t = 0.00
  θ[99] = 2.466927, SE = 0.000000, t = 0.00
  θ[100] = 2.584552, SE = 168.307418, t = 0.02
  θ[101] = 4.525053, SE = 0.000000, t = 0.00
  θ[102] = 2.633077, SE = 0.000000, t = 0.00
  θ[103] = 2.628012, SE = 0.000000, t = 0.00
  θ[104] = 2.602146, SE = 0.000000, t = 0.00
  θ[105] = 2.532478, SE = 0.000000, t = 0.00
  θ[106] = 3.514624, SE = 0.000000, t = 0.00
  θ[107] = 2.588509, SE = 0.000000, t = 0.00
  θ[108] = 2.642949, SE = 0.000000, t = 0.00
  θ[109] = 2.564014, SE = 0.000000, t = 0.00
  θ[110] = 2.966503, SE = 0.000000, t = 0.00
  θ[111] = 2.454741, SE = 0.000000, t = 0.00
  θ[112] = 6.157455, SE = 0.000000, t = 0.00
  θ[113] = 2.665582, SE = 0.000000, t = 0.00
  θ[114] = 2.660717, SE = 0.000000, t = 0.00
  θ[115] = 2.559390, SE = 0.000000, t = 0.00
  θ[116] = 2.581773, SE = 0.000000, t = 0.00
  θ[117] = 2.563288, SE = 0.000000, t = 0.00
  θ[118] = 2.612260, SE = 0.000000, t = 0.00
  θ[119] = 2.552532, SE = 0.000000, t = 0.00
  θ[120] = 2.605718, SE = 0.000000, t = 0.00
  θ[121] = 2.598704, SE = 0.000000, t = 0.00
  θ[122] = 2.678642, SE = 0.000000, t = 0.00
  θ[123] = 2.594718, SE = 0.000000, t = 0.00
  θ[124] = 2.566490, SE = 0.000000, t = 0.00
  θ[125] = 2.635223, SE = 0.000000, t = 0.00
  θ[126] = 2.684816, SE = 0.000000, t = 0.00
  θ[127] = 2.576507, SE = 0.000000, t = 0.00
  θ[128] = 2.672751, SE = 0.000000, t = 0.00
  θ[129] = 2.653940, SE = 0.000000, t = 0.00
  θ[130] = 2.626558, SE = 0.000000, t = 0.00
  θ[131] = 2.527395, SE = 4.655622, t = 0.54
  θ[132] = 2.628728, SE = 0.000000, t = 0.00
  θ[133] = 2.562703, SE = 0.005496, t = 466.25
  θ[134] = 2.558508, SE = 0.000000, t = 0.00
  θ[135] = 2.478299, SE = 0.000000, t = 0.00
  θ[136] = 2.627987, SE = 0.000000, t = 0.00
  θ[137] = 2.690356, SE = 0.000000, t = 0.00
  θ[138] = 2.505680, SE = 0.000000, t = 0.00
  θ[139] = 2.599367, SE = 0.000000, t = 0.00
  θ[140] = 2.565693, SE = 0.000000, t = 0.00
  θ[141] = 2.584077, SE = 0.000000, t = 0.00
  θ[142] = 2.562237, SE = 0.000000, t = 0.00
  θ[143] = 2.650941, SE = 0.000000, t = 0.00
  θ[144] = 2.611440, SE = 0.000000, t = 0.00
  θ[145] = 3.113368, SE = 0.000000, t = 0.00
  θ[146] = 2.541659, SE = 0.000000, t = 0.00
  θ[147] = 2.569622, SE = 0.000000, t = 0.00
  θ[148] = 2.623348, SE = 171.098233, t = 0.02
  θ[149] = 2.639995, SE = 0.000000, t = 0.00
  θ[150] = 2.612119, SE = 0.000000, t = 0.00
  θ[151] = 2.557089, SE = 0.000000, t = 0.00
  θ[152] = 2.550120, SE = 0.000000, t = 0.00
  θ[153] = 2.542805, SE = 0.000000, t = 0.00
  θ[154] = 2.603555, SE = 0.000000, t = 0.00
  θ[155] = 2.451858, SE = 0.000000, t = 0.00
  θ[156] = 2.576339, SE = 0.000000, t = 0.00
  θ[157] = 2.755814, SE = 0.000000, t = 0.00
  θ[158] = 2.639715, SE = 0.000000, t = 0.00
  θ[159] = 2.591313, SE = 169.013318, t = 0.02
  θ[160] = 2.793829, SE = 0.000000, t = 0.00
  θ[161] = 2.655015, SE = 0.000000, t = 0.00
  θ[162] = 2.609182, SE = 0.000000, t = 0.00
  θ[163] = 2.634310, SE = 0.000000, t = 0.00
  θ[164] = 2.574069, SE = 0.000000, t = 0.00
  θ[165] = 2.556913, SE = 0.000000, t = 0.00
  θ[166] = 2.560810, SE = 0.000000, t = 0.00
  θ[167] = 2.660745, SE = 0.000000, t = 0.00
  θ[168] = 2.586794, SE = 0.000000, t = 0.00
  θ[169] = 2.496649, SE = 0.000000, t = 0.00
  θ[170] = 2.613654, SE = 170.203033, t = 0.02
  θ[171] = 2.644033, SE = 0.000000, t = 0.00
  θ[172] = 2.810903, SE = 0.006029, t = 466.25
  θ[173] = 2.650774, SE = 0.000000, t = 0.00
  θ[174] = 2.844030, SE = 50.019959, t = 0.06
  θ[175] = 2.548197, SE = 0.000000, t = 0.00
  θ[176] = 2.551947, SE = 166.441386, t = 0.02
  θ[177] = 2.672531, SE = 0.000000, t = 0.00
  θ[178] = 2.627293, SE = 0.000000, t = 0.00
  θ[179] = 2.470413, SE = 57.584807, t = 0.04
  θ[180] = 2.669305, SE = 0.000000, t = 0.00
  θ[181] = 2.554850, SE = 0.000000, t = 0.00
  θ[182] = 2.617739, SE = 0.000000, t = 0.00
  θ[183] = 2.610240, SE = 0.000000, t = 0.00
  θ[184] = 3.757473, SE = 0.000000, t = 0.00
  θ[185] = 2.681954, SE = 0.000000, t = 0.00
  θ[186] = 2.611193, SE = 0.000000, t = 0.00
  θ[187] = 2.593605, SE = 0.005135, t = 505.08
  θ[188] = 2.580142, SE = 0.000000, t = 0.00
  θ[189] = 2.779782, SE = 0.140031, t = 19.85
  θ[190] = 2.629554, SE = 0.000000, t = 0.00
  θ[191] = 2.604829, SE = 0.000000, t = 0.00
  θ[192] = 2.509859, SE = 0.000000, t = 0.00
  θ[193] = 2.611731, SE = 0.000000, t = 0.00
  θ[194] = 2.649454, SE = 0.000000, t = 0.00
  θ[195] = 2.583992, SE = 0.005494, t = 470.36
  θ[196] = 4.858746, SE = 0.000000, t = 0.00
  θ[197] = 2.559106, SE = 0.000000, t = 0.00
  θ[198] = 2.520964, SE = 0.000000, t = 0.00
  θ[199] = 2.726018, SE = 0.000000, t = 0.00
  θ[200] = 2.671542, SE = 0.000000, t = 0.00
  θ[201] = 2.628627, SE = 0.000000, t = 0.00
  θ[202] = 2.548970, SE = 0.000000, t = 0.00
  θ[203] = 2.646128, SE = 0.000000, t = 0.00
  θ[204] = 2.543966, SE = 0.000000, t = 0.00
  θ[205] = 2.618422, SE = 0.000000, t = 0.00
  θ[206] = 2.646891, SE = 0.000000, t = 0.00
  θ[207] = 2.632898, SE = 0.000000, t = 0.00
  θ[208] = 2.634785, SE = 0.000000, t = 0.00
  θ[209] = 2.519371, SE = 0.000000, t = 0.00
  θ[210] = 2.454329, SE = 0.000000, t = 0.00
  θ[211] = 2.541663, SE = 0.000000, t = 0.00
  θ[212] = 2.422986, SE = 0.000000, t = 0.00
  θ[213] = 2.603176, SE = 0.000000, t = 0.00
  θ[214] = 2.605461, SE = 0.000000, t = 0.00
  θ[215] = 2.579666, SE = 0.000000, t = 0.00
  θ[216] = 2.622900, SE = 0.000000, t = 0.00
  θ[217] = 2.613796, SE = 0.000000, t = 0.00
  θ[218] = 2.574588, SE = 83.958997, t = 0.03
  θ[219] = 2.559865, SE = 0.000000, t = 0.00
  θ[220] = 2.574860, SE = 0.000000, t = 0.00
  θ[221] = 2.640257, SE = 0.000000, t = 0.00
  θ[222] = 2.798147, SE = 0.000000, t = 0.00
  θ[223] = 2.581878, SE = 0.000000, t = 0.00
  θ[224] = 2.658048, SE = 0.000000, t = 0.00
  θ[225] = 2.821177, SE = 0.000000, t = 0.00
  θ[226] = 2.758064, SE = 0.000000, t = 0.00
  θ[227] = 2.604953, SE = 0.000000, t = 0.00
  θ[228] = 2.631171, SE = 0.000000, t = 0.00
  θ[229] = 2.437222, SE = 0.000000, t = 0.00
  θ[230] = 2.658980, SE = 0.000000, t = 0.00
  θ[231] = 2.658484, SE = 0.000000, t = 0.00
  θ[232] = 2.408854, SE = 0.000000, t = 0.00
  θ[233] = 2.526556, SE = 0.000000, t = 0.00
  θ[234] = 2.568214, SE = 0.000000, t = 0.00
  θ[235] = 2.558779, SE = 0.000000, t = 0.00
  θ[236] = 2.563518, SE = 0.000000, t = 0.00
  θ[237] = 2.642937, SE = 0.000000, t = 0.00
  θ[238] = 2.546684, SE = 0.000000, t = 0.00
  θ[239] = 3.515330, SE = 0.000000, t = 0.00
  θ[240] = 2.580030, SE = 0.000000, t = 0.00
  θ[241] = 2.553682, SE = 0.000000, t = 0.00
  θ[242] = 2.649157, SE = 0.000000, t = 0.00
  θ[243] = 2.585046, SE = 0.000000, t = 0.00
  θ[244] = 2.729208, SE = 0.000000, t = 0.00
  θ[245] = 2.839153, SE = 72.677940, t = 0.04
  θ[246] = 2.613834, SE = 0.000000, t = 0.00
  θ[247] = 2.698900, SE = 0.000000, t = 0.00
  θ[248] = 2.579058, SE = 0.000000, t = 0.00
  θ[249] = 2.585827, SE = 0.000000, t = 0.00
  θ[250] = 2.587301, SE = 0.000000, t = 0.00
  θ[251] = 2.632527, SE = 0.000000, t = 0.00
  θ[252] = 2.751860, SE = 0.000000, t = 0.00
  θ[253] = 2.658778, SE = 0.000000, t = 0.00
  θ[254] = 2.685722, SE = 0.000000, t = 0.00
  θ[255] = 2.548864, SE = 0.000000, t = 0.00
  θ[256] = 2.857738, SE = 0.000000, t = 0.00
  θ[257] = 2.515119, SE = 0.000000, t = 0.00
  θ[258] = 2.626004, SE = 0.000000, t = 0.00
  θ[259] = 2.703872, SE = 0.000000, t = 0.00
  θ[260] = 2.521203, SE = 0.000000, t = 0.00
  θ[261] = 2.615014, SE = 0.000000, t = 0.00
  θ[262] = 12.798703, SE = 0.000000, t = 0.00
  θ[263] = 2.702550, SE = 0.000000, t = 0.00
  θ[264] = 2.539173, SE = 0.000000, t = 0.00
  θ[265] = 2.534038, SE = 0.000000, t = 0.00
  θ[266] = 2.594472, SE = 0.000000, t = 0.00
  θ[267] = 2.633119, SE = 0.000000, t = 0.00
  θ[268] = 2.651984, SE = 0.000000, t = 0.00
  θ[269] = 2.598331, SE = 0.000000, t = 0.00
  θ[270] = 2.641253, SE = 0.000000, t = 0.00
  θ[271] = 2.692847, SE = 0.000000, t = 0.00
  θ[272] = 2.503050, SE = 0.000000, t = 0.00
  θ[273] = 2.701193, SE = 0.000000, t = 0.00
  θ[274] = 2.537756, SE = 0.000000, t = 0.00
  θ[275] = 2.615842, SE = 0.000000, t = 0.00
  θ[276] = 2.649135, SE = 0.000000, t = 0.00
  θ[277] = 2.806707, SE = 49.319227, t = 0.06
  θ[278] = 2.562085, SE = 0.000000, t = 0.00
  θ[279] = 2.711180, SE = 0.000000, t = 0.00
  θ[280] = 2.623981, SE = 0.000000, t = 0.00
  θ[281] = 2.647420, SE = 0.000000, t = 0.00
  θ[282] = 2.638966, SE = 0.000000, t = 0.00
  θ[283] = 2.657819, SE = 0.000000, t = 0.00
  θ[284] = 2.607390, SE = 0.000000, t = 0.00
  θ[285] = 2.609770, SE = 170.212520, t = 0.02
  θ[286] = 2.681755, SE = 0.000000, t = 0.00
  θ[287] = 2.636501, SE = 0.000000, t = 0.00
  θ[288] = 2.544757, SE = 0.000000, t = 0.00
  θ[289] = 2.580867, SE = 0.000000, t = 0.00
  θ[290] = 2.481602, SE = 0.000000, t = 0.00
  θ[291] = 2.555182, SE = 0.000000, t = 0.00
  θ[292] = 2.583128, SE = 168.474963, t = 0.02
  θ[293] = 6.385740, SE = 0.000000, t = 0.00
  θ[294] = 3.270520, SE = 213.306635, t = 0.02
  θ[295] = 2.655308, SE = 0.000000, t = 0.00
  θ[296] = 2.711452, SE = 0.000000, t = 0.00
  θ[297] = 4.246174, SE = 0.000000, t = 0.00
  θ[298] = 3.427982, SE = 40.380798, t = 0.08
  θ[299] = 2.568568, SE = 4.580995, t = 0.56
  θ[300] = 2.612147, SE = 0.000000, t = 0.00
  θ[301] = 2.588743, SE = 0.000000, t = 0.00
  θ[302] = 2.483235, SE = 0.000000, t = 0.00
  θ[303] = 2.956575, SE = 69.791491, t = 0.04
  θ[304] = 2.528972, SE = 0.000000, t = 0.00
  θ[305] = 2.524676, SE = 164.662707, t = 0.02
  θ[306] = 2.637570, SE = 0.000000, t = 0.00
  θ[307] = 2.615209, SE = 0.000000, t = 0.00
  θ[308] = 2.630936, SE = 0.000000, t = 0.00
  θ[309] = 2.572499, SE = 0.011934, t = 215.57
  θ[310] = 2.668711, SE = 0.000000, t = 0.00
  θ[311] = 2.667345, SE = 0.000000, t = 0.00
  θ[312] = 2.602731, SE = 0.000000, t = 0.00
  θ[313] = 2.626467, SE = 0.000000, t = 0.00
  θ[314] = 2.742684, SE = 0.000000, t = 0.00
  θ[315] = 2.678493, SE = 0.000000, t = 0.00
  θ[316] = 2.593502, SE = 0.000000, t = 0.00
  θ[317] = 2.595072, SE = 0.000000, t = 0.00
  θ[318] = 6.043116, SE = 0.000000, t = 0.00
  θ[319] = 2.585940, SE = 0.000000, t = 0.00
  θ[320] = 2.566707, SE = 0.000000, t = 0.00
  θ[321] = 40.478965, SE = 0.000000, t = 0.00
  θ[322] = 2.682635, SE = 0.000000, t = 0.00
  θ[323] = 2.631949, SE = 0.000000, t = 0.00
  θ[324] = 3.068544, SE = 0.000000, t = 0.00
  θ[325] = 2.627758, SE = 0.000000, t = 0.00
  θ[326] = 2.548613, SE = 0.000000, t = 0.00
  θ[327] = 2.604956, SE = 0.000000, t = 0.00
  θ[328] = 2.620585, SE = 0.000000, t = 0.00
  θ[329] = 2.464015, SE = 0.000000, t = 0.00
  θ[330] = 2.534311, SE = 0.000000, t = 0.00
  θ[331] = 2.536704, SE = 0.000000, t = 0.00
  θ[332] = 2.846195, SE = 0.000000, t = 0.00
  θ[333] = 2.622786, SE = 0.000000, t = 0.00
  θ[334] = 2.596181, SE = 0.000000, t = 0.00
  θ[335] = 2.614911, SE = 0.000000, t = 0.00
  θ[336] = 2.847448, SE = 0.000000, t = 0.00
  θ[337] = 2.600641, SE = 0.000000, t = 0.00
  θ[338] = 2.647302, SE = 0.000000, t = 0.00
  θ[339] = 2.627836, SE = 0.000000, t = 0.00
  θ[340] = 2.549066, SE = 0.000000, t = 0.00
  θ[341] = 2.590081, SE = 0.000000, t = 0.00
  θ[342] = 2.605990, SE = 0.000000, t = 0.00
  θ[343] = 2.533780, SE = 0.000000, t = 0.00
  θ[344] = 2.532510, SE = 0.000000, t = 0.00
  θ[345] = 2.586160, SE = 0.000000, t = 0.00
  θ[346] = 6.189209, SE = 0.000000, t = 0.00
  θ[347] = 3.646078, SE = 0.000000, t = 0.00
  θ[348] = 2.698472, SE = 0.000000, t = 0.00
  θ[349] = 2.681170, SE = 0.000000, t = 0.00
  θ[350] = 2.783069, SE = 0.000000, t = 0.00
  θ[351] = 2.634441, SE = 0.000000, t = 0.00
  θ[352] = 2.694936, SE = 0.000000, t = 0.00
  θ[353] = 2.635028, SE = 0.000000, t = 0.00
  θ[354] = 2.611858, SE = 0.000000, t = 0.00
  θ[355] = 2.616716, SE = 0.000000, t = 0.00
  θ[356] = 2.599623, SE = 0.000000, t = 0.00
  θ[357] = 2.607244, SE = 0.000000, t = 0.00
  θ[358] = 3.533103, SE = 0.000000, t = 0.00
  θ[359] = 2.611698, SE = 0.000000, t = 0.00
  θ[360] = 2.600847, SE = 0.000000, t = 0.00
  θ[361] = 2.865964, SE = 186.926955, t = 0.02
  θ[362] = 2.835799, SE = 0.000000, t = 0.00
  θ[363] = 2.679121, SE = 0.000000, t = 0.00
  θ[364] = 4.582148, SE = 0.000000, t = 0.00
  θ[365] = 3.405533, SE = 0.000000, t = 0.00
  θ[366] = 2.552069, SE = 0.000000, t = 0.00
  θ[367] = 2.544443, SE = 0.000000, t = 0.00
  θ[368] = 2.555740, SE = 0.000000, t = 0.00
  θ[369] = 2.515580, SE = 0.000000, t = 0.00
  θ[370] = 2.704296, SE = 0.000000, t = 0.00
  θ[371] = 2.592953, SE = 0.000000, t = 0.00
  θ[372] = 2.522200, SE = 0.000000, t = 0.00
  θ[373] = 2.637443, SE = 0.000000, t = 0.00
  θ[374] = 2.985038, SE = 0.000000, t = 0.00
  θ[375] = 2.661423, SE = 0.000000, t = 0.00
  θ[376] = 2.445036, SE = 0.000000, t = 0.00
  θ[377] = 2.576788, SE = 0.000000, t = 0.00
  θ[378] = 2.637669, SE = 0.000000, t = 0.00
  θ[379] = 2.928420, SE = 0.000000, t = 0.00
  θ[380] = 2.631567, SE = 0.000000, t = 0.00
  θ[381] = 2.620581, SE = 0.000000, t = 0.00
  θ[382] = 2.608311, SE = 0.000000, t = 0.00
  θ[383] = 2.668785, SE = 0.000000, t = 0.00
  θ[384] = 2.619496, SE = 0.000000, t = 0.00
  θ[385] = 2.621886, SE = 0.000000, t = 0.00
  θ[386] = 2.621541, SE = 0.000000, t = 0.00
  θ[387] = 2.601110, SE = 0.000000, t = 0.00
  θ[388] = 2.578298, SE = 0.000000, t = 0.00
  θ[389] = 10.238917, SE = 0.000000, t = 0.00
  θ[390] = 2.750137, SE = 0.000000, t = 0.00
  θ[391] = 2.999395, SE = 46.150854, t = 0.06
  θ[392] = 2.654570, SE = 0.000000, t = 0.00
  θ[393] = 2.853515, SE = 0.000000, t = 0.00
  θ[394] = 2.599629, SE = 53.247835, t = 0.05
  θ[395] = 3.494185, SE = 0.000000, t = 0.00
  θ[396] = 2.618872, SE = 0.000000, t = 0.00
  θ[397] = 2.627829, SE = 0.000000, t = 0.00
  θ[398] = 2.551663, SE = 166.422421, t = 0.02
  θ[399] = 3.230438, SE = 0.000000, t = 0.00
  θ[400] = 2.593633, SE = 0.000000, t = 0.00
  θ[401] = 3.578276, SE = 0.000000, t = 0.00
  θ[402] = 17.940173, SE = 0.000000, t = 0.00
  θ[403] = 2.614438, SE = 0.000000, t = 0.00
  θ[404] = 6.395249, SE = 32.265168, t = 0.20
  θ[405] = 2.596820, SE = 169.367620, t = 0.02
  θ[406] = 8.630085, SE = 0.000000, t = 0.00
  θ[407] = 2.764860, SE = 0.000000, t = 0.00
  θ[408] = 2.832996, SE = 0.000000, t = 0.00
  θ[409] = 2.648788, SE = 0.000000, t = 0.00
  θ[410] = 2.535819, SE = 0.000000, t = 0.00
  θ[411] = 2.614751, SE = 0.000000, t = 0.00
  θ[412] = 2.610328, SE = 0.000000, t = 0.00
  θ[413] = 5.475023, SE = 0.000000, t = 0.00
  θ[414] = 2.663415, SE = 173.711506, t = 0.02
  θ[415] = 2.640023, SE = 0.000000, t = 0.00
  θ[416] = 2.639189, SE = 0.000000, t = 0.00
  θ[417] = 2.630960, SE = 0.000000, t = 0.00
  θ[418] = 3.415939, SE = 0.000000, t = 0.00
  θ[419] = 2.463851, SE = 0.000000, t = 0.00
  θ[420] = 2.601211, SE = 0.000000, t = 0.00
  θ[421] = 2.540282, SE = 0.000000, t = 0.00
  θ[422] = 2.576273, SE = 0.000000, t = 0.00
  θ[423] = 2.660903, SE = 0.000000, t = 0.00
  θ[424] = 2.659347, SE = 0.000000, t = 0.00
  θ[425] = 2.452367, SE = 0.000000, t = 0.00
  θ[426] = 2.515591, SE = 0.000000, t = 0.00
  θ[427] = 3.127395, SE = 0.000000, t = 0.00
  θ[428] = 2.514098, SE = 0.000000, t = 0.00
  θ[429] = 2.614731, SE = 0.000000, t = 0.00
  θ[430] = 2.583837, SE = 0.000000, t = 0.00
  θ[431] = 2.657846, SE = 0.000000, t = 0.00
  θ[432] = 2.639898, SE = 0.005404, t = 488.53
  θ[433] = 2.679613, SE = 0.000000, t = 0.00
  θ[434] = 4.336574, SE = 47.582212, t = 0.09
  θ[435] = 2.628136, SE = 0.000000, t = 0.00
  θ[436] = 2.664159, SE = 0.000000, t = 0.00
  θ[437] = 2.560578, SE = 0.000000, t = 0.00
  θ[438] = 2.459343, SE = 0.000000, t = 0.00
  θ[439] = 2.513225, SE = 0.000000, t = 0.00
  θ[440] = 4.330074, SE = 0.000000, t = 0.00
  θ[441] = 2.613693, SE = 0.000000, t = 0.00
  θ[442] = 2.519888, SE = 164.350712, t = 0.02
  θ[443] = 2.538684, SE = 0.000000, t = 0.00
  θ[444] = 3.571600, SE = 0.000000, t = 0.00
  θ[445] = 2.627073, SE = 0.000000, t = 0.00
  θ[446] = 2.537025, SE = 0.000000, t = 0.00
  θ[447] = 3.014911, SE = 0.000000, t = 0.00
  θ[448] = 2.538628, SE = 0.000000, t = 0.00
  θ[449] = 2.537857, SE = 0.000000, t = 0.00
  θ[450] = 2.650293, SE = 0.000000, t = 0.00
  θ[451] = 2.629300, SE = 0.000000, t = 0.00
  θ[452] = 2.660322, SE = 54.608705, t = 0.05
  θ[453] = 2.550141, SE = 0.000000, t = 0.00
  θ[454] = 2.555091, SE = 0.000000, t = 0.00
  θ[455] = 2.635722, SE = 0.000000, t = 0.00
  θ[456] = 2.600901, SE = 0.000000, t = 0.00
  θ[457] = 2.569921, SE = 167.613640, t = 0.02
  θ[458] = 2.752890, SE = 0.000000, t = 0.00
  θ[459] = 2.638813, SE = 0.000000, t = 0.00
  θ[460] = 2.574427, SE = 0.000000, t = 0.00
  θ[461] = 4.294512, SE = 0.000000, t = 0.00
  θ[462] = 2.549906, SE = 0.000000, t = 0.00
  θ[463] = 2.521497, SE = 0.000000, t = 0.00
  θ[464] = 2.603230, SE = 0.000000, t = 0.00
  θ[465] = 2.625412, SE = 0.000000, t = 0.00
  θ[466] = 2.553284, SE = 0.000000, t = 0.00
  θ[467] = 2.623755, SE = 0.000000, t = 0.00
  θ[468] = 2.563071, SE = 0.000000, t = 0.00
  θ[469] = 4.428067, SE = 0.000000, t = 0.00
  θ[470] = 2.628067, SE = 0.000000, t = 0.00
  θ[471] = 2.656490, SE = 0.000000, t = 0.00
  θ[472] = 2.508992, SE = 0.000000, t = 0.00
  θ[473] = 2.551097, SE = 0.005375, t = 474.58
  θ[474] = 2.584067, SE = 168.536293, t = 0.02
  θ[475] = 2.589587, SE = 0.000000, t = 0.00
  θ[476] = 2.646667, SE = 0.000000, t = 0.00
  θ[477] = 2.620352, SE = 0.000000, t = 0.00
  θ[478] = 2.570774, SE = 56.510896, t = 0.05
  θ[479] = 2.634238, SE = 0.000000, t = 0.00
  θ[480] = 3.676686, SE = 0.000000, t = 0.00
  θ[481] = 2.629776, SE = 0.000000, t = 0.00
  θ[482] = 2.520414, SE = 0.000000, t = 0.00
  θ[483] = 2.654894, SE = 0.000000, t = 0.00
  θ[484] = 2.586683, SE = 0.000000, t = 0.00
  θ[485] = 2.584343, SE = 0.000000, t = 0.00
  θ[486] = 2.605163, SE = 0.000000, t = 0.00
  θ[487] = 2.613816, SE = 0.000000, t = 0.00
  θ[488] = 6.821405, SE = 0.000000, t = 0.00
  θ[489] = 3.873675, SE = 0.000000, t = 0.00
  θ[490] = 2.602978, SE = 0.000000, t = 0.00
  θ[491] = 2.630700, SE = 0.000000, t = 0.00
  θ[492] = 2.643854, SE = 0.000000, t = 0.00
  θ[493] = 2.627389, SE = 0.000000, t = 0.00
  θ[494] = 554.386509, SE = 55.782308, t = 9.94
  θ[495] = 27.006340, SE = 1101.776229, t = 0.02
  θ[496] = 36.531809, SE = 822.364941, t = 0.04

============================================================
RESULTS SAVED
============================================================
  SE array: /scratch/ed2189/combinatorial-choice-estimation/applications/combinatorial_auction_v2/estimation_results/sandwich_se_all.npy
  Variance matrix: /scratch/ed2189/combinatorial-choice-estimation/applications/combinatorial_auction_v2/estimation_results/sandwich_variance.npy
  A matrix: /scratch/ed2189/combinatorial-choice-estimation/applications/combinatorial_auction_v2/estimation_results/sandwich_A_matrix.npy
  B matrix: /scratch/ed2189/combinatorial-choice-estimation/applications/combinatorial_auction_v2/estimation_results/sandwich_B_matrix.npy
  CSV: /scratch/ed2189/combinatorial-choice-estimation/applications/combinatorial_auction_v2/estimation_results/sandwich_se_full.csv

============================================================
NON-FE PARAMETERS SUMMARY
============================================================
  θ[0] = 128.3707, SE = 232.7140, t = 0.55
  θ[494] = 554.3865, SE = 55.7823, t = 9.94
  θ[495] = 27.0063, SE = 1101.7762, t = 0.02
  θ[496] = 36.5318, SE = 822.3649, t = 0.04

✓ DONE
