Set parameter TSPort to value 61954
Set parameter TokenServer to value "10.0.1.1"
Set parameter Threads to value 1
Read parameters from file gurobi.env
Set parameter TSPort to value 61954
Set parameter TSPort to value 61954
Set parameter TokenServer to value "10.0.1.1"
Set parameter TokenServer to value "10.0.1.1"
Set parameter TSPort to value 61954
Set parameter TokenServer to value "10.0.1.1"
Set parameter TSPort to value 61954
Set parameter TSPort to value 61954
Set parameter Threads to value 1
Read parameters from file gurobi.env
Set parameter Threads to value 1
Read parameters from file gurobi.env
Set parameter Threads to value 1
Read parameters from file gurobi.env
Set parameter TokenServer to value "10.0.1.1"
Set parameter TokenServer to value "10.0.1.1"
Set parameter Threads to value 1
Read parameters from file gurobi.env
Set parameter Threads to value 1
Read parameters from file gurobi.env
Set parameter TSPort to value 61954
Set parameter TokenServer to value "10.0.1.1"
Set parameter TSPort to value 61954
Set parameter TSPort to value 61954
Set parameter Threads to value 1
Set parameter TokenServer to value "10.0.1.1"
Read parameters from file gurobi.env
Set parameter TokenServer to value "10.0.1.1"
Set parameter TSPort to value 61954
Set parameter Threads to value 1
Read parameters from file gurobi.env
Set parameter Threads to value 1
Read parameters from file gurobi.env
Set parameter TokenServer to value "10.0.1.1"
Set parameter Threads to value 1
Read parameters from file gurobi.env
Set parameter TSPort to value 61954
Set parameter TokenServer to value "10.0.1.1"
Set parameter Threads to value 1
Read parameters from file gurobi.env
Set parameter TSPort to value 61954
Set parameter TokenServer to value "10.0.1.1"
Set parameter Threads to value 1
Read parameters from file gurobi.env
Set parameter TSPort to value 61954
Set parameter TokenServer to value "10.0.1.1"
Set parameter Threads to value 1
Read parameters from file gurobi.env
Set parameter TSPort to value 61954
Set parameter TokenServer to value "10.0.1.1"
Set parameter Threads to value 1
Read parameters from file gurobi.env
Set parameter TSPort to value 61954
Set parameter TokenServer to value "10.0.1.1"
Set parameter Threads to value 1
Read parameters from file gurobi.env
Set parameter TSPort to value 61954
Set parameter TokenServer to value "10.0.1.1"
Set parameter Threads to value 1
Read parameters from file gurobi.env
Set parameter TSPort to value 61954
Set parameter TokenServer to value "10.0.1.1"
Set parameter Threads to value 1
Read parameters from file gurobi.env
Set parameter TSPort to value 61954
Set parameter TokenServer to value "10.0.1.1"
Set parameter Threads to value 1
Read parameters from file gurobi.env
Set parameter TSPort to value 61954
Set parameter TokenServer to value "10.0.1.1"
Set parameter Threads to value 1
Read parameters from file gurobi.env
Set parameter TSPort to value 61954
Set parameter TokenServer to value "10.0.1.1"
Set parameter Threads to value 1
Read parameters from file gurobi.env
Set parameter TSPort to value 61954
Set parameter TokenServer to value "10.0.1.1"
Set parameter Threads to value 1
Read parameters from file gurobi.env
Set parameter TSPort to value 61954
Set parameter TokenServer to value "10.0.1.1"
Set parameter Threads to value 1
Read parameters from file gurobi.env
Set parameter TSPort to value 61954
Set parameter TokenServer to value "10.0.1.1"
Set parameter Threads to value 1
Read parameters from file gurobi.env
Set parameter TSPort to value 61954
Set parameter TokenServer to value "10.0.1.1"
Set parameter Threads to value 1
Read parameters from file gurobi.env
Set parameter TSPort to value 61954
Set parameter TokenServer to value "10.0.1.1"
Set parameter Threads to value 1
Read parameters from file gurobi.env
Set parameter TSPort to value 61954
Set parameter TokenServer to value "10.0.1.1"
Set parameter Threads to value 1
Read parameters from file gurobi.env
Set parameter TSPort to value 61954
Set parameter TokenServer to value "10.0.1.1"
Set parameter Threads to value 1
Read parameters from file gurobi.env
Set parameter TSPort to value 61954
Set parameter TokenServer to value "10.0.1.1"
Set parameter Threads to value 1
Read parameters from file gurobi.env
Set parameter TSPort to value 61954
Set parameter TokenServer to value "10.0.1.1"
Set parameter Threads to value 1
Read parameters from file gurobi.env
Set parameter TSPort to value 61954
Set parameter TokenServer to value "10.0.1.1"
Set parameter Threads to value 1
Read parameters from file gurobi.env
Set parameter TSPort to value 61954
Set parameter TokenServer to value "10.0.1.1"
Set parameter Threads to value 1
Read parameters from file gurobi.env
Set parameter TSPort to value 61954
Set parameter TokenServer to value "10.0.1.1"
Set parameter Threads to value 1
Read parameters from file gurobi.env
Set parameter TSPort to value 61954
Set parameter TokenServer to value "10.0.1.1"
Set parameter Threads to value 1
Read parameters from file gurobi.env
Set parameter TSPort to value 61954
Set parameter TokenServer to value "10.0.1.1"
Set parameter Threads to value 1
Read parameters from file gurobi.env
Set parameter TSPort to value 61954
Set parameter TokenServer to value "10.0.1.1"
Set parameter Threads to value 1
Read parameters from file gurobi.env
Set parameter TSPort to value 61954
Set parameter TokenServer to value "10.0.1.1"
Set parameter Threads to value 1
Read parameters from file gurobi.env
Set parameter TSPort to value 61954
Set parameter TokenServer to value "10.0.1.1"
Set parameter Threads to value 1
Read parameters from file gurobi.env
Set parameter TSPort to value 61954
Set parameter TokenServer to value "10.0.1.1"
Set parameter Threads to value 1
Read parameters from file gurobi.env
Set parameter TSPort to value 61954
Set parameter TokenServer to value "10.0.1.1"
Set parameter Threads to value 1
Read parameters from file gurobi.env
Set parameter TSPort to value 61954
Set parameter TokenServer to value "10.0.1.1"
Set parameter Threads to value 1
Read parameters from file gurobi.env
Set parameter TSPort to value 61954
Set parameter TokenServer to value "10.0.1.1"
Set parameter Threads to value 1
Read parameters from file gurobi.env
Set parameter TSPort to value 61954
Set parameter TokenServer to value "10.0.1.1"
Set parameter Threads to value 1
Read parameters from file gurobi.env
Set parameter TSPort to value 61954
Set parameter TokenServer to value "10.0.1.1"
Set parameter Threads to value 1
Read parameters from file gurobi.env
Set parameter TSPort to value 61954
Set parameter TokenServer to value "10.0.1.1"
Set parameter Threads to value 1
Read parameters from file gurobi.env
Set parameter TSPort to value 61954
Set parameter TokenServer to value "10.0.1.1"
Set parameter Threads to value 1
Read parameters from file gurobi.env
Set parameter TSPort to value 61954
Set parameter TokenServer to value "10.0.1.1"
Set parameter Threads to value 1
Read parameters from file gurobi.env
Set parameter TSPort to value 61954
Set parameter TokenServer to value "10.0.1.1"
Set parameter Threads to value 1
Read parameters from file gurobi.env
Set parameter TSPort to value 61954
Set parameter TokenServer to value "10.0.1.1"
Set parameter Threads to value 1
Read parameters from file gurobi.env
Set parameter TSPort to value 61954
Set parameter TokenServer to value "10.0.1.1"
Set parameter Threads to value 1
Read parameters from file gurobi.env
####################################################################################################
####################################################################################################
Data loaded and scattered. Time:  12:01:51
####################################################################################################
####################################################################################################
Set parameter TSPort to value 61954
Set parameter TokenServer to value "10.0.1.1"
Set parameter Threads to value 1
Read parameters from file gurobi.env
Set parameter Method to value 0
Gurobi Optimizer version 12.0.1 build v12.0.1rc0 (linux64 - "Ubuntu 24.04.1 LTS")

CPU model: Intel(R) Xeon(R) Platinum 8268 CPU @ 2.90GHz, instruction set [SSE2|AVX|AVX2|AVX512]
Thread count: 48 physical cores, 48 logical processors, using up to 1 threads

Non-default parameters:
Method  0
TSPort  61954
Threads  1

Optimize a model with 2550 rows, 3047 columns and 1269890 nonzeros
Model fingerprint: 0x6bf152f4
Coefficient statistics:
  Matrix range     [1e-04, 1e+00]
  Objective range  [1e-01, 1e+00]
  Bounds range     [1e+09, 1e+09]
  RHS range        [7e-03, 7e+01]
Presolve removed 0 rows and 492 columns
Presolve time: 0.39s
Presolved: 2550 rows, 2555 columns, 15290 nonzeros

Iteration    Objective       Primal Inf.    Dual Inf.      Time
       0   -2.2893272e+03   0.000000e+00   1.014400e+03      0s
    1331   -5.4450064e+01   0.000000e+00   0.000000e+00      1s

Solved in 1331 iterations and 0.61 seconds (1.24 work units)
Optimal objective -5.445006406e+01
----------------------------------------------------------------------------------------------------
modular characteristics:   1
quadratic characteristics: 3
simulations:               10
agents:                    255
objects:                   493
phi_hat:                   [0.34392993 0.47553915 0.25142282 0.19437477]
----------------------------------------------------------------------------------------------------
ObjVal:               -54.45006405825019
upper bound:          -4.9234116913764305
min solution: 0.0 max solution: 61.450686340251146
----------------------------------------------------------------------------------------------------
parameters: [50.26062066  0.          0.          0.        ]
----------------------------------------------------------------------------------------------------
####################################################################################################
####################################################################################################
Pricing and Master init done. Time:  12:01:55
####################################################################################################
####################################################################################################
####################################################################################################
####################################################################################################
ITERATION:  0
TIME after pricing:  12:02:36
####################################################################################################
####################################################################################################
Warning for adding constraints: zero or small (< 1e-13) coefficients, ignored
Gurobi Optimizer version 12.0.1 build v12.0.1rc0 (linux64 - "Ubuntu 24.04.1 LTS")

CPU model: Intel(R) Xeon(R) Platinum 8268 CPU @ 2.90GHz, instruction set [SSE2|AVX|AVX2|AVX512]
Thread count: 48 physical cores, 48 logical processors, using up to 1 threads

Non-default parameters:
Method  0
TSPort  61954
Threads  1

Optimize a model with 5082 rows, 3047 columns and 1369177 nonzeros
Coefficient statistics:
  Matrix range     [5e-12, 1e+00]
  Objective range  [1e-01, 1e+00]
  Bounds range     [1e+09, 1e+09]
  RHS range        [7e-03, 2e+02]
LP warm-start: use basis

Iteration    Objective       Primal Inf.    Dual Inf.      Time
       0   -5.4450064e+01   1.041341e+05   8.653612e+10      0s
    5162   -7.6051539e+02   0.000000e+00   6.910656e+03      5s
    7573   -4.1539385e+02   0.000000e+00   2.675610e+03     10s
    9232   -3.5725040e+02   0.000000e+00   0.000000e+00     14s

Solved in 9232 iterations and 13.92 seconds (16.45 work units)
Optimal objective -3.572504003e+02
srun: Job step aborted: Waiting up to 32 seconds for job step to finish.
slurmstepd: error: *** JOB 60023157 ON cs168 CANCELLED AT 2025-05-02T13:41:54 ***
slurmstepd: error: *** STEP 60023157.0 ON cs168 CANCELLED AT 2025-05-02T13:41:54 ***
