Set parameter TSPort to value 61954
Set parameter TokenServer to value "10.0.1.1"
Set parameter TSPort to value 61954
Set parameter TSPort to value 61954
Set parameter TokenServer to value "10.0.1.1"
Set parameter Threads to value 1
Read parameters from file gurobi.env
Set parameter TokenServer to value "10.0.1.1"
Set parameter TSPort to value 61954
Set parameter TokenServer to value "10.0.1.1"
Set parameter Threads to value 1
Set parameter Threads to value 1
Read parameters from file gurobi.env
Read parameters from file gurobi.env
Set parameter Threads to value 1
Read parameters from file gurobi.env
Set parameter TSPort to value 61954
Set parameter TokenServer to value "10.0.1.1"
Set parameter Threads to value 1
Read parameters from file gurobi.env
Set parameter TSPort to value 61954
Set parameter TokenServer to value "10.0.1.1"
Set parameter Threads to value 1
Read parameters from file gurobi.env
Set parameter TSPort to value 61954
Set parameter TokenServer to value "10.0.1.1"
Set parameter Threads to value 1
Read parameters from file gurobi.env
Set parameter TSPort to value 61954
Set parameter TokenServer to value "10.0.1.1"
Set parameter Threads to value 1
Read parameters from file gurobi.env
Set parameter TSPort to value 61954
Set parameter TokenServer to value "10.0.1.1"
Set parameter Threads to value 1
Read parameters from file gurobi.env
Set parameter TSPort to value 61954
Set parameter TokenServer to value "10.0.1.1"
Set parameter Threads to value 1
Read parameters from file gurobi.env
Set parameter TSPort to value 61954
Set parameter TokenServer to value "10.0.1.1"
Set parameter Threads to value 1
Read parameters from file gurobi.env
Set parameter TSPort to value 61954
Set parameter TokenServer to value "10.0.1.1"
Set parameter Threads to value 1
Read parameters from file gurobi.env
Set parameter TSPort to value 61954
Set parameter TokenServer to value "10.0.1.1"
Set parameter Threads to value 1
Read parameters from file gurobi.env
Set parameter TSPort to value 61954
Set parameter TokenServer to value "10.0.1.1"
Set parameter Threads to value 1
Read parameters from file gurobi.env
Set parameter TSPort to value 61954
Set parameter TokenServer to value "10.0.1.1"
Set parameter Threads to value 1
Read parameters from file gurobi.env
Set parameter TSPort to value 61954
Set parameter TokenServer to value "10.0.1.1"
Set parameter Threads to value 1
Read parameters from file gurobi.env
Set parameter TSPort to value 61954
Set parameter TokenServer to value "10.0.1.1"
Set parameter Threads to value 1
Read parameters from file gurobi.env
Set parameter TSPort to value 61954
Set parameter TokenServer to value "10.0.1.1"
Set parameter Threads to value 1
Read parameters from file gurobi.env
Set parameter TSPort to value 61954
Set parameter TokenServer to value "10.0.1.1"
Set parameter Threads to value 1
Read parameters from file gurobi.env
Set parameter TSPort to value 61954
Set parameter TokenServer to value "10.0.1.1"
Set parameter Threads to value 1
Read parameters from file gurobi.env
Set parameter TSPort to value 61954
Set parameter TokenServer to value "10.0.1.1"
Set parameter Threads to value 1
Read parameters from file gurobi.env
Set parameter TSPort to value 61954
Set parameter TokenServer to value "10.0.1.1"
Set parameter Threads to value 1
Read parameters from file gurobi.env
Set parameter TSPort to value 61954
Set parameter TokenServer to value "10.0.1.1"
Set parameter Threads to value 1
Read parameters from file gurobi.env
Set parameter TSPort to value 61954
Set parameter TokenServer to value "10.0.1.1"
Set parameter Threads to value 1
Read parameters from file gurobi.env
####################################################################################################
####################################################################################################
Data loaded and scattered. Time:  10:19:07
####################################################################################################
####################################################################################################
Set parameter TSPort to value 61954
Set parameter TokenServer to value "10.0.1.1"
Set parameter Threads to value 1
Read parameters from file gurobi.env
Set parameter Method to value 0
Gurobi Optimizer version 12.0.0 build v12.0.0rc1 (linux64 - "Ubuntu 24.04.1 LTS")

CPU model: Intel(R) Xeon(R) Platinum 8268 CPU @ 2.90GHz, instruction set [SSE2|AVX|AVX2|AVX512]
Thread count: 48 physical cores, 48 logical processors, using up to 1 threads

Non-default parameters:
Method  0
TSPort  61954
Threads  1

Optimize a model with 5100 rows, 5597 columns and 2539780 nonzeros
Model fingerprint: 0x3bce1c9e
Coefficient statistics:
  Matrix range     [1e-04, 1e+00]
  Objective range  [5e-02, 1e+00]
  Bounds range     [1e+09, 1e+09]
  RHS range        [3e-02, 9e+01]
Presolve removed 0 rows and 492 columns
Presolve time: 0.81s
Presolved: 5 rows, 5104 columns, 25484 nonzeros

Iteration    Objective       Primal Inf.    Dual Inf.      Time
       0   -6.2659613e+01   2.981728e-01   1.341503e+08      1s
      54   -5.2398757e+01   0.000000e+00   0.000000e+00      1s

Solved in 54 iterations and 0.96 seconds (2.01 work units)
Optimal objective -5.239875727e+01
----------------------------------------------------------------------------------------------------
modular characteristics:   1
quadratic characteristics: 3
simulations:               20
agents:                    255
objects:                   493
phi_hat:                   [0.34392993 0.33475537 0.25142282 0.19437477]
----------------------------------------------------------------------------------------------------
ObjVal:               -52.39875726933484
upper bound:          2.7332865055134437
min solution: 0.0 max solution: 62.40156264282523
----------------------------------------------------------------------------------------------------
parameters: [62.40156264  0.          0.          0.        ]
----------------------------------------------------------------------------------------------------
####################################################################################################
####################################################################################################
Pricing and Master init done. Time:  10:19:14
####################################################################################################
####################################################################################################
####################################################################################################
####################################################################################################
ITERATION:  0
TIME after pricing:  10:21:48
####################################################################################################
####################################################################################################
Warning for adding constraints: zero or small (< 1e-13) coefficients, ignored
Gurobi Optimizer version 12.0.0 build v12.0.0rc1 (linux64 - "Ubuntu 24.04.1 LTS")

CPU model: Intel(R) Xeon(R) Platinum 8268 CPU @ 2.90GHz, instruction set [SSE2|AVX|AVX2|AVX512]
Thread count: 48 physical cores, 48 logical processors, using up to 1 threads

Non-default parameters:
Method  0
TSPort  61954
Threads  1

Optimize a model with 10167 rows, 5597 columns and 2738328 nonzeros
Coefficient statistics:
  Matrix range     [4e-09, 1e+00]
  Objective range  [5e-02, 1e+00]
  Bounds range     [1e+09, 1e+09]
  RHS range        [3e-02, 2e+02]
LP warm-start: use basis

Iteration    Objective       Primal Inf.    Dual Inf.      Time
       0   -5.2398757e+01   2.086342e+05   1.729535e+11      0s
    6951   -1.8653853e+03   0.000000e+00   1.892437e+04      5s
    8231   -1.2223574e+03   0.000000e+00   2.013985e+04     10s
    9491   -8.9910420e+02   0.000000e+00   1.243958e+04     15s
   10721   -7.1007760e+02   0.000000e+00   9.273875e+04     20s
   11891   -6.0669263e+02   0.000000e+00   1.526278e+04     25s
   13151   -5.2047766e+02   0.000000e+00   2.567609e+04     30s
   14301   -4.6793214e+02   0.000000e+00   1.705006e+03     35s
   15491   -4.2999320e+02   0.000000e+00   8.855963e+02     40s
   16681   -4.0789318e+02   0.000000e+00   2.965177e+02     45s
   17495   -4.0106099e+02   0.000000e+00   0.000000e+00     49s

Solved in 17495 iterations and 48.74 seconds (54.97 work units)
Optimal objective -4.010609861e+02
--------------------------------------------------------
Max reduced cost  237.2441709741784
Max u_si_star      251.7152985761839
Max u_si_master    33.2409875382131
--------------------------------------------------------
Constraints added:     5067 out of 5070
Constraints removed:   0
--------------------------------------------------------
Parameters:  [28.17172899  0.          0.          0.        ]
--------------------------------------------------------
TIME after master:  10:22:42
####################################################################################################
####################################################################################################
ITERATION:  1
TIME after pricing:  10:25:18
####################################################################################################
####################################################################################################
Gurobi Optimizer version 12.0.0 build v12.0.0rc1 (linux64 - "Ubuntu 24.04.1 LTS")

CPU model: Intel(R) Xeon(R) Platinum 8268 CPU @ 2.90GHz, instruction set [SSE2|AVX|AVX2|AVX512]
Thread count: 48 physical cores, 48 logical processors, using up to 1 threads

Non-default parameters:
Method  0
TSPort  61954
Threads  1

Optimize a model with 15130 rows, 5597 columns and 2872898 nonzeros
Coefficient statistics:
  Matrix range     [4e-09, 1e+00]
  Objective range  [5e-02, 1e+00]
  Bounds range     [1e+09, 1e+09]
  RHS range        [3e-02, 2e+02]
LP warm-start: use basis

Iteration    Objective       Primal Inf.    Dual Inf.      Time
       0   -4.0106099e+02   1.338514e+05   1.984312e+11      0s
    7600   -2.0162918e+03   2.296036e+02   7.010867e+08      5s
    9670   -1.6492483e+03   1.103793e+02   4.099730e+08     10s
   10870   -1.4604617e+03   4.861155e+01   1.066050e+09     15s
   11930   -1.5100469e+03   9.804056e+00   6.000307e+09     20s
   13020   -1.4023036e+03   0.000000e+00   6.933403e+04     25s
   14090   -1.2112191e+03   0.000000e+00   1.672317e+04     30s
   15280   -1.0597917e+03   0.000000e+00   3.640758e+03     36s
   16330   -9.2608948e+02   0.000000e+00   1.232926e+04     40s
   17390   -8.2439602e+02   0.000000e+00   6.317778e+03     45s
   18450   -7.5594484e+02   0.000000e+00   3.237971e+04     50s
   19650   -6.9497730e+02   0.000000e+00   5.782941e+03     56s
   20760   -6.5131110e+02   0.000000e+00   2.837843e+03     60s
   21910   -6.1395692e+02   0.000000e+00   4.608202e+03     65s
   22930   -5.8730658e+02   0.000000e+00   1.280917e+04     70s
   24100   -5.6168065e+02   0.000000e+00   9.039989e+02     75s
   25240   -5.4379905e+02   0.000000e+00   6.049723e+02     80s
   26420   -5.2967724e+02   0.000000e+00   2.554588e+02     85s
   27440   -5.2533269e+02   0.000000e+00   1.994160e+01     90s
   27624   -5.2522760e+02   0.000000e+00   0.000000e+00     91s

Solved in 27624 iterations and 90.90 seconds (120.67 work units)
Optimal objective -5.252276024e+02
--------------------------------------------------------
Max reduced cost  168.86699736473344
Max u_si_star      168.86699736473344
Max u_si_master    10.218496166889077
--------------------------------------------------------
Constraints added:     4963 out of 4977
Constraints removed:   0
--------------------------------------------------------
Parameters:  [ 0.         53.50419428  0.          0.        ]
--------------------------------------------------------
TIME after master:  10:26:54
####################################################################################################
####################################################################################################
ITERATION:  2
TIME after pricing:  10:30:13
####################################################################################################
####################################################################################################
Gurobi Optimizer version 12.0.0 build v12.0.0rc1 (linux64 - "Ubuntu 24.04.1 LTS")

CPU model: Intel(R) Xeon(R) Platinum 8268 CPU @ 2.90GHz, instruction set [SSE2|AVX|AVX2|AVX512]
Thread count: 48 physical cores, 48 logical processors, using up to 1 threads

Non-default parameters:
Method  0
TSPort  61954
Threads  1

Optimize a model with 14941 rows, 5597 columns and 474519 nonzeros
Coefficient statistics:
  Matrix range     [4e-09, 1e+00]
  Objective range  [5e-02, 1e+00]
  Bounds range     [1e+09, 1e+09]
  RHS range        [7e-02, 2e+02]
LP warm-start: use basis

Iteration    Objective       Primal Inf.    Dual Inf.      Time
       0   -5.2522760e+02   1.254737e+05   3.853713e+11      0s
   11200   -1.8574288e+03   8.900683e+00   4.023376e+09      5s
   15520   -1.1093409e+03   0.000000e+00   6.801515e+04     10s
   19300   -8.6651405e+02   0.000000e+00   5.638678e+03     15s
   23160   -7.5153288e+02   0.000000e+00   1.938954e+03     20s
   27040   -6.8893263e+02   0.000000e+00   3.673192e+02     25s
   31050   -6.6715532e+02   0.000000e+00   3.128320e+01     30s
   31550   -6.6693488e+02   0.000000e+00   0.000000e+00     31s

Solved in 31550 iterations and 30.74 seconds (49.67 work units)
Optimal objective -6.669348768e+02
--------------------------------------------------------
Max reduced cost  161.6100218202762
Max u_si_star      161.6100218202762
Max u_si_master    30.73854227811385
--------------------------------------------------------
Constraints added:     4890 out of 4958
Constraints removed:   5079
--------------------------------------------------------
Parameters:  [ 0.         28.20845944  0.          0.        ]
--------------------------------------------------------
TIME after master:  10:30:49
####################################################################################################
####################################################################################################
ITERATION:  3
TIME after pricing:  10:34:06
####################################################################################################
####################################################################################################
Gurobi Optimizer version 12.0.0 build v12.0.0rc1 (linux64 - "Ubuntu 24.04.1 LTS")

CPU model: Intel(R) Xeon(R) Platinum 8268 CPU @ 2.90GHz, instruction set [SSE2|AVX|AVX2|AVX512]
Thread count: 48 physical cores, 48 logical processors, using up to 1 threads

Non-default parameters:
Method  0
TSPort  61954
Threads  1

Optimize a model with 15259 rows, 5597 columns and 389574 nonzeros
Coefficient statistics:
  Matrix range     [4e-09, 1e+00]
  Objective range  [5e-02, 1e+00]
  Bounds range     [1e+09, 1e+09]
  RHS range        [9e-02, 2e+02]
LP warm-start: use basis

Iteration    Objective       Primal Inf.    Dual Inf.      Time
       0   -6.6693488e+02   7.961610e+04   3.170170e+11      0s
   11446   -1.4341819e+03   3.819834e+01   1.477884e+10      5s
   16616   -1.0534348e+03   0.000000e+00   8.163950e+03     10s
   21296   -8.6242280e+02   0.000000e+00   2.640870e+04     15s
   26036   -7.9649306e+02   0.000000e+00   2.860334e+03     20s
   30176   -7.8404507e+02   0.000000e+00   0.000000e+00     25s

Solved in 30176 iterations and 24.51 seconds (38.96 work units)
Optimal objective -7.840450667e+02
--------------------------------------------------------
Max reduced cost  113.56321730313168
Max u_si_star      113.56321730313168
Max u_si_master    15.51309470093534
--------------------------------------------------------
Constraints added:     4742 out of 4866
Constraints removed:   4424
--------------------------------------------------------
Parameters:  [ 0.         71.82254255  0.          0.        ]
--------------------------------------------------------
TIME after master:  10:34:35
####################################################################################################
####################################################################################################
ITERATION:  4
TIME after pricing:  10:37:52
####################################################################################################
####################################################################################################
Gurobi Optimizer version 12.0.0 build v12.0.0rc1 (linux64 - "Ubuntu 24.04.1 LTS")

CPU model: Intel(R) Xeon(R) Platinum 8268 CPU @ 2.90GHz, instruction set [SSE2|AVX|AVX2|AVX512]
Thread count: 48 physical cores, 48 logical processors, using up to 1 threads

Non-default parameters:
Method  0
TSPort  61954
Threads  1

Optimize a model with 15490 rows, 5597 columns and 331763 nonzeros
Coefficient statistics:
  Matrix range     [4e-09, 1e+00]
  Objective range  [5e-02, 1e+00]
  Bounds range     [1e+09, 1e+09]
  RHS range        [2e-01, 2e+02]
LP warm-start: use basis

Iteration    Objective       Primal Inf.    Dual Inf.      Time
       0   -7.8404507e+02   6.889824e+04   2.081312e+11      0s
   11587   -1.5153595e+03   8.650700e+00   4.680604e+09      5s
   16827   -1.0972152e+03   0.000000e+00   1.649734e+04     10s
   21487   -9.6847626e+02   0.000000e+00   5.779822e+03     15s
   26287   -9.1459610e+02   0.000000e+00   2.771320e+03     20s
   31097   -8.9895901e+02   0.000000e+00   9.069819e+00     25s
   31533   -8.9887634e+02   0.000000e+00   0.000000e+00     26s

Solved in 31533 iterations and 25.53 seconds (40.54 work units)
Optimal objective -8.988763446e+02
--------------------------------------------------------
Max reduced cost  108.74942107160916
Max u_si_star      108.74942107160916
Max u_si_master    18.97130037101283
--------------------------------------------------------
Constraints added:     4692 out of 4826
Constraints removed:   4461
--------------------------------------------------------
Parameters:  [60.78721376  0.          0.          0.        ]
--------------------------------------------------------
TIME after master:  10:38:23
####################################################################################################
####################################################################################################
ITERATION:  5
TIME after pricing:  10:41:04
####################################################################################################
####################################################################################################
Gurobi Optimizer version 12.0.0 build v12.0.0rc1 (linux64 - "Ubuntu 24.04.1 LTS")

CPU model: Intel(R) Xeon(R) Platinum 8268 CPU @ 2.90GHz, instruction set [SSE2|AVX|AVX2|AVX512]
Thread count: 48 physical cores, 48 logical processors, using up to 1 threads

Non-default parameters:
Method  0
TSPort  61954
Threads  1

Optimize a model with 15615 rows, 5597 columns and 273605 nonzeros
Coefficient statistics:
  Matrix range     [4e-09, 1e+00]
  Objective range  [5e-02, 1e+00]
  Bounds range     [1e+09, 1e+09]
  RHS range        [2e-01, 2e+02]
LP warm-start: use basis

Iteration    Objective       Primal Inf.    Dual Inf.      Time
       0   -8.9887634e+02   4.665705e+04   1.076556e+12      0s
   12005   -1.4972456e+03   3.000800e+00   7.500139e+08      5s
   17715   -1.0952527e+03   0.000000e+00   1.490200e+04     10s
   23105   -1.0093810e+03   0.000000e+00   2.620193e+03     15s
   28505   -9.8274267e+02   0.000000e+00   5.766953e+02     20s
   30900   -9.8032450e+02   0.000000e+00   0.000000e+00     22s

Solved in 30900 iterations and 22.42 seconds (35.07 work units)
Optimal objective -9.803244960e+02
--------------------------------------------------------
Max reduced cost  80.76302695913957
Max u_si_star      83.2400381014787
Max u_si_master    13.36976983378201
--------------------------------------------------------
Constraints added:     4661 out of 4752
Constraints removed:   4536
--------------------------------------------------------
Parameters:  [  0.         186.73000468   0.           0.        ]
--------------------------------------------------------
TIME after master:  10:41:31
####################################################################################################
####################################################################################################
ITERATION:  6
TIME after pricing:  10:44:54
####################################################################################################
####################################################################################################
Gurobi Optimizer version 12.0.0 build v12.0.0rc1 (linux64 - "Ubuntu 24.04.1 LTS")

CPU model: Intel(R) Xeon(R) Platinum 8268 CPU @ 2.90GHz, instruction set [SSE2|AVX|AVX2|AVX512]
Thread count: 48 physical cores, 48 logical processors, using up to 1 threads

Non-default parameters:
Method  0
TSPort  61954
Threads  1

Optimize a model with 15847 rows, 5597 columns and 244902 nonzeros
Coefficient statistics:
  Matrix range     [4e-09, 1e+00]
  Objective range  [5e-02, 1e+00]
  Bounds range     [1e+09, 1e+09]
  RHS range        [2e-01, 2e+02]
LP warm-start: use basis

Iteration    Objective       Primal Inf.    Dual Inf.      Time
       0   -9.8032450e+02   3.832124e+04   1.416447e+11      0s
   11403   -1.3515957e+03   0.000000e+00   6.820062e+05      5s
   17336   -1.1089539e+03   0.000000e+00   7.858217e+03     10s
   23083   -1.0608784e+03   0.000000e+00   5.908099e+03     15s
   28309   -1.0528411e+03   0.000000e+00   0.000000e+00     20s

Solved in 28309 iterations and 19.78 seconds (30.95 work units)
Optimal objective -1.052841062e+03
--------------------------------------------------------
Max reduced cost  75.67707926889963
Max u_si_star      83.59222460635306
Max u_si_master    15.480895053384797
--------------------------------------------------------
Constraints added:     4538 out of 4626
Constraints removed:   4306
--------------------------------------------------------
Parameters:  [  0.         254.31203506   0.           0.        ]
--------------------------------------------------------
TIME after master:  10:45:19
####################################################################################################
####################################################################################################
ITERATION:  7
TIME after pricing:  10:48:36
####################################################################################################
####################################################################################################
Gurobi Optimizer version 12.0.0 build v12.0.0rc1 (linux64 - "Ubuntu 24.04.1 LTS")

CPU model: Intel(R) Xeon(R) Platinum 8268 CPU @ 2.90GHz, instruction set [SSE2|AVX|AVX2|AVX512]
Thread count: 48 physical cores, 48 logical processors, using up to 1 threads

Non-default parameters:
Method  0
TSPort  61954
Threads  1

Optimize a model with 15721 rows, 5597 columns and 213756 nonzeros
Coefficient statistics:
  Matrix range     [4e-09, 1e+00]
  Objective range  [5e-02, 1e+00]
  Bounds range     [1e+09, 1e+09]
  RHS range        [2e-01, 1e+02]
LP warm-start: use basis

Iteration    Objective       Primal Inf.    Dual Inf.      Time
       0   -1.0528411e+03   2.363027e+04   3.418693e+11      0s
   11624   -1.3683582e+03   0.000000e+00   7.553151e+03      5s
   17778   -1.1574530e+03   0.000000e+00   3.850483e+04     10s
   23735   -1.1200150e+03   0.000000e+00   4.623873e+02     15s
   27717   -1.1161927e+03   0.000000e+00   0.000000e+00     19s

Solved in 27717 iterations and 18.68 seconds (28.97 work units)
Optimal objective -1.116192662e+03
--------------------------------------------------------
Max reduced cost  56.54751171124786
Max u_si_star      63.600435204301206
Max u_si_master    23.29202218904772
--------------------------------------------------------
Constraints added:     4295 out of 4390
Constraints removed:   4421
--------------------------------------------------------
Parameters:  [ 15.77602315 306.5970045    0.           0.        ]
--------------------------------------------------------
TIME after master:  10:49:00
####################################################################################################
####################################################################################################
ITERATION:  8
TIME after pricing:  10:52:23
####################################################################################################
####################################################################################################
Gurobi Optimizer version 12.0.0 build v12.0.0rc1 (linux64 - "Ubuntu 24.04.1 LTS")

CPU model: Intel(R) Xeon(R) Platinum 8268 CPU @ 2.90GHz, instruction set [SSE2|AVX|AVX2|AVX512]
Thread count: 48 physical cores, 48 logical processors, using up to 1 threads

Non-default parameters:
Method  0
TSPort  61954
Threads  1

Optimize a model with 15224 rows, 5597 columns and 188495 nonzeros
Coefficient statistics:
  Matrix range     [4e-09, 1e+00]
  Objective range  [5e-02, 1e+00]
  Bounds range     [1e+09, 1e+09]
  RHS range        [8e-01, 1e+02]
LP warm-start: use basis

Iteration    Objective       Primal Inf.    Dual Inf.      Time
       0   -1.1161927e+03   1.702159e+04   2.894433e+11      0s
   12394   -1.2613570e+03   0.000000e+00   7.354706e+03      5s
   18966   -1.1751312e+03   0.000000e+00   5.352423e+03     10s
   25087   -1.1656601e+03   0.000000e+00   2.781592e+00     15s
   25200   -1.1656582e+03   0.000000e+00   0.000000e+00     15s

Solved in 25200 iterations and 15.19 seconds (23.81 work units)
Optimal objective -1.165658185e+03
--------------------------------------------------------
Max reduced cost  45.026755366888054
Max u_si_star      54.5202459592945
Max u_si_master    19.177364137675863
--------------------------------------------------------
Constraints added:     4089 out of 4223
Constraints removed:   4586
--------------------------------------------------------
Parameters:  [ 36.24152134 448.24718966   0.           0.        ]
--------------------------------------------------------
TIME after master:  10:52:42
####################################################################################################
####################################################################################################
ITERATION:  9
TIME after pricing:  10:56:33
####################################################################################################
####################################################################################################
Gurobi Optimizer version 12.0.0 build v12.0.0rc1 (linux64 - "Ubuntu 24.04.1 LTS")

CPU model: Intel(R) Xeon(R) Platinum 8268 CPU @ 2.90GHz, instruction set [SSE2|AVX|AVX2|AVX512]
Thread count: 48 physical cores, 48 logical processors, using up to 1 threads

Non-default parameters:
Method  0
TSPort  61954
Threads  1

Optimize a model with 14616 rows, 5597 columns and 165378 nonzeros
Coefficient statistics:
  Matrix range     [4e-09, 1e+00]
  Objective range  [5e-02, 1e+00]
  Bounds range     [1e+09, 1e+09]
  RHS range        [8e-01, 9e+01]
LP warm-start: use basis

Iteration    Objective       Primal Inf.    Dual Inf.      Time
       0   -1.1656582e+03   9.919418e+03   1.349688e+12      0s
   12075   -1.2314087e+03   0.000000e+00   1.213323e+04      5s
   18855   -1.2005105e+03   0.000000e+00   2.346010e+03     10s
   22223   -1.1986463e+03   0.000000e+00   0.000000e+00     13s

Solved in 22223 iterations and 12.55 seconds (19.57 work units)
Optimal objective -1.198646332e+03
--------------------------------------------------------
Max reduced cost  35.714367559713686
Max u_si_star      46.3920404178542
Max u_si_master    19.178515191064328
--------------------------------------------------------
Constraints added:     3858 out of 4075
Constraints removed:   4466
--------------------------------------------------------
Parameters:  [ 66.95521511 508.82896847   0.           0.        ]
--------------------------------------------------------
TIME after master:  10:56:49
####################################################################################################
####################################################################################################
ITERATION:  10
TIME after pricing:  11:06:47
####################################################################################################
####################################################################################################
Gurobi Optimizer version 12.0.0 build v12.0.0rc1 (linux64 - "Ubuntu 24.04.1 LTS")

CPU model: Intel(R) Xeon(R) Platinum 8268 CPU @ 2.90GHz, instruction set [SSE2|AVX|AVX2|AVX512]
Thread count: 48 physical cores, 48 logical processors, using up to 1 threads

Non-default parameters:
Method  0
TSPort  61954
Threads  1

Optimize a model with 14079 rows, 5597 columns and 147832 nonzeros
Coefficient statistics:
  Matrix range     [4e-09, 1e+00]
  Objective range  [5e-02, 1e+00]
  Bounds range     [1e+09, 1e+09]
  RHS range        [1e+00, 8e+01]
LP warm-start: use basis

Iteration    Objective       Primal Inf.    Dual Inf.      Time
       0   -1.1986463e+03   4.029749e+03   1.198233e+11      0s
   13303   -1.2701612e+03   0.000000e+00   5.355106e+03      5s
   19445   -1.2592672e+03   0.000000e+00   0.000000e+00      9s

Solved in 19445 iterations and 9.20 seconds (13.78 work units)
Optimal objective -1.259267167e+03
--------------------------------------------------------
Max reduced cost  24.666399353073672
Max u_si_star      38.59035006626382
Max u_si_master    20.292951568082728
--------------------------------------------------------
Constraints added:     3404 out of 3698
Constraints removed:   3941
--------------------------------------------------------
Parameters:  [ 88.37949132 408.59532019   0.           0.        ]
--------------------------------------------------------
TIME after master:  11:07:00
####################################################################################################
####################################################################################################
ITERATION:  11
TIME after pricing:  11:10:18
####################################################################################################
####################################################################################################
Gurobi Optimizer version 12.0.0 build v12.0.0rc1 (linux64 - "Ubuntu 24.04.1 LTS")

CPU model: Intel(R) Xeon(R) Platinum 8268 CPU @ 2.90GHz, instruction set [SSE2|AVX|AVX2|AVX512]
Thread count: 48 physical cores, 48 logical processors, using up to 1 threads

Non-default parameters:
Method  0
TSPort  61954
Threads  1

Optimize a model with 13144 rows, 5597 columns and 123817 nonzeros
Coefficient statistics:
  Matrix range     [5e-09, 1e+00]
  Objective range  [5e-02, 1e+00]
  Bounds range     [1e+09, 1e+09]
  RHS range        [1e+00, 8e+01]
LP warm-start: use basis

Iteration    Objective       Primal Inf.    Dual Inf.      Time
       0   -1.2592672e+03   2.108601e+03   8.858005e+10      0s
   13271   -1.2862520e+03   0.000000e+00   1.506804e+01      5s
   13866   -1.2861630e+03   0.000000e+00   0.000000e+00      5s

Solved in 13866 iterations and 5.41 seconds (7.75 work units)
Optimal objective -1.286163009e+03
--------------------------------------------------------
Max reduced cost  16.235425716070353
Max u_si_star      25.447634209836274
Max u_si_master    14.716719692660858
--------------------------------------------------------
Constraints added:     2964 out of 3253
Constraints removed:   3899
--------------------------------------------------------
Parameters:  [ 91.27976205 462.79547445   0.           0.        ]
--------------------------------------------------------
TIME after master:  11:10:26
####################################################################################################
####################################################################################################
ITERATION:  12
TIME after pricing:  11:13:44
####################################################################################################
####################################################################################################
Gurobi Optimizer version 12.0.0 build v12.0.0rc1 (linux64 - "Ubuntu 24.04.1 LTS")

CPU model: Intel(R) Xeon(R) Platinum 8268 CPU @ 2.90GHz, instruction set [SSE2|AVX|AVX2|AVX512]
Thread count: 48 physical cores, 48 logical processors, using up to 1 threads

Non-default parameters:
Method  0
TSPort  61954
Threads  1

Optimize a model with 11416 rows, 5597 columns and 95663 nonzeros
Coefficient statistics:
  Matrix range     [5e-09, 1e+00]
  Objective range  [5e-02, 1e+00]
  Bounds range     [1e+09, 1e+09]
  RHS range        [1e+00, 8e+01]
LP warm-start: use basis

Iteration    Objective       Primal Inf.    Dual Inf.      Time
       0   -1.2861630e+03   9.737392e+02   1.690963e+11      0s
    6427   -1.3005236e+03   0.000000e+00   0.000000e+00      2s

Solved in 6427 iterations and 1.54 seconds (2.02 work units)
Optimal objective -1.300523588e+03
--------------------------------------------------------
Max reduced cost  10.1088945248282
Max u_si_star      20.539205790254723
Max u_si_master    14.835560486000482
--------------------------------------------------------
Constraints added:     2091 out of 2543
Constraints removed:   3819
--------------------------------------------------------
Parameters:  [ 88.31853339 459.175911     0.           0.        ]
--------------------------------------------------------
TIME after master:  11:13:47
####################################################################################################
####################################################################################################
ITERATION:  13
TIME after pricing:  11:17:04
####################################################################################################
####################################################################################################
Gurobi Optimizer version 12.0.0 build v12.0.0rc1 (linux64 - "Ubuntu 24.04.1 LTS")

CPU model: Intel(R) Xeon(R) Platinum 8268 CPU @ 2.90GHz, instruction set [SSE2|AVX|AVX2|AVX512]
Thread count: 48 physical cores, 48 logical processors, using up to 1 threads

Non-default parameters:
Method  0
TSPort  61954
Threads  1

Optimize a model with 9900 rows, 5597 columns and 77052 nonzeros
Coefficient statistics:
  Matrix range     [5e-09, 1e+00]
  Objective range  [5e-02, 1e+00]
  Bounds range     [1e+09, 1e+09]
  RHS range        [1e+00, 8e+01]
LP warm-start: use basis

Iteration    Objective       Primal Inf.    Dual Inf.      Time
       0   -1.3005236e+03   3.452993e+02   8.205894e+09      0s
    4798   -1.3080131e+03   0.000000e+00   0.000000e+00      1s

Solved in 4798 iterations and 1.05 seconds (1.36 work units)
Optimal objective -1.308013088e+03
--------------------------------------------------------
Max reduced cost  7.0881641657025085
Max u_si_star      17.476529083622324
Max u_si_master    15.024474348237904
--------------------------------------------------------
Constraints added:     1299 out of 2005
Constraints removed:   2815
--------------------------------------------------------
Parameters:  [ 67.45959616 536.89889917   0.           0.        ]
--------------------------------------------------------
TIME after master:  11:17:06
####################################################################################################
####################################################################################################
ITERATION:  14
TIME after pricing:  11:20:29
####################################################################################################
####################################################################################################
Gurobi Optimizer version 12.0.0 build v12.0.0rc1 (linux64 - "Ubuntu 24.04.1 LTS")

CPU model: Intel(R) Xeon(R) Platinum 8268 CPU @ 2.90GHz, instruction set [SSE2|AVX|AVX2|AVX512]
Thread count: 48 physical cores, 48 logical processors, using up to 1 threads

Non-default parameters:
Method  0
TSPort  61954
Threads  1

Optimize a model with 8104 rows, 5597 columns and 60465 nonzeros
Coefficient statistics:
  Matrix range     [8e-09, 1e+00]
  Objective range  [5e-02, 1e+00]
  Bounds range     [1e+09, 1e+09]
  RHS range        [1e+00, 8e+01]
LP warm-start: use basis

Iteration    Objective       Primal Inf.    Dual Inf.      Time
       0   -1.3080131e+03   1.399650e+02   4.830975e+09      0s
    2658   -1.3106264e+03   0.000000e+00   0.000000e+00      0s

Solved in 2658 iterations and 0.42 seconds (0.54 work units)
Optimal objective -1.310626383e+03
--------------------------------------------------------
Max reduced cost  4.145139761795647
Max u_si_star      16.998949860538772
Max u_si_master    14.423124169417267
--------------------------------------------------------
Constraints added:     676 out of 1600
Constraints removed:   2472
--------------------------------------------------------
Parameters:  [ 63.19044204 519.2031937    0.           0.        ]
--------------------------------------------------------
TIME after master:  11:20:30
####################################################################################################
####################################################################################################
ITERATION:  15
TIME after pricing:  11:23:57
####################################################################################################
####################################################################################################
Gurobi Optimizer version 12.0.0 build v12.0.0rc1 (linux64 - "Ubuntu 24.04.1 LTS")

CPU model: Intel(R) Xeon(R) Platinum 8268 CPU @ 2.90GHz, instruction set [SSE2|AVX|AVX2|AVX512]
Thread count: 48 physical cores, 48 logical processors, using up to 1 threads

Non-default parameters:
Method  0
TSPort  61954
Threads  1

Optimize a model with 6764 rows, 5597 columns and 49333 nonzeros
Coefficient statistics:
  Matrix range     [6e-09, 1e+00]
  Objective range  [5e-02, 1e+00]
  Bounds range     [1e+09, 1e+09]
  RHS range        [2e+00, 8e+01]
LP warm-start: use basis

Iteration    Objective       Primal Inf.    Dual Inf.      Time
       0   -1.3106264e+03   6.617120e+01   2.412036e+09      0s
    1384   -1.3115432e+03   0.000000e+00   0.000000e+00      0s

Solved in 1384 iterations and 0.18 seconds (0.22 work units)
Optimal objective -1.311543249e+03
--------------------------------------------------------
Max reduced cost  3.5871137904650205
Max u_si_star      14.659708781805065
Max u_si_master    13.503152581164226
--------------------------------------------------------
Constraints added:     385 out of 1409
Constraints removed:   1725
--------------------------------------------------------
Parameters:  [ 61.34953298 515.14117607   0.           0.        ]
--------------------------------------------------------
TIME after master:  11:23:58
####################################################################################################
####################################################################################################
ITERATION:  16
TIME after pricing:  11:27:21
####################################################################################################
####################################################################################################
Gurobi Optimizer version 12.0.0 build v12.0.0rc1 (linux64 - "Ubuntu 24.04.1 LTS")

CPU model: Intel(R) Xeon(R) Platinum 8268 CPU @ 2.90GHz, instruction set [SSE2|AVX|AVX2|AVX512]
Thread count: 48 physical cores, 48 logical processors, using up to 1 threads

Non-default parameters:
Method  0
TSPort  61954
Threads  1

Optimize a model with 5760 rows, 5597 columns and 41159 nonzeros
Coefficient statistics:
  Matrix range     [6e-09, 1e+00]
  Objective range  [5e-02, 1e+00]
  Bounds range     [1e+09, 1e+09]
  RHS range        [2e+00, 8e+01]
LP warm-start: use basis

Iteration    Objective       Primal Inf.    Dual Inf.      Time
       0   -1.3115432e+03   2.514118e+01   1.890760e+09      0s
     661   -1.3119141e+03   0.000000e+00   0.000000e+00      0s

Solved in 661 iterations and 0.08 seconds (0.09 work units)
Optimal objective -1.311914129e+03
--------------------------------------------------------
Max reduced cost  1.5924064861135978
Max u_si_star      13.445159767567858
Max u_si_master    13.107719238672525
--------------------------------------------------------
Constraints added:     183 out of 1280
Constraints removed:   1187
--------------------------------------------------------
Parameters:  [ 66.27563996 517.2538923    0.           0.        ]
--------------------------------------------------------
TIME after master:  11:27:21
####################################################################################################
####################################################################################################
ITERATION:  17
TIME after pricing:  11:30:38
####################################################################################################
####################################################################################################
Gurobi Optimizer version 12.0.0 build v12.0.0rc1 (linux64 - "Ubuntu 24.04.1 LTS")

CPU model: Intel(R) Xeon(R) Platinum 8268 CPU @ 2.90GHz, instruction set [SSE2|AVX|AVX2|AVX512]
Thread count: 48 physical cores, 48 logical processors, using up to 1 threads

Non-default parameters:
Method  0
TSPort  61954
Threads  1

Optimize a model with 5196 rows, 5597 columns and 36300 nonzeros
Coefficient statistics:
  Matrix range     [6e-09, 1e+00]
  Objective range  [5e-02, 1e+00]
  Bounds range     [1e+09, 1e+09]
  RHS range        [2e+00, 7e+01]
LP warm-start: use basis

Iteration    Objective       Primal Inf.    Dual Inf.      Time
       0   -1.3119141e+03   9.868244e+00   1.088914e+09      0s
     452   -1.3120409e+03   0.000000e+00   0.000000e+00      0s

Solved in 452 iterations and 0.05 seconds (0.06 work units)
Optimal objective -1.312040880e+03
--------------------------------------------------------
Max reduced cost  0.978480795689272
Max u_si_star      14.80996717030304
Max u_si_master    14.809967170303302
--------------------------------------------------------
Constraints added:     116 out of 1274
Constraints removed:   680
--------------------------------------------------------
Parameters:  [ 63.52089251 515.1331343    0.           0.        ]
--------------------------------------------------------
TIME after master:  11:30:38
####################################################################################################
####################################################################################################
ITERATION:  18
TIME after pricing:  11:34:00
####################################################################################################
####################################################################################################
Gurobi Optimizer version 12.0.0 build v12.0.0rc1 (linux64 - "Ubuntu 24.04.1 LTS")

CPU model: Intel(R) Xeon(R) Platinum 8268 CPU @ 2.90GHz, instruction set [SSE2|AVX|AVX2|AVX512]
Thread count: 48 physical cores, 48 logical processors, using up to 1 threads

Non-default parameters:
Method  0
TSPort  61954
Threads  1

Optimize a model with 5112 rows, 5597 columns and 35466 nonzeros
Coefficient statistics:
  Matrix range     [6e-09, 1e+00]
  Objective range  [5e-02, 1e+00]
  Bounds range     [1e+09, 1e+09]
  RHS range        [2e+00, 7e+01]
LP warm-start: use basis

Iteration    Objective       Primal Inf.    Dual Inf.      Time
       0   -1.3120409e+03   5.663706e+01   8.554330e+09      0s
     440   -1.3120996e+03   0.000000e+00   0.000000e+00      0s

Solved in 440 iterations and 0.05 seconds (0.05 work units)
Optimal objective -1.312099591e+03
--------------------------------------------------------
Max reduced cost  1.0071017630569195
Max u_si_star      14.783037489676033
Max u_si_master    14.34222557169139
--------------------------------------------------------
Constraints added:     298 out of 1362
Constraints removed:   382
--------------------------------------------------------
Parameters:  [ 65.59285145 519.45677773   0.           0.        ]
--------------------------------------------------------
TIME after master:  11:34:01
####################################################################################################
####################################################################################################
ITERATION:  19
TIME after pricing:  11:37:23
####################################################################################################
####################################################################################################
Gurobi Optimizer version 12.0.0 build v12.0.0rc1 (linux64 - "Ubuntu 24.04.1 LTS")

CPU model: Intel(R) Xeon(R) Platinum 8268 CPU @ 2.90GHz, instruction set [SSE2|AVX|AVX2|AVX512]
Thread count: 48 physical cores, 48 logical processors, using up to 1 threads

Non-default parameters:
Method  0
TSPort  61954
Threads  1

Optimize a model with 5113 rows, 5597 columns and 35270 nonzeros
Coefficient statistics:
  Matrix range     [6e-09, 1e+00]
  Objective range  [5e-02, 1e+00]
  Bounds range     [1e+09, 1e+09]
  RHS range        [2e+00, 7e+01]
LP warm-start: use basis

Iteration    Objective       Primal Inf.    Dual Inf.      Time
       0   -1.3120996e+03   2.873797e+01   7.591919e+09      0s
     251   -1.3121191e+03   0.000000e+00   0.000000e+00      0s

Solved in 251 iterations and 0.03 seconds (0.03 work units)
Optimal objective -1.312119060e+03
--------------------------------------------------------
Max reduced cost  0.6945816659044526
Max u_si_star      14.87055773325487
Max u_si_master    14.870557733254621
--------------------------------------------------------
Constraints added:     180 out of 1275
Constraints removed:   179
--------------------------------------------------------
Parameters:  [ 64.82330799 517.74266221   0.           0.        ]
--------------------------------------------------------
TIME after master:  11:37:24
####################################################################################################
####################################################################################################
ITERATION:  20
TIME after pricing:  11:40:47
####################################################################################################
####################################################################################################
Gurobi Optimizer version 12.0.0 build v12.0.0rc1 (linux64 - "Ubuntu 24.04.1 LTS")

CPU model: Intel(R) Xeon(R) Platinum 8268 CPU @ 2.90GHz, instruction set [SSE2|AVX|AVX2|AVX512]
Thread count: 48 physical cores, 48 logical processors, using up to 1 threads

Non-default parameters:
Method  0
TSPort  61954
Threads  1

Optimize a model with 5347 rows, 5597 columns and 36825 nonzeros
Coefficient statistics:
  Matrix range     [8e-09, 1e+00]
  Objective range  [5e-02, 1e+00]
  Bounds range     [1e+09, 1e+09]
  RHS range        [2e+00, 7e+01]
LP warm-start: use basis

Iteration    Objective       Primal Inf.    Dual Inf.      Time
       0   -1.3121191e+03   8.440042e+01   1.890980e+10      0s
     331   -1.3121195e+03   0.000000e+00   0.000000e+00      0s

Solved in 331 iterations and 0.05 seconds (0.05 work units)
Optimal objective -1.312119508e+03
--------------------------------------------------------
Max reduced cost  0.9214919100692631
Max u_si_star      14.588569179926623
Max u_si_master    14.588569179926756
--------------------------------------------------------
Constraints added:     353 out of 1390
Constraints removed:   119
--------------------------------------------------------
Parameters:  [ 64.71087341 517.40313246   0.           0.        ]
--------------------------------------------------------
TIME after master:  11:40:47
####################################################################################################
####################################################################################################
ITERATION:  21
TIME after pricing:  11:44:07
####################################################################################################
####################################################################################################
Gurobi Optimizer version 12.0.0 build v12.0.0rc1 (linux64 - "Ubuntu 24.04.1 LTS")

CPU model: Intel(R) Xeon(R) Platinum 8268 CPU @ 2.90GHz, instruction set [SSE2|AVX|AVX2|AVX512]
Thread count: 48 physical cores, 48 logical processors, using up to 1 threads

Non-default parameters:
Method  0
TSPort  61954
Threads  1

Optimize a model with 5453 rows, 5597 columns and 37817 nonzeros
Coefficient statistics:
  Matrix range     [8e-09, 1e+00]
  Objective range  [5e-02, 1e+00]
  Bounds range     [1e+09, 1e+09]
  RHS range        [2e+00, 7e+01]
LP warm-start: use basis

Iteration    Objective       Primal Inf.    Dual Inf.      Time
       0   -1.3121195e+03   9.584233e+01   1.814908e+10      0s
     278   -1.3121480e+03   0.000000e+00   0.000000e+00      0s

Solved in 278 iterations and 0.04 seconds (0.05 work units)
Optimal objective -1.312147953e+03
--------------------------------------------------------
Max reduced cost  1.2337730352185314
Max u_si_star      15.613516626892633
Max u_si_master    14.379743591674101
--------------------------------------------------------
Constraints added:     396 out of 1438
Constraints removed:   290
--------------------------------------------------------
Parameters:  [ 65.62815006 519.90351588   0.           0.        ]
--------------------------------------------------------
TIME after master:  11:44:08
####################################################################################################
####################################################################################################
ITERATION:  22
TIME after pricing:  11:47:27
####################################################################################################
####################################################################################################
Gurobi Optimizer version 12.0.0 build v12.0.0rc1 (linux64 - "Ubuntu 24.04.1 LTS")

CPU model: Intel(R) Xeon(R) Platinum 8268 CPU @ 2.90GHz, instruction set [SSE2|AVX|AVX2|AVX512]
Thread count: 48 physical cores, 48 logical processors, using up to 1 threads

Non-default parameters:
Method  0
TSPort  61954
Threads  1

Optimize a model with 5407 rows, 5597 columns and 37448 nonzeros
Coefficient statistics:
  Matrix range     [8e-09, 1e+00]
  Objective range  [5e-02, 1e+00]
  Bounds range     [1e+09, 1e+09]
  RHS range        [2e+00, 7e+01]
LP warm-start: use basis

Iteration    Objective       Primal Inf.    Dual Inf.      Time
       0   -1.3121480e+03   9.791725e+00   2.964759e+09      0s
     156   -1.3121524e+03   0.000000e+00   0.000000e+00      0s

Solved in 156 iterations and 0.02 seconds (0.02 work units)
Optimal objective -1.312152379e+03
--------------------------------------------------------
Max reduced cost  0.33520866200900157
Max u_si_star      14.854935964626236
Max u_si_master    14.783336279641585
--------------------------------------------------------
Constraints added:     123 out of 1221
Constraints removed:   169
--------------------------------------------------------
Parameters:  [ 65.62815006 519.90351588   0.           0.        ]
--------------------------------------------------------
TIME after master:  11:47:27
####################################################################################################
####################################################################################################
ITERATION:  23
TIME after pricing:  11:50:50
####################################################################################################
####################################################################################################
Gurobi Optimizer version 12.0.0 build v12.0.0rc1 (linux64 - "Ubuntu 24.04.1 LTS")

CPU model: Intel(R) Xeon(R) Platinum 8268 CPU @ 2.90GHz, instruction set [SSE2|AVX|AVX2|AVX512]
Thread count: 48 physical cores, 48 logical processors, using up to 1 threads

Non-default parameters:
Method  0
TSPort  61954
Threads  1

Optimize a model with 5077 rows, 5597 columns and 34626 nonzeros
Coefficient statistics:
  Matrix range     [8e-09, 1e+00]
  Objective range  [5e-02, 1e+00]
  Bounds range     [1e+09, 1e+09]
  RHS range        [2e+00, 7e+01]
LP warm-start: use basis

Iteration    Objective       Primal Inf.    Dual Inf.      Time
       0   -1.3121524e+03   9.876244e-01   1.303115e+09      0s
      87   -1.3121549e+03   0.000000e+00   0.000000e+00      0s

Solved in 87 iterations and 0.02 seconds (0.01 work units)
Optimal objective -1.312154949e+03
--------------------------------------------------------
Max reduced cost  0.10566129218846787
Max u_si_star      14.809280192939184
Max u_si_master    14.797762360690017
--------------------------------------------------------
Constraints added:     30 out of 1175
Constraints removed:   360
--------------------------------------------------------
Parameters:  [ 65.62815006 519.90351588   0.           0.        ]
--------------------------------------------------------
TIME after master:  11:50:50
####################################################################################################
####################################################################################################
ITERATION:  24
TIME after pricing:  11:54:14
####################################################################################################
####################################################################################################
Gurobi Optimizer version 12.0.0 build v12.0.0rc1 (linux64 - "Ubuntu 24.04.1 LTS")

CPU model: Intel(R) Xeon(R) Platinum 8268 CPU @ 2.90GHz, instruction set [SSE2|AVX|AVX2|AVX512]
Thread count: 48 physical cores, 48 logical processors, using up to 1 threads

Non-default parameters:
Method  0
TSPort  61954
Threads  1

Optimize a model with 4697 rows, 5597 columns and 31081 nonzeros
Coefficient statistics:
  Matrix range     [8e-09, 1e+00]
  Objective range  [5e-02, 1e+00]
  Bounds range     [1e+09, 1e+09]
  RHS range        [2e+00, 7e+01]
LP warm-start: use basis

Iteration    Objective       Primal Inf.    Dual Inf.      Time
       0   -1.3121549e+03   5.898674e-01   6.087178e+08      0s
      28   -1.3121549e+03   0.000000e+00   0.000000e+00      0s

Solved in 28 iterations and 0.01 seconds (0.00 work units)
Optimal objective -1.312154949e+03
--------------------------------------------------------
Max reduced cost  0.11299292143660772
Max u_si_star      14.943207046575282
Max u_si_master    14.943207046575498
--------------------------------------------------------
Constraints added:     23 out of 1148
Constraints removed:   403
--------------------------------------------------------
Parameters:  [ 65.62815006 519.90351588   0.           0.        ]
--------------------------------------------------------
TIME after master:  11:54:14
####################################################################################################
####################################################################################################
ITERATION:  25
TIME after pricing:  11:57:38
####################################################################################################
####################################################################################################
####################################################################################################
####################################################################################################
SOLUTION FOUND: [ 65.62815006 519.90351588   0.           0.        ]
####################################################################################################
####################################################################################################
